Requirement already satisfied: imageio in /home/users/dylan24/.local/lib/python3.9/site-packages (2.31.1)
Requirement already satisfied: numpy in /share/software/user/open/py-numpy/1.24.2_py39/lib/python3.9/site-packages (from imageio) (1.24.2)
Requirement already satisfied: pillow>=8.3.2 in /share/software/user/open/py-matplotlib/3.7.1_py39/lib/python3.9/site-packages (from imageio) (9.5.0)
L = 16, g=0.10, Delta_1 = 1.50, Delta_2=0.00 Started
Sector dimension: 715
L = 16, g=0.10, Delta_1 = 1.50, Delta_2=0.00 Time taken to get z's: 2.7631
L = 16, g=0.10, Delta_1 = 1.50, Delta_2=1.50 Started
Sector dimension: 715
L = 16, g=0.10, Delta_1 = 1.50, Delta_2=1.50 Time taken to get z's: 2.8417
L = 16, g=0.00, Delta_1 = 1.50, Delta_2=0.00 Started
Sector dimension: 715
L = 16, g=0.00, Delta_1 = 1.50, Delta_2=0.00 Time taken to get z's: 2.8585
L = 16, g=0.00, Delta_1 = 1.50, Delta_2=1.50 Started
Sector dimension: 715
L = 16, g=0.00, Delta_1 = 1.50, Delta_2=1.50 Time taken to get z's: 2.9931
L = 16, g=0.20, Delta_1 = 1.50, Delta_2=0.00 Started
Sector dimension: 715
L = 16, g=0.20, Delta_1 = 1.50, Delta_2=0.00 Time taken to get z's: 2.9700
L = 16, g=0.20, Delta_1 = 1.50, Delta_2=1.50 Started
Sector dimension: 715
L = 16, g=0.20, Delta_1 = 1.50, Delta_2=1.50 Time taken to get z's: 3.1508
L = 18, g=0.10, Delta_1 = 1.50, Delta_2=0.00 Started
Sector dimension: 2424
L = 18, g=0.10, Delta_1 = 1.50, Delta_2=0.00 Time taken to get z's: 24.2736
L = 18, g=0.10, Delta_1 = 1.50, Delta_2=1.50 Started
Sector dimension: 2424
L = 18, g=0.10, Delta_1 = 1.50, Delta_2=1.50 Time taken to get z's: 25.2913
L = 18, g=0.20, Delta_1 = 1.50, Delta_2=0.00 Started
Sector dimension: 2424
L = 18, g=0.20, Delta_1 = 1.50, Delta_2=0.00 Time taken to get z's: 25.3697
L = 18, g=0.00, Delta_1 = 1.50, Delta_2=0.00 Started
Sector dimension: 2424
L = 18, g=0.00, Delta_1 = 1.50, Delta_2=0.00 Time taken to get z's: 25.3876
L = 18, g=0.00, Delta_1 = 1.50, Delta_2=1.50 Started
Sector dimension: 2424
L = 18, g=0.00, Delta_1 = 1.50, Delta_2=1.50 Time taken to get z's: 28.5806
L = 18, g=0.20, Delta_1 = 1.50, Delta_2=1.50 Started
Sector dimension: 2424
L = 18, g=0.20, Delta_1 = 1.50, Delta_2=1.50 Time taken to get z's: 28.9897
L = 18, g=0.10, Delta_1 = 1.50, Delta_2=0.00 Started
Sector dimension: 2424
L = 18, g=0.10, Delta_1 = 1.50, Delta_2=0.00 Time taken to get z's: 24.1457
L = 18, g=0.20, Delta_1 = 1.50, Delta_2=1.50 Started
Sector dimension: 2424
L = 18, g=0.20, Delta_1 = 1.50, Delta_2=1.50 Time taken to get z's: 25.1720
L = 18, g=0.10, Delta_1 = 1.50, Delta_2=1.50 Started
Sector dimension: 2424
L = 18, g=0.10, Delta_1 = 1.50, Delta_2=1.50 Time taken to get z's: 25.6480
L = 18, g=0.00, Delta_1 = 1.50, Delta_2=1.50 Started
Sector dimension: 2424
L = 18, g=0.00, Delta_1 = 1.50, Delta_2=1.50 Time taken to get z's: 25.7830
L = 18, g=0.00, Delta_1 = 1.50, Delta_2=0.00 Started
Sector dimension: 2424
L = 18, g=0.00, Delta_1 = 1.50, Delta_2=0.00 Time taken to get z's: 28.5546
L = 18, g=0.20, Delta_1 = 1.50, Delta_2=0.00 Started
Sector dimension: 2424
L = 18, g=0.20, Delta_1 = 1.50, Delta_2=0.00 Time taken to get z's: 28.6759
