Requirement already satisfied: imageio in /home/users/dylan24/.local/lib/python3.9/site-packages (2.31.1)
Requirement already satisfied: numpy in /share/software/user/open/py-numpy/1.24.2_py39/lib/python3.9/site-packages (from imageio) (1.24.2)
Requirement already satisfied: pillow>=8.3.2 in /share/software/user/open/py-matplotlib/3.7.1_py39/lib/python3.9/site-packages (from imageio) (9.5.0)
L = 16, g=0.10, Delta_1 = 1.50, Delta_2=0.00 Started
L = 16, g=0.10, Delta_1 = 1.50, Delta_2=1.50 Started
L = 16, g=0.20, Delta_1 = 1.50, Delta_2=1.50 Started
L = 16, g=0.00, Delta_1 = 1.50, Delta_2=1.50 Started
L = 16, g=0.00, Delta_1 = 1.50, Delta_2=0.00 Started
L = 16, g=0.20, Delta_1 = 1.50, Delta_2=0.00 Started
Sector dimension: 715
Sector dimension: 715
Sector dimension: 715
Sector dimension: 715
L = 16, g=0.10, Delta_1 = 1.50, Delta_2=0.00 Time taken to get z's: 2.9102
Sector dimension: 715
L = 16, g=0.20, Delta_1 = 1.50, Delta_2=1.50 Time taken to get z's: 3.1404
L = 16, g=0.00, Delta_1 = 1.50, Delta_2=1.50 Time taken to get z's: 3.1403
L = 16, g=0.10, Delta_1 = 1.50, Delta_2=1.50 Time taken to get z's: 3.2840
Sector dimension: 715
L = 16, g=0.00, Delta_1 = 1.50, Delta_2=0.00 Time taken to get z's: 3.8887
L = 16, g=0.20, Delta_1 = 1.50, Delta_2=0.00 Time taken to get z's: 3.8312
L = 18, g=0.10, Delta_1 = 1.50, Delta_2=1.50 Started
L = 18, g=0.00, Delta_1 = 1.50, Delta_2=0.00 Started
L = 18, g=0.20, Delta_1 = 1.50, Delta_2=1.50 Started
L = 18, g=0.10, Delta_1 = 1.50, Delta_2=0.00 Started
L = 18, g=0.00, Delta_1 = 1.50, Delta_2=1.50 Started
L = 18, g=0.20, Delta_1 = 1.50, Delta_2=0.00 Started
Sector dimension: 2424
Sector dimension: 2424
Sector dimension: 2424
Sector dimension: 2424
Sector dimension: 2424
Sector dimension: 2424
L = 18, g=0.10, Delta_1 = 1.50, Delta_2=0.00 Time taken to get z's: 25.3234
L = 18, g=0.20, Delta_1 = 1.50, Delta_2=1.50 Time taken to get z's: 26.1074
L = 18, g=0.00, Delta_1 = 1.50, Delta_2=1.50 Time taken to get z's: 27.4502
L = 18, g=0.00, Delta_1 = 1.50, Delta_2=0.00 Time taken to get z's: 27.7806
L = 18, g=0.20, Delta_1 = 1.50, Delta_2=0.00 Time taken to get z's: 28.7528
L = 18, g=0.10, Delta_1 = 1.50, Delta_2=1.50 Time taken to get z's: 28.8936
L = 20, g=0.10, Delta_1 = 1.50, Delta_2=1.50 Started
L = 20, g=0.00, Delta_1 = 1.50, Delta_2=0.00 Started
L = 20, g=0.10, Delta_1 = 1.50, Delta_2=0.00 Started
L = 20, g=0.20, Delta_1 = 1.50, Delta_2=1.50 Started
L = 20, g=0.00, Delta_1 = 1.50, Delta_2=1.50 Started
L = 20, g=0.20, Delta_1 = 1.50, Delta_2=0.00 Started
Sector dimension: 8398
Sector dimension: 8398
Sector dimension: 8398
Sector dimension: 8398
Sector dimension: 8398
Sector dimension: 8398
L = 20, g=0.00, Delta_1 = 1.50, Delta_2=0.00 Time taken to get z's: 791.9972
L = 20, g=0.20, Delta_1 = 1.50, Delta_2=1.50 Time taken to get z's: 804.3529
L = 20, g=0.00, Delta_1 = 1.50, Delta_2=1.50 Time taken to get z's: 810.9680
L = 20, g=0.10, Delta_1 = 1.50, Delta_2=0.00 Time taken to get z's: 830.3904
L = 20, g=0.20, Delta_1 = 1.50, Delta_2=0.00 Time taken to get z's: 837.4221
L = 20, g=0.10, Delta_1 = 1.50, Delta_2=1.50 Time taken to get z's: 865.2269
L = 22, g=0.00, Delta_1 = 1.50, Delta_2=0.00 Started
L = 22, g=0.00, Delta_1 = 1.50, Delta_2=1.50 Started
L = 22, g=0.20, Delta_1 = 1.50, Delta_2=1.50 Started
L = 22, g=0.10, Delta_1 = 1.50, Delta_2=0.00 Started
L = 22, g=0.20, Delta_1 = 1.50, Delta_2=0.00 Started
L = 22, g=0.10, Delta_1 = 1.50, Delta_2=1.50 Started
Sector dimension: 29372
Sector dimension: 29372
Sector dimension: 29372
Sector dimension: 29372
Sector dimension: 29372
Sector dimension: 29372
L = 22, g=0.10, Delta_1 = 1.50, Delta_2=1.50 Time taken to get z's: 29306.6154
L = 22, g=0.10, Delta_1 = 1.50, Delta_2=0.00 Time taken to get z's: 29390.3414
L = 22, g=0.20, Delta_1 = 1.50, Delta_2=1.50 Time taken to get z's: 30291.3024
L = 22, g=0.20, Delta_1 = 1.50, Delta_2=0.00 Time taken to get z's: 30595.4403
L = 22, g=0.00, Delta_1 = 1.50, Delta_2=0.00 Time taken to get z's: 31794.7058
L = 22, g=0.00, Delta_1 = 1.50, Delta_2=1.50 Time taken to get z's: 32482.1355
