Requirement already satisfied: imageio in /home/users/dylan24/.local/lib/python3.9/site-packages (2.31.1)
Requirement already satisfied: numpy in /share/software/user/open/py-numpy/1.24.2_py39/lib/python3.9/site-packages (from imageio) (1.24.2)
Requirement already satisfied: pillow>=8.3.2 in /share/software/user/open/py-matplotlib/3.7.1_py39/lib/python3.9/site-packages (from imageio) (9.5.0)
L = 16, g=0.00, Delta_1 = 1.50, Delta_2=0.00 Started
Sector dimension: 715
L = 16, g=0.00, Delta_1 = 1.50, Delta_2=0.00 Time taken to get z's: 2.9149
L = 16, g=0.10, Delta_1 = 1.50, Delta_2=0.00 Started
Sector dimension: 715
L = 16, g=0.10, Delta_1 = 1.50, Delta_2=0.00 Time taken to get z's: 2.9373
L = 16, g=0.00, Delta_1 = 1.50, Delta_2=1.50 Started
Sector dimension: 715
L = 16, g=0.00, Delta_1 = 1.50, Delta_2=1.50 Time taken to get z's: 3.1220
L = 16, g=0.20, Delta_1 = 1.50, Delta_2=0.00 Started
Sector dimension: 715
L = 16, g=0.20, Delta_1 = 1.50, Delta_2=0.00 Time taken to get z's: 2.4704
L = 16, g=0.20, Delta_1 = 1.50, Delta_2=1.50 Started
Sector dimension: 715
L = 16, g=0.20, Delta_1 = 1.50, Delta_2=1.50 Time taken to get z's: 2.4913
L = 16, g=0.10, Delta_1 = 1.50, Delta_2=1.50 Started
Sector dimension: 715
L = 16, g=0.10, Delta_1 = 1.50, Delta_2=1.50 Time taken to get z's: 2.4520
L = 18, g=0.10, Delta_1 = 1.50, Delta_2=0.00 Started
Sector dimension: 2424
L = 18, g=0.10, Delta_1 = 1.50, Delta_2=0.00 Time taken to get z's: 22.5044
L = 18, g=0.00, Delta_1 = 1.50, Delta_2=0.00 Started
Sector dimension: 2424
L = 18, g=0.00, Delta_1 = 1.50, Delta_2=0.00 Time taken to get z's: 22.6603
L = 18, g=0.10, Delta_1 = 1.50, Delta_2=1.50 Started
Sector dimension: 2424
L = 18, g=0.10, Delta_1 = 1.50, Delta_2=1.50 Time taken to get z's: 22.9940
L = 18, g=0.20, Delta_1 = 1.50, Delta_2=0.00 Started
Sector dimension: 2424
L = 18, g=0.20, Delta_1 = 1.50, Delta_2=0.00 Time taken to get z's: 25.1541
L = 18, g=0.00, Delta_1 = 1.50, Delta_2=1.50 Started
Sector dimension: 2424
L = 18, g=0.00, Delta_1 = 1.50, Delta_2=1.50 Time taken to get z's: 25.6519
L = 18, g=0.20, Delta_1 = 1.50, Delta_2=1.50 Started
Sector dimension: 2424
L = 18, g=0.20, Delta_1 = 1.50, Delta_2=1.50 Time taken to get z's: 28.2128
L = 20, g=0.20, Delta_1 = 1.50, Delta_2=0.00 Started
Sector dimension: 8398
L = 20, g=0.20, Delta_1 = 1.50, Delta_2=0.00 Time taken to get z's: 691.5247
L = 20, g=0.00, Delta_1 = 1.50, Delta_2=1.50 Started
Sector dimension: 8398
L = 20, g=0.00, Delta_1 = 1.50, Delta_2=1.50 Time taken to get z's: 720.3222
L = 20, g=0.10, Delta_1 = 1.50, Delta_2=1.50 Started
Sector dimension: 8398
L = 20, g=0.10, Delta_1 = 1.50, Delta_2=1.50 Time taken to get z's: 766.9164
L = 20, g=0.20, Delta_1 = 1.50, Delta_2=1.50 Started
Sector dimension: 8398
L = 20, g=0.20, Delta_1 = 1.50, Delta_2=1.50 Time taken to get z's: 768.6361
L = 20, g=0.10, Delta_1 = 1.50, Delta_2=0.00 Started
Sector dimension: 8398
L = 20, g=0.10, Delta_1 = 1.50, Delta_2=0.00 Time taken to get z's: 768.8011
L = 20, g=0.00, Delta_1 = 1.50, Delta_2=0.00 Started
Sector dimension: 8398
L = 20, g=0.00, Delta_1 = 1.50, Delta_2=0.00 Time taken to get z's: 870.6952
