Requirement already satisfied: imageio in /home/users/dylan24/.local/lib/python3.9/site-packages (2.31.1)
Requirement already satisfied: numpy in /share/software/user/open/py-numpy/1.24.2_py39/lib/python3.9/site-packages (from imageio) (1.24.2)
Requirement already satisfied: pillow>=8.3.2 in /share/software/user/open/py-matplotlib/3.7.1_py39/lib/python3.9/site-packages (from imageio) (9.5.0)
L = 18
g=0.00,Delta_2=0.00
Time per run per timestep: 0.882
g=0.00,Delta_2=1.50
Time per run per timestep: 0.879
g=0.10,Delta_2=0.00
Time per run per timestep: 0.882
g=0.10,Delta_2=1.50
Time per run per timestep: 0.885
g=0.20,Delta_2=0.00
Time per run per timestep: 0.884
g=0.20,Delta_2=1.50
Time per run per timestep: 0.882
L = 20
g=0.00,Delta_2=0.00
Time per run per timestep: 3.708
g=0.00,Delta_2=1.50
Time per run per timestep: 3.789
g=0.10,Delta_2=0.00
Time per run per timestep: 3.719
g=0.10,Delta_2=1.50
Time per run per timestep: 3.773
g=0.20,Delta_2=0.00
Time per run per timestep: 3.728
g=0.20,Delta_2=1.50
Time per run per timestep: 3.784
