Requirement already satisfied: imageio in /home/users/dylan24/.local/lib/python3.9/site-packages (2.31.1)
Requirement already satisfied: numpy in /share/software/user/open/py-numpy/1.24.2_py39/lib/python3.9/site-packages (from imageio) (1.24.2)
Requirement already satisfied: pillow>=8.3.2 in /share/software/user/open/py-matplotlib/3.7.1_py39/lib/python3.9/site-packages (from imageio) (9.5.0)
L = 24
Got list of spin operators and M sector projectors in time 194.907
g=0.10,Delta_2=1.50
Got Hamiltonian
run: 0
run: 1
run: 2
run: 3
run: 4
run: 5
Time per run per timestep: 62.396
L = 24
Got list of spin operators and M sector projectors in time 195.610
g=0.20,Delta_2=1.50
Got Hamiltonian
run: 0
run: 1
run: 2
run: 3
run: 4
run: 5
Time per run per timestep: 64.417
L = 24
Got list of spin operators and M sector projectors in time 199.082
g=0.10,Delta_2=0.00
Got Hamiltonian
run: 0
run: 1
run: 2
run: 3
run: 4
run: 5
Time per run per timestep: 64.612
L = 24
Got list of spin operators and M sector projectors in time 191.388
g=0.15,Delta_2=1.50
Got Hamiltonian
run: 0
run: 1
run: 2
run: 3
run: 4
run: 5
Time per run per timestep: 64.741
L = 24
Got list of spin operators and M sector projectors in time 196.908
g=0.00,Delta_2=1.50
Got Hamiltonian
run: 0
run: 1
run: 2
run: 3
run: 4
run: 5
Time per run per timestep: 65.214
L = 24
Got list of spin operators and M sector projectors in time 195.916
g=0.00,Delta_2=0.00
Got Hamiltonian
run: 0
run: 1
run: 2
run: 3
run: 4
run: 5
Time per run per timestep: 65.666
L = 24
Got list of spin operators and M sector projectors in time 197.526
g=0.15,Delta_2=0.00
Got Hamiltonian
run: 0
run: 1
run: 2
run: 3
run: 4
run: 5
Time per run per timestep: 67.553
L = 24
Got list of spin operators and M sector projectors in time 202.507
g=0.20,Delta_2=0.00
Got Hamiltonian
run: 0
run: 1
run: 2
run: 3
run: 4
run: 5
Time per run per timestep: 70.997
