Requirement already satisfied: imageio in /home/users/dylan24/.local/lib/python3.9/site-packages (2.31.1)
Requirement already satisfied: numpy in /share/software/user/open/py-numpy/1.24.2_py39/lib/python3.9/site-packages (from imageio) (1.24.2)
Requirement already satisfied: pillow>=8.3.2 in /share/software/user/open/py-matplotlib/3.7.1_py39/lib/python3.9/site-packages (from imageio) (9.5.0)
L = 14, W=1.00, M=1
Sector dimension: 3003
Sector dimension: 3003
Sector dimension: 3003
Sector dimension: 3003
Sector dimension: 3003
Sector dimension: 3003
Sector dimension: 3003
Sector dimension: 3003
Sector dimension: 3003
Sector dimension: 3003
Sector dimension: 3003
Sector dimension: 3003
Sector dimension: 3003
Sector dimension: 3003
Sector dimension: 3003
Sector dimension: 3003
Sector dimension: 3003
Sector dimension: 3003
Sector dimension: 3003
Sector dimension: 3003
Sector dimension: 3003
Sector dimension: 3003
Sector dimension: 3003
Sector dimension: 3003
Sector dimension: 3003
Sector dimension: 3003
Sector dimension: 3003
Sector dimension: 3003
Sector dimension: 3003
Sector dimension: 3003
Sector dimension: 3003
Sector dimension: 3003
Sector dimension: 3003
Sector dimension: 3003
Sector dimension: 3003
Sector dimension: 3003
Sector dimension: 3003
Sector dimension: 3003
Sector dimension: 3003
Sector dimension: 3003
Sector dimension: 3003
Sector dimension: 3003
Sector dimension: 3003
Sector dimension: 3003
Sector dimension: 3003
Sector dimension: 3003
Sector dimension: 3003
Sector dimension: 3003
Sector dimension: 3003
Sector dimension: 3003
Sector dimension: 3003
Sector dimension: 3003
Sector dimension: 3003
Sector dimension: 3003
Sector dimension: 3003
Sector dimension: 3003
Sector dimension: 3003
Sector dimension: 3003
Sector dimension: 3003
Sector dimension: 3003
Sector dimension: 3003
Sector dimension: 3003
Sector dimension: 3003
Sector dimension: 3003
Sector dimension: 3003
Sector dimension: 3003
Sector dimension: 3003
Sector dimension: 3003
Sector dimension: 3003
Sector dimension: 3003
Sector dimension: 3003
Sector dimension: 3003
Sector dimension: 3003
Sector dimension: 3003
Sector dimension: 3003
Sector dimension: 3003
Sector dimension: 3003
Sector dimension: 3003
Sector dimension: 3003
Sector dimension: 3003
Sector dimension: 3003
Sector dimension: 3003
Sector dimension: 3003
Sector dimension: 3003
Sector dimension: 3003
Sector dimension: 3003
Sector dimension: 3003
Sector dimension: 3003
Sector dimension: 3003
Sector dimension: 3003
Sector dimension: 3003
Sector dimension: 3003
Sector dimension: 3003
Sector dimension: 3003
Sector dimension: 3003
Sector dimension: 3003
Sector dimension: 3003
Sector dimension: 3003
Sector dimension: 3003
Sector dimension: 3003
Time taken to get z's and evals: 3629.0291
L = 14, W=0.10, M=1
Sector dimension: 3003
Sector dimension: 3003
Sector dimension: 3003
Sector dimension: 3003
Sector dimension: 3003
Sector dimension: 3003
Sector dimension: 3003
Sector dimension: 3003
Sector dimension: 3003
Sector dimension: 3003
Sector dimension: 3003
Sector dimension: 3003
Sector dimension: 3003
Sector dimension: 3003
Sector dimension: 3003
Sector dimension: 3003
Sector dimension: 3003
Sector dimension: 3003
Sector dimension: 3003
Sector dimension: 3003
Sector dimension: 3003
Sector dimension: 3003
Sector dimension: 3003
Sector dimension: 3003
Sector dimension: 3003
Sector dimension: 3003
Sector dimension: 3003
Sector dimension: 3003
Sector dimension: 3003
Sector dimension: 3003
Sector dimension: 3003
Sector dimension: 3003
Sector dimension: 3003
Sector dimension: 3003
Sector dimension: 3003
Sector dimension: 3003
Sector dimension: 3003
Sector dimension: 3003
Sector dimension: 3003
Sector dimension: 3003
Sector dimension: 3003
Sector dimension: 3003
Sector dimension: 3003
Sector dimension: 3003
Sector dimension: 3003
Sector dimension: 3003
Sector dimension: 3003
Sector dimension: 3003
Sector dimension: 3003
Sector dimension: 3003
Sector dimension: 3003
Sector dimension: 3003
Sector dimension: 3003
Sector dimension: 3003
Sector dimension: 3003
Sector dimension: 3003
Sector dimension: 3003
Sector dimension: 3003
Sector dimension: 3003
Sector dimension: 3003
Sector dimension: 3003
Sector dimension: 3003
Sector dimension: 3003
Sector dimension: 3003
Sector dimension: 3003
Sector dimension: 3003
Sector dimension: 3003
Sector dimension: 3003
Sector dimension: 3003
Sector dimension: 3003
Sector dimension: 3003
Sector dimension: 3003
Sector dimension: 3003
Sector dimension: 3003
Sector dimension: 3003
Sector dimension: 3003
Sector dimension: 3003
Sector dimension: 3003
Sector dimension: 3003
Sector dimension: 3003
Sector dimension: 3003
Sector dimension: 3003
Sector dimension: 3003
Sector dimension: 3003
Sector dimension: 3003
Sector dimension: 3003
Sector dimension: 3003
Sector dimension: 3003
Sector dimension: 3003
Sector dimension: 3003
Sector dimension: 3003
Sector dimension: 3003
Sector dimension: 3003
Sector dimension: 3003
Sector dimension: 3003
Sector dimension: 3003
Sector dimension: 3003
Sector dimension: 3003
Sector dimension: 3003
Sector dimension: 3003
Time taken to get z's and evals: 3867.2281
L = 14, W=0.50, M=1
Sector dimension: 3003
Sector dimension: 3003
Sector dimension: 3003
Sector dimension: 3003
Sector dimension: 3003
Sector dimension: 3003
Sector dimension: 3003
Sector dimension: 3003
Sector dimension: 3003
Sector dimension: 3003
Sector dimension: 3003
Sector dimension: 3003
Sector dimension: 3003
Sector dimension: 3003
Sector dimension: 3003
Sector dimension: 3003
Sector dimension: 3003
Sector dimension: 3003
Sector dimension: 3003
Sector dimension: 3003
Sector dimension: 3003
Sector dimension: 3003
Sector dimension: 3003
Sector dimension: 3003
Sector dimension: 3003
Sector dimension: 3003
Sector dimension: 3003
Sector dimension: 3003
Sector dimension: 3003
Sector dimension: 3003
Sector dimension: 3003
Sector dimension: 3003
Sector dimension: 3003
Sector dimension: 3003
Sector dimension: 3003
Sector dimension: 3003
Sector dimension: 3003
Sector dimension: 3003
Sector dimension: 3003
Sector dimension: 3003
Sector dimension: 3003
Sector dimension: 3003
Sector dimension: 3003
Sector dimension: 3003
Sector dimension: 3003
Sector dimension: 3003
Sector dimension: 3003
Sector dimension: 3003
Sector dimension: 3003
Sector dimension: 3003
Sector dimension: 3003
Sector dimension: 3003
Sector dimension: 3003
Sector dimension: 3003
Sector dimension: 3003
Sector dimension: 3003
Sector dimension: 3003
Sector dimension: 3003
Sector dimension: 3003
Sector dimension: 3003
Sector dimension: 3003
Sector dimension: 3003
Sector dimension: 3003
Sector dimension: 3003
Sector dimension: 3003
Sector dimension: 3003
Sector dimension: 3003
Sector dimension: 3003
Sector dimension: 3003
Sector dimension: 3003
Sector dimension: 3003
Sector dimension: 3003
Sector dimension: 3003
Sector dimension: 3003
Sector dimension: 3003
Sector dimension: 3003
Sector dimension: 3003
Sector dimension: 3003
Sector dimension: 3003
Sector dimension: 3003
Sector dimension: 3003
Sector dimension: 3003
Sector dimension: 3003
Sector dimension: 3003
Sector dimension: 3003
Sector dimension: 3003
Sector dimension: 3003
Sector dimension: 3003
Sector dimension: 3003
Sector dimension: 3003
Sector dimension: 3003
Sector dimension: 3003
Sector dimension: 3003
Sector dimension: 3003
Sector dimension: 3003
Sector dimension: 3003
Sector dimension: 3003
Sector dimension: 3003
Sector dimension: 3003
Sector dimension: 3003
Time taken to get z's and evals: 4222.1091
L = 14, W=0.50, M=0
Sector dimension: 3432
Sector dimension: 3432
Sector dimension: 3432
Sector dimension: 3432
Sector dimension: 3432
Sector dimension: 3432
Sector dimension: 3432
Sector dimension: 3432
Sector dimension: 3432
Sector dimension: 3432
Sector dimension: 3432
Sector dimension: 3432
Sector dimension: 3432
Sector dimension: 3432
Sector dimension: 3432
Sector dimension: 3432
Sector dimension: 3432
Sector dimension: 3432
Sector dimension: 3432
Sector dimension: 3432
Sector dimension: 3432
Sector dimension: 3432
Sector dimension: 3432
Sector dimension: 3432
Sector dimension: 3432
Sector dimension: 3432
Sector dimension: 3432
Sector dimension: 3432
Sector dimension: 3432
Sector dimension: 3432
Sector dimension: 3432
Sector dimension: 3432
Sector dimension: 3432
Sector dimension: 3432
Sector dimension: 3432
Sector dimension: 3432
Sector dimension: 3432
Sector dimension: 3432
Sector dimension: 3432
Sector dimension: 3432
Sector dimension: 3432
Sector dimension: 3432
Sector dimension: 3432
Sector dimension: 3432
Sector dimension: 3432
Sector dimension: 3432
Sector dimension: 3432
Sector dimension: 3432
Sector dimension: 3432
Sector dimension: 3432
Sector dimension: 3432
Sector dimension: 3432
Sector dimension: 3432
Sector dimension: 3432
Sector dimension: 3432
Sector dimension: 3432
Sector dimension: 3432
Sector dimension: 3432
Sector dimension: 3432
Sector dimension: 3432
Sector dimension: 3432
Sector dimension: 3432
Sector dimension: 3432
Sector dimension: 3432
Sector dimension: 3432
Sector dimension: 3432
Sector dimension: 3432
Sector dimension: 3432
Sector dimension: 3432
Sector dimension: 3432
Sector dimension: 3432
Sector dimension: 3432
Sector dimension: 3432
Sector dimension: 3432
Sector dimension: 3432
Sector dimension: 3432
Sector dimension: 3432
Sector dimension: 3432
Sector dimension: 3432
Sector dimension: 3432
Sector dimension: 3432
Sector dimension: 3432
Sector dimension: 3432
Sector dimension: 3432
Sector dimension: 3432
Sector dimension: 3432
Sector dimension: 3432
Sector dimension: 3432
Sector dimension: 3432
Sector dimension: 3432
Sector dimension: 3432
Sector dimension: 3432
Sector dimension: 3432
Sector dimension: 3432
Sector dimension: 3432
Sector dimension: 3432
Sector dimension: 3432
Sector dimension: 3432
Sector dimension: 3432
Sector dimension: 3432
Time taken to get z's and evals: 5092.1498
L = 14, W=1.00, M=0
Sector dimension: 3432
Sector dimension: 3432
Sector dimension: 3432
Sector dimension: 3432
Sector dimension: 3432
Sector dimension: 3432
Sector dimension: 3432
Sector dimension: 3432
Sector dimension: 3432
Sector dimension: 3432
Sector dimension: 3432
Sector dimension: 3432
Sector dimension: 3432
Sector dimension: 3432
Sector dimension: 3432
Sector dimension: 3432
Sector dimension: 3432
Sector dimension: 3432
Sector dimension: 3432
Sector dimension: 3432
Sector dimension: 3432
Sector dimension: 3432
Sector dimension: 3432
Sector dimension: 3432
Sector dimension: 3432
Sector dimension: 3432
Sector dimension: 3432
Sector dimension: 3432
Sector dimension: 3432
Sector dimension: 3432
Sector dimension: 3432
Sector dimension: 3432
Sector dimension: 3432
Sector dimension: 3432
Sector dimension: 3432
Sector dimension: 3432
Sector dimension: 3432
Sector dimension: 3432
Sector dimension: 3432
Sector dimension: 3432
Sector dimension: 3432
Sector dimension: 3432
Sector dimension: 3432
Sector dimension: 3432
Sector dimension: 3432
Sector dimension: 3432
Sector dimension: 3432
Sector dimension: 3432
Sector dimension: 3432
Sector dimension: 3432
Sector dimension: 3432
Sector dimension: 3432
Sector dimension: 3432
Sector dimension: 3432
Sector dimension: 3432
Sector dimension: 3432
Sector dimension: 3432
Sector dimension: 3432
Sector dimension: 3432
Sector dimension: 3432
Sector dimension: 3432
Sector dimension: 3432
Sector dimension: 3432
Sector dimension: 3432
Sector dimension: 3432
Sector dimension: 3432
Sector dimension: 3432
Sector dimension: 3432
Sector dimension: 3432
Sector dimension: 3432
Sector dimension: 3432
Sector dimension: 3432
Sector dimension: 3432
Sector dimension: 3432
Sector dimension: 3432
Sector dimension: 3432
Sector dimension: 3432
Sector dimension: 3432
Sector dimension: 3432
Sector dimension: 3432
Sector dimension: 3432
Sector dimension: 3432
Sector dimension: 3432
Sector dimension: 3432
Sector dimension: 3432
Sector dimension: 3432
Sector dimension: 3432
Sector dimension: 3432
Sector dimension: 3432
Sector dimension: 3432
Sector dimension: 3432
Sector dimension: 3432
Sector dimension: 3432
Sector dimension: 3432
Sector dimension: 3432
Sector dimension: 3432
Sector dimension: 3432
Sector dimension: 3432
Sector dimension: 3432
Sector dimension: 3432
Time taken to get z's and evals: 5152.5594
L = 14, W=0.10, M=0
Sector dimension: 3432
Sector dimension: 3432
Sector dimension: 3432
Sector dimension: 3432
Sector dimension: 3432
Sector dimension: 3432
Sector dimension: 3432
Sector dimension: 3432
Sector dimension: 3432
Sector dimension: 3432
Sector dimension: 3432
Sector dimension: 3432
Sector dimension: 3432
Sector dimension: 3432
Sector dimension: 3432
Sector dimension: 3432
Sector dimension: 3432
Sector dimension: 3432
Sector dimension: 3432
Sector dimension: 3432
Sector dimension: 3432
Sector dimension: 3432
Sector dimension: 3432
Sector dimension: 3432
Sector dimension: 3432
Sector dimension: 3432
Sector dimension: 3432
Sector dimension: 3432
Sector dimension: 3432
Sector dimension: 3432
Sector dimension: 3432
Sector dimension: 3432
Sector dimension: 3432
Sector dimension: 3432
Sector dimension: 3432
Sector dimension: 3432
Sector dimension: 3432
Sector dimension: 3432
Sector dimension: 3432
Sector dimension: 3432
Sector dimension: 3432
Sector dimension: 3432
Sector dimension: 3432
Sector dimension: 3432
Sector dimension: 3432
Sector dimension: 3432
Sector dimension: 3432
Sector dimension: 3432
Sector dimension: 3432
Sector dimension: 3432
Sector dimension: 3432
Sector dimension: 3432
Sector dimension: 3432
Sector dimension: 3432
Sector dimension: 3432
Sector dimension: 3432
Sector dimension: 3432
Sector dimension: 3432
Sector dimension: 3432
Sector dimension: 3432
Sector dimension: 3432
Sector dimension: 3432
Sector dimension: 3432
Sector dimension: 3432
Sector dimension: 3432
Sector dimension: 3432
Sector dimension: 3432
Sector dimension: 3432
Sector dimension: 3432
Sector dimension: 3432
Sector dimension: 3432
Sector dimension: 3432
Sector dimension: 3432
Sector dimension: 3432
Sector dimension: 3432
Sector dimension: 3432
Sector dimension: 3432
Sector dimension: 3432
Sector dimension: 3432
Sector dimension: 3432
Sector dimension: 3432
Sector dimension: 3432
Sector dimension: 3432
Sector dimension: 3432
Sector dimension: 3432
Sector dimension: 3432
Sector dimension: 3432
Sector dimension: 3432
Sector dimension: 3432
Sector dimension: 3432
Sector dimension: 3432
Sector dimension: 3432
Sector dimension: 3432
Sector dimension: 3432
Sector dimension: 3432
Sector dimension: 3432
Sector dimension: 3432
Sector dimension: 3432
Sector dimension: 3432
Sector dimension: 3432
Time taken to get z's and evals: 6002.8073
