Requirement already satisfied: imageio in /home/users/dylan24/.local/lib/python3.9/site-packages (2.31.1)
Requirement already satisfied: numpy in /share/software/user/open/py-numpy/1.24.2_py39/lib/python3.9/site-packages (from imageio) (1.24.2)
Requirement already satisfied: pillow>=8.3.2 in /share/software/user/open/py-matplotlib/3.7.1_py39/lib/python3.9/site-packages (from imageio) (9.5.0)
Delta_1=1.50
Delta_1=1.00
Delta_1=1.00
Delta_1=1.50
W=1.00
D1=1.00W=1.00run: 0
W=0.50
D1=1.50W=0.50run: 0
W=0.50
D1=1.00W=0.50run: 0
W=1.00
D1=1.50W=1.00run: 0
D1=1.00W=1.00run: 1
D1=1.50W=0.50run: 1
D1=1.00W=0.50run: 1
D1=1.50W=1.00run: 1
D1=1.00W=1.00run: 2
D1=1.50W=0.50run: 2
D1=1.00W=0.50run: 2
D1=1.50W=1.00run: 2
D1=1.00W=1.00run: 3
D1=1.50W=0.50run: 3
D1=1.50W=1.00run: 3
D1=1.00W=0.50run: 3
D1=1.00W=1.00run: 4
D1=1.50W=0.50run: 4
D1=1.50W=1.00run: 4
D1=1.00W=0.50run: 4
D1=1.50W=0.50run: 5
D1=1.00W=1.00run: 5
D1=1.50W=1.00run: 5
D1=1.00W=0.50run: 5
D1=1.50W=0.50run: 6
D1=1.00W=1.00run: 6
D1=1.50W=1.00run: 6
D1=1.50W=0.50run: 7
D1=1.00W=0.50run: 6
D1=1.00W=1.00run: 7
D1=1.50W=1.00run: 7
D1=1.50W=0.50run: 8
D1=1.00W=1.00run: 8
D1=1.00W=0.50run: 7
D1=1.50W=1.00run: 8
D1=1.50W=0.50run: 9
D1=1.00W=1.00run: 9
D1=1.00W=0.50run: 8
D1=1.50W=0.50run: 10
D1=1.50W=1.00run: 9
D1=1.00W=1.00run: 10
D1=1.00W=0.50run: 9
D1=1.00W=1.00run: 11
D1=1.50W=1.00run: 10
D1=1.50W=0.50run: 11
D1=1.00W=0.50run: 10
D1=1.00W=1.00run: 12
D1=1.50W=1.00run: 11
D1=1.50W=0.50run: 12
D1=1.00W=0.50run: 11
D1=1.00W=1.00run: 13
D1=1.50W=1.00run: 12
D1=1.50W=0.50run: 13
D1=1.00W=0.50run: 12
D1=1.00W=1.00run: 14
D1=1.50W=1.00run: 13
D1=1.00W=0.50run: 13
D1=1.50W=0.50run: 14
D1=1.00W=1.00run: 15
D1=1.50W=1.00run: 14
D1=1.00W=0.50run: 14
D1=1.50W=0.50run: 15
D1=1.00W=1.00run: 16
D1=1.00W=0.50run: 15
D1=1.50W=1.00run: 15
D1=1.50W=0.50run: 16
D1=1.00W=1.00run: 17
D1=1.00W=0.50run: 16
D1=1.50W=1.00run: 16
D1=1.50W=0.50run: 17
D1=1.00W=1.00run: 18
D1=1.00W=0.50run: 17
D1=1.50W=1.00run: 17
D1=1.50W=0.50run: 18
D1=1.00W=1.00run: 19
D1=1.00W=0.50run: 18
D1=1.50W=1.00run: 18
D1=1.50W=0.50run: 19
D1=1.00W=1.00run: 20
D1=1.00W=0.50run: 19
D1=1.50W=0.50run: 20
D1=1.50W=1.00run: 19
D1=1.00W=1.00run: 21
D1=1.50W=0.50run: 21
D1=1.00W=0.50run: 20
D1=1.50W=1.00run: 20
D1=1.00W=1.00run: 22
D1=1.50W=0.50run: 22
D1=1.00W=0.50run: 21
D1=1.50W=1.00run: 21
D1=1.50W=0.50run: 23
D1=1.00W=1.00run: 23
D1=1.00W=0.50run: 22
D1=1.50W=1.00run: 22
D1=1.50W=0.50run: 24
D1=1.00W=1.00run: 24
D1=1.00W=0.50run: 23
D1=1.50W=1.00run: 23
D1=1.50W=0.50run: 25
D1=1.00W=1.00run: 25
D1=1.00W=0.50run: 24
D1=1.50W=1.00run: 24
D1=1.50W=0.50run: 26
D1=1.50W=0.50run: 27
D1=1.50W=1.00run: 25
D1=1.00W=0.50run: 25
D1=1.00W=1.00run: 26
D1=1.50W=0.50run: 28
D1=1.50W=1.00run: 26
D1=1.00W=0.50run: 26
D1=1.00W=1.00run: 27
D1=1.50W=0.50run: 29
D1=1.50W=1.00run: 27
D1=1.00W=0.50run: 27
D1=1.00W=1.00run: 28
D1=1.50W=0.50run: 30
D1=1.50W=1.00run: 28
D1=1.00W=0.50run: 28
D1=1.50W=0.50run: 31
D1=1.00W=1.00run: 29
D1=1.50W=1.00run: 29
D1=1.00W=0.50run: 29
D1=1.50W=0.50run: 32
D1=1.00W=1.00run: 30
D1=1.50W=1.00run: 30
D1=1.50W=0.50run: 33
D1=1.00W=0.50run: 30
D1=1.00W=1.00run: 31
D1=1.50W=1.00run: 31
D1=1.50W=0.50run: 34
D1=1.00W=0.50run: 31
D1=1.50W=1.00run: 32
D1=1.50W=0.50run: 35
D1=1.00W=1.00run: 32
D1=1.00W=0.50run: 32
D1=1.50W=1.00run: 33
D1=1.50W=0.50run: 36
D1=1.00W=1.00run: 33
D1=1.00W=0.50run: 33
D1=1.50W=0.50run: 37
D1=1.50W=1.00run: 34
D1=1.00W=1.00run: 34
D1=1.50W=0.50run: 38
D1=1.00W=0.50run: 34
D1=1.50W=1.00run: 35
D1=1.00W=1.00run: 35
D1=1.50W=0.50run: 39
D1=1.00W=0.50run: 35
D1=1.50W=1.00run: 36
D1=1.50W=0.50run: 40
D1=1.00W=1.00run: 36
D1=1.50W=1.00run: 37
D1=1.00W=0.50run: 36
D1=1.50W=0.50run: 41
D1=1.50W=1.00run: 38
D1=1.00W=1.00run: 37
D1=1.00W=0.50run: 37
D1=1.50W=0.50run: 42
D1=1.50W=1.00run: 39
D1=1.00W=0.50run: 38
D1=1.00W=1.00run: 38
D1=1.50W=0.50run: 43
D1=1.50W=1.00run: 40
D1=1.50W=0.50run: 44
D1=1.00W=0.50run: 39
D1=1.00W=1.00run: 39
D1=1.50W=1.00run: 41
D1=1.50W=0.50run: 45
D1=1.00W=0.50run: 40
D1=1.00W=1.00run: 40
D1=1.50W=0.50run: 46
D1=1.50W=1.00run: 42
D1=1.00W=0.50run: 41
D1=1.00W=1.00run: 41
D1=1.50W=0.50run: 47
D1=1.50W=1.00run: 43
D1=1.00W=0.50run: 42
D1=1.50W=0.50run: 48
D1=1.50W=1.00run: 44
D1=1.00W=1.00run: 42
D1=1.00W=0.50run: 43
D1=1.50W=0.50run: 49
D1=1.50W=1.00run: 45
D1=1.00W=1.00run: 43
D1=1.50W=0.50run: 50
D1=1.00W=0.50run: 44
D1=1.50W=1.00run: 46
D1=1.50W=0.50run: 51
D1=1.00W=1.00run: 44
D1=1.00W=0.50run: 45
D1=1.50W=1.00run: 47
D1=1.50W=0.50run: 52
D1=1.00W=1.00run: 45
D1=1.50W=1.00run: 48
D1=1.00W=0.50run: 46
D1=1.50W=0.50run: 53
D1=1.00W=1.00run: 46
D1=1.50W=1.00run: 49
D1=1.00W=0.50run: 47
D1=1.50W=0.50run: 54
D1=1.50W=1.00run: 50
D1=1.00W=1.00run: 47
D1=1.50W=0.50run: 55
D1=1.00W=0.50run: 48
D1=1.50W=0.50run: 56
D1=1.50W=1.00run: 51
D1=1.00W=1.00run: 48
D1=1.00W=0.50run: 49
D1=1.50W=0.50run: 57
D1=1.50W=1.00run: 52
D1=1.00W=1.00run: 49
D1=1.00W=0.50run: 50
D1=1.50W=0.50run: 58
D1=1.50W=1.00run: 53
D1=1.00W=1.00run: 50
D1=1.00W=0.50run: 51
D1=1.50W=0.50run: 59
D1=1.50W=1.00run: 54
D1=1.50W=0.50run: 60
D1=1.00W=1.00run: 51
D1=1.00W=0.50run: 52
D1=1.50W=1.00run: 55
D1=1.50W=0.50run: 61
D1=1.00W=1.00run: 52
D1=1.00W=0.50run: 53
D1=1.50W=1.00run: 56
D1=1.50W=0.50run: 62
D1=1.50W=1.00run: 57
D1=1.00W=1.00run: 53
D1=1.00W=0.50run: 54
D1=1.50W=0.50run: 63
D1=1.50W=1.00run: 58
D1=1.00W=1.00run: 54
D1=1.00W=0.50run: 55
D1=1.50W=0.50run: 64
D1=1.50W=1.00run: 59
D1=1.50W=0.50run: 65
D1=1.00W=0.50run: 56
D1=1.00W=1.00run: 55
D1=1.50W=1.00run: 60
D1=1.50W=0.50run: 66
D1=1.00W=0.50run: 57
D1=1.00W=1.00run: 56
D1=1.50W=1.00run: 61
D1=1.50W=0.50run: 67
D1=1.00W=0.50run: 58
D1=1.00W=1.00run: 57
D1=1.50W=1.00run: 62
D1=1.50W=0.50run: 68
D1=1.00W=0.50run: 59
D1=1.50W=1.00run: 63
D1=1.50W=0.50run: 69
D1=1.00W=1.00run: 58
D1=1.00W=0.50run: 60
D1=1.50W=0.50run: 70
D1=1.50W=1.00run: 64
D1=1.00W=1.00run: 59
D1=1.50W=0.50run: 71
D1=1.50W=1.00run: 65
D1=1.00W=0.50run: 61
D1=1.00W=1.00run: 60
D1=1.50W=0.50run: 72
D1=1.50W=1.00run: 66
D1=1.00W=0.50run: 62
D1=1.50W=0.50run: 73
D1=1.00W=1.00run: 61
D1=1.50W=1.00run: 67
D1=1.00W=0.50run: 63
D1=1.50W=0.50run: 74
D1=1.50W=1.00run: 68
D1=1.00W=1.00run: 62
D1=1.00W=0.50run: 64
D1=1.50W=0.50run: 75
D1=1.50W=1.00run: 69
D1=1.00W=1.00run: 63
D1=1.00W=0.50run: 65
D1=1.50W=0.50run: 76
D1=1.50W=1.00run: 70
D1=1.50W=0.50run: 77
D1=1.00W=1.00run: 64
D1=1.00W=0.50run: 66
D1=1.50W=1.00run: 71
D1=1.50W=0.50run: 78
D1=1.00W=0.50run: 67
D1=1.00W=1.00run: 65
D1=1.50W=1.00run: 72
D1=1.50W=0.50run: 79
D1=1.00W=0.50run: 68
D1=1.00W=1.00run: 66
D1=1.50W=1.00run: 73
D1=1.50W=0.50run: 80
D1=1.00W=0.50run: 69
D1=1.00W=1.00run: 67
D1=1.50W=0.50run: 81
D1=1.50W=1.00run: 74
D1=1.50W=0.50run: 82
D1=1.00W=0.50run: 70
D1=1.00W=1.00run: 68
D1=1.50W=1.00run: 75
D1=1.50W=0.50run: 83
D1=1.00W=0.50run: 71
D1=1.00W=1.00run: 69
D1=1.50W=1.00run: 76
D1=1.50W=0.50run: 84
D1=1.00W=0.50run: 72
D1=1.50W=1.00run: 77
D1=1.00W=1.00run: 70
D1=1.50W=0.50run: 85
D1=1.00W=0.50run: 73
D1=1.50W=1.00run: 78
D1=1.50W=0.50run: 86
D1=1.00W=1.00run: 71
D1=1.00W=0.50run: 74
D1=1.50W=0.50run: 87
D1=1.50W=1.00run: 79
D1=1.00W=1.00run: 72
D1=1.00W=0.50run: 75
D1=1.50W=0.50run: 88
D1=1.50W=1.00run: 80
D1=1.00W=1.00run: 73
D1=1.50W=0.50run: 89
D1=1.00W=0.50run: 76
D1=1.50W=1.00run: 81
D1=1.50W=0.50run: 90
D1=1.00W=1.00run: 74
D1=1.00W=0.50run: 77
D1=1.50W=1.00run: 82
D1=1.50W=0.50run: 91
D1=1.00W=1.00run: 75
D1=1.00W=0.50run: 78
D1=1.50W=1.00run: 83
D1=1.50W=0.50run: 92
D1=1.00W=0.50run: 79
D1=1.00W=1.00run: 76
D1=1.50W=1.00run: 84
D1=1.50W=0.50run: 93
D1=1.00W=0.50run: 80
D1=1.50W=1.00run: 85
D1=1.50W=0.50run: 94
D1=1.00W=1.00run: 77
D1=1.50W=1.00run: 86
D1=1.50W=0.50run: 95
D1=1.00W=0.50run: 81
D1=1.00W=1.00run: 78
D1=1.50W=0.50run: 96
D1=1.50W=1.00run: 87
D1=1.00W=0.50run: 82
D1=1.00W=1.00run: 79
D1=1.50W=0.50run: 97
D1=1.50W=1.00run: 88
D1=1.00W=0.50run: 83
D1=1.50W=0.50run: 98
D1=1.00W=1.00run: 80
D1=1.50W=1.00run: 89
D1=1.00W=0.50run: 84
D1=1.50W=0.50run: 99
D1=1.00W=1.00run: 81
D1=1.50W=1.00run: 90
D1=1.50W=0.50run: 100
D1=1.00W=0.50run: 85
D1=1.00W=1.00run: 82
D1=1.50W=0.50run: 101
D1=1.50W=1.00run: 91
D1=1.00W=0.50run: 86
D1=1.50W=0.50run: 102
D1=1.00W=1.00run: 83
D1=1.50W=1.00run: 92
D1=1.50W=0.50run: 103
D1=1.00W=0.50run: 87
D1=1.00W=1.00run: 84
D1=1.50W=1.00run: 93
D1=1.50W=0.50run: 104
D1=1.00W=0.50run: 88
D1=1.00W=1.00run: 85
D1=1.50W=0.50run: 105
D1=1.50W=1.00run: 94
D1=1.00W=0.50run: 89
D1=1.50W=0.50run: 106
D1=1.00W=1.00run: 86
D1=1.50W=1.00run: 95
D1=1.50W=0.50run: 107
D1=1.00W=0.50run: 90
D1=1.50W=1.00run: 96
D1=1.00W=1.00run: 87
D1=1.50W=0.50run: 108
D1=1.00W=0.50run: 91
D1=1.50W=1.00run: 97
D1=1.00W=1.00run: 88
D1=1.50W=0.50run: 109
D1=1.00W=0.50run: 92
D1=1.50W=1.00run: 98
D1=1.50W=0.50run: 110
D1=1.00W=1.00run: 89
D1=1.50W=0.50run: 111
D1=1.00W=0.50run: 93
D1=1.50W=1.00run: 99
D1=1.00W=1.00run: 90
D1=1.50W=0.50run: 112
D1=1.00W=0.50run: 94
D1=1.50W=1.00run: 100
D1=1.00W=1.00run: 91
D1=1.50W=0.50run: 113
D1=1.00W=0.50run: 95
D1=1.50W=1.00run: 101
D1=1.50W=0.50run: 114
D1=1.00W=1.00run: 92
D1=1.50W=0.50run: 115
D1=1.00W=0.50run: 96
D1=1.50W=1.00run: 102
D1=1.00W=1.00run: 93
D1=1.50W=0.50run: 116
D1=1.00W=0.50run: 97
D1=1.50W=1.00run: 103
D1=1.00W=1.00run: 94
D1=1.50W=0.50run: 117
D1=1.00W=0.50run: 98
D1=1.50W=1.00run: 104
D1=1.50W=0.50run: 118
D1=1.00W=1.00run: 95
D1=1.50W=0.50run: 119
D1=1.50W=1.00run: 105
D1=1.00W=0.50run: 99
D1=1.00W=1.00run: 96
D1=1.50W=0.50run: 120
D1=1.50W=1.00run: 106
D1=1.00W=0.50run: 100
D1=1.00W=1.00run: 97
D1=1.50W=0.50run: 121
D1=1.50W=1.00run: 107
D1=1.00W=0.50run: 101
D1=1.50W=0.50run: 122
D1=1.00W=1.00run: 98
D1=1.50W=0.50run: 123
D1=1.50W=1.00run: 108
D1=1.00W=0.50run: 102
D1=1.00W=1.00run: 99
D1=1.50W=0.50run: 124
D1=1.50W=1.00run: 109
D1=1.00W=0.50run: 103
D1=1.00W=1.00run: 100
D1=1.50W=0.50run: 125
D1=1.50W=1.00run: 110
D1=1.00W=0.50run: 104
D1=1.50W=0.50run: 126
D1=1.00W=1.00run: 101
D1=1.50W=1.00run: 111
D1=1.50W=0.50run: 127
D1=1.00W=0.50run: 105
D1=1.00W=1.00run: 102
D1=1.50W=0.50run: 128
D1=1.50W=1.00run: 112
D1=1.00W=0.50run: 106
D1=1.00W=1.00run: 103
D1=1.50W=0.50run: 129
D1=1.50W=1.00run: 113
D1=1.50W=0.50run: 130
D1=1.00W=0.50run: 107
D1=1.00W=1.00run: 104
D1=1.50W=1.00run: 114
D1=1.50W=0.50run: 131
D1=1.00W=1.00run: 105
D1=1.00W=0.50run: 108
D1=1.50W=1.00run: 115
D1=1.50W=0.50run: 132
D1=1.00W=1.00run: 106
D1=1.00W=0.50run: 109
D1=1.50W=0.50run: 133
D1=1.50W=1.00run: 116
D1=1.50W=0.50run: 134
D1=1.00W=1.00run: 107
D1=1.00W=0.50run: 110
D1=1.50W=1.00run: 117
D1=1.50W=0.50run: 135
D1=1.00W=1.00run: 108
D1=1.00W=0.50run: 111
D1=1.50W=1.00run: 118
D1=1.50W=0.50run: 136
D1=1.00W=1.00run: 109
D1=1.50W=1.00run: 119
D1=1.00W=0.50run: 112
D1=1.50W=0.50run: 137
D1=1.50W=0.50run: 138
D1=1.50W=1.00run: 120
D1=1.00W=1.00run: 110
D1=1.00W=0.50run: 113
D1=1.50W=0.50run: 139
D1=1.50W=1.00run: 121
D1=1.00W=1.00run: 111
D1=1.00W=0.50run: 114
D1=1.50W=0.50run: 140
D1=1.50W=1.00run: 122
D1=1.00W=1.00run: 112
D1=1.00W=0.50run: 115
D1=1.50W=0.50run: 141
D1=1.50W=1.00run: 123
D1=1.50W=0.50run: 142
D1=1.00W=1.00run: 113
D1=1.00W=0.50run: 116
D1=1.50W=1.00run: 124
D1=1.50W=0.50run: 143
D1=1.00W=1.00run: 114
D1=1.00W=0.50run: 117
D1=1.50W=0.50run: 144
D1=1.50W=1.00run: 125
D1=1.00W=1.00run: 115
D1=1.50W=0.50run: 145
D1=1.00W=0.50run: 118
D1=1.50W=1.00run: 126
D1=1.50W=0.50run: 146
D1=1.00W=1.00run: 116
D1=1.00W=0.50run: 119
D1=1.50W=1.00run: 127
D1=1.50W=0.50run: 147
D1=1.00W=1.00run: 117
D1=1.00W=0.50run: 120
D1=1.50W=0.50run: 148
D1=1.50W=1.00run: 128
D1=1.00W=1.00run: 118
D1=1.50W=0.50run: 149
D1=1.00W=0.50run: 121
D1=1.50W=1.00run: 129
D1=1.50W=0.50run: 150
D1=1.00W=1.00run: 119
D1=1.00W=0.50run: 122
D1=1.50W=1.00run: 130
D1=1.50W=0.50run: 151
D1=1.00W=1.00run: 120
D1=1.00W=0.50run: 123
D1=1.50W=0.50run: 152
D1=1.50W=1.00run: 131
D1=1.00W=1.00run: 121
D1=1.50W=0.50run: 153
D1=1.00W=0.50run: 124
D1=1.50W=1.00run: 132
D1=1.50W=0.50run: 154
D1=1.00W=1.00run: 122
D1=1.00W=0.50run: 125
D1=1.50W=1.00run: 133
D1=1.50W=0.50run: 155
D1=1.00W=1.00run: 123
D1=1.50W=1.00run: 134
D1=1.00W=0.50run: 126
D1=1.50W=0.50run: 156
D1=1.00W=1.00run: 124
D1=1.50W=0.50run: 157
D1=1.50W=1.00run: 135
D1=1.00W=0.50run: 127
D1=1.50W=0.50run: 158
D1=1.00W=1.00run: 125
D1=1.50W=1.00run: 136
D1=1.00W=0.50run: 128
D1=1.50W=0.50run: 159
D1=1.00W=1.00run: 126
D1=1.50W=1.00run: 137
D1=1.50W=0.50run: 160
D1=1.00W=0.50run: 129
D1=1.00W=1.00run: 127
D1=1.50W=1.00run: 138
D1=1.50W=0.50run: 161
D1=1.00W=0.50run: 130
D1=1.50W=0.50run: 162
D1=1.00W=1.00run: 128
D1=1.50W=1.00run: 139
D1=1.00W=0.50run: 131
D1=1.50W=0.50run: 163
D1=1.00W=1.00run: 129
D1=1.50W=1.00run: 140
D1=1.50W=0.50run: 164
D1=1.00W=0.50run: 132
D1=1.50W=1.00run: 141
D1=1.00W=1.00run: 130
D1=1.50W=0.50run: 165
D1=1.00W=0.50run: 133
D1=1.50W=1.00run: 142
D1=1.50W=0.50run: 166
D1=1.00W=1.00run: 131
D1=1.00W=0.50run: 134
D1=1.50W=0.50run: 167
D1=1.50W=1.00run: 143
D1=1.00W=1.00run: 132
D1=1.50W=0.50run: 168
D1=1.00W=0.50run: 135
D1=1.50W=1.00run: 144
D1=1.00W=1.00run: 133
D1=1.50W=0.50run: 169
D1=1.00W=0.50run: 136
D1=1.50W=1.00run: 145
D1=1.50W=0.50run: 170
D1=1.00W=1.00run: 134
D1=1.00W=0.50run: 137
D1=1.50W=0.50run: 171
D1=1.50W=1.00run: 146
D1=1.00W=1.00run: 135
D1=1.50W=0.50run: 172
D1=1.00W=0.50run: 138
D1=1.50W=1.00run: 147
D1=1.00W=1.00run: 136
D1=1.50W=0.50run: 173
D1=1.50W=1.00run: 148
D1=1.00W=0.50run: 139
D1=1.50W=0.50run: 174
D1=1.00W=1.00run: 137
D1=1.50W=1.00run: 149
D1=1.00W=0.50run: 140
D1=1.50W=0.50run: 175
D1=1.50W=1.00run: 150
D1=1.00W=1.00run: 138
D1=1.00W=0.50run: 141
D1=1.50W=0.50run: 176
D1=1.50W=1.00run: 151
D1=1.00W=1.00run: 139
D1=1.00W=0.50run: 142
D1=1.50W=0.50run: 177
D1=1.50W=1.00run: 152
D1=1.00W=0.50run: 143
D1=1.50W=0.50run: 178
D1=1.00W=1.00run: 140
D1=1.50W=1.00run: 153
D1=1.50W=0.50run: 179
D1=1.00W=0.50run: 144
D1=1.00W=1.00run: 141
D1=1.50W=0.50run: 180
D1=1.50W=1.00run: 154
D1=1.00W=0.50run: 145
D1=1.00W=1.00run: 142
D1=1.50W=0.50run: 181
D1=1.50W=1.00run: 155
D1=1.00W=0.50run: 146
D1=1.00W=1.00run: 143
D1=1.50W=0.50run: 182
D1=1.50W=1.00run: 156
D1=1.00W=0.50run: 147
D1=1.50W=0.50run: 183
D1=1.00W=1.00run: 144
D1=1.50W=1.00run: 157
D1=1.00W=0.50run: 148
D1=1.50W=0.50run: 184
D1=1.00W=1.00run: 145
D1=1.50W=1.00run: 158
D1=1.00W=0.50run: 149
D1=1.50W=0.50run: 185
D1=1.50W=1.00run: 159
D1=1.00W=1.00run: 146
D1=1.00W=0.50run: 150
D1=1.50W=0.50run: 186
D1=1.50W=1.00run: 160
D1=1.00W=1.00run: 147
D1=1.00W=0.50run: 151
D1=1.50W=1.00run: 161
D1=1.50W=0.50run: 187
D1=1.00W=1.00run: 148
D1=1.00W=0.50run: 152
D1=1.50W=1.00run: 162
D1=1.50W=0.50run: 188
D1=1.00W=1.00run: 149
D1=1.50W=1.00run: 163
D1=1.00W=0.50run: 153
D1=1.50W=0.50run: 189
D1=1.50W=1.00run: 164
D1=1.00W=1.00run: 150
D1=1.00W=0.50run: 154
D1=1.50W=0.50run: 190
D1=1.50W=1.00run: 165
D1=1.00W=1.00run: 151
D1=1.00W=0.50run: 155
D1=1.50W=0.50run: 191
D1=1.50W=1.00run: 166
D1=1.00W=0.50run: 156
D1=1.00W=1.00run: 152
D1=1.50W=0.50run: 192
D1=1.50W=1.00run: 167
D1=1.00W=0.50run: 157
D1=1.00W=1.00run: 153
D1=1.50W=1.00run: 168
D1=1.50W=0.50run: 193
D1=1.00W=0.50run: 158
D1=1.50W=1.00run: 169
D1=1.00W=1.00run: 154
D1=1.50W=0.50run: 194
D1=1.00W=0.50run: 159
D1=1.50W=1.00run: 170
D1=1.00W=1.00run: 155
D1=1.50W=0.50run: 195
D1=1.00W=0.50run: 160
D1=1.50W=1.00run: 171
D1=1.00W=1.00run: 156
D1=1.50W=0.50run: 196
D1=1.50W=1.00run: 172
D1=1.00W=0.50run: 161
D1=1.50W=0.50run: 197
D1=1.00W=1.00run: 157
D1=1.50W=1.00run: 173
D1=1.00W=0.50run: 162
D1=1.50W=0.50run: 198
D1=1.50W=1.00run: 174
D1=1.00W=1.00run: 158
D1=1.00W=0.50run: 163
D1=1.50W=1.00run: 175
D1=1.50W=0.50run: 199
D1=1.00W=1.00run: 159
D1=1.00W=0.50run: 164
D1=1.50W=1.00run: 176
D1=1.00W=1.00run: 160
D1=1.00W=0.50run: 165
D1=1.50W=0.50run: 200
D1=1.50W=1.00run: 177
D1=1.00W=1.00run: 161
D1=1.00W=0.50run: 166
D1=1.50W=0.50run: 201
D1=1.00W=1.00run: 162
D1=1.00W=0.50run: 167
D1=1.50W=1.00run: 178
D1=1.50W=0.50run: 202
D1=1.00W=1.00run: 163
D1=1.00W=0.50run: 168
D1=1.50W=1.00run: 179
D1=1.00W=1.00run: 164
D1=1.00W=0.50run: 169
D1=1.50W=0.50run: 203
D1=1.50W=1.00run: 180
D1=1.00W=1.00run: 165
D1=1.00W=0.50run: 170
D1=1.50W=0.50run: 204
D1=1.50W=1.00run: 181
D1=1.00W=1.00run: 166
D1=1.00W=0.50run: 171
D1=1.50W=1.00run: 182
D1=1.50W=0.50run: 205
D1=1.00W=0.50run: 172
D1=1.00W=1.00run: 167
D1=1.50W=1.00run: 183
D1=1.00W=0.50run: 173
D1=1.00W=1.00run: 168
D1=1.50W=0.50run: 206
D1=1.00W=0.50run: 174
D1=1.00W=1.00run: 169
D1=1.50W=1.00run: 184
D1=1.50W=0.50run: 207
D1=1.00W=0.50run: 175
D1=1.00W=1.00run: 170
D1=1.50W=1.00run: 185
D1=1.00W=0.50run: 176
D1=1.50W=0.50run: 208
D1=1.00W=1.00run: 171
D1=1.50W=1.00run: 186
D1=1.50W=0.50run: 209
D1=1.00W=0.50run: 177
D1=1.00W=1.00run: 172
D1=1.50W=1.00run: 187
D1=1.50W=0.50run: 210
D1=1.50W=1.00run: 188
D1=1.00W=0.50run: 178
D1=1.00W=1.00run: 173
D1=1.50W=0.50run: 211
D1=1.50W=1.00run: 189
D1=1.00W=0.50run: 179
D1=1.00W=1.00run: 174
D1=1.50W=0.50run: 212
D1=1.50W=1.00run: 190
D1=1.00W=0.50run: 180
D1=1.00W=1.00run: 175
D1=1.50W=0.50run: 213
D1=1.50W=1.00run: 191
D1=1.50W=0.50run: 214
D1=1.00W=0.50run: 181
D1=1.00W=1.00run: 176
D1=1.50W=1.00run: 192
D1=1.50W=0.50run: 215
D1=1.50W=1.00run: 193
D1=1.00W=0.50run: 182
D1=1.00W=1.00run: 177
D1=1.50W=0.50run: 216
D1=1.50W=1.00run: 194
D1=1.00W=0.50run: 183
D1=1.00W=1.00run: 178
D1=1.50W=0.50run: 217
D1=1.50W=1.00run: 195
D1=1.00W=0.50run: 184
D1=1.00W=1.00run: 179
D1=1.50W=0.50run: 218
D1=1.50W=1.00run: 196
D1=1.50W=1.00run: 197
D1=1.50W=0.50run: 219
D1=1.00W=0.50run: 185
D1=1.00W=1.00run: 180
D1=1.50W=1.00run: 198
D1=1.50W=0.50run: 220
D1=1.00W=0.50run: 186
D1=1.00W=1.00run: 181
D1=1.50W=1.00run: 199
D1=1.50W=0.50run: 221
D1=1.00W=0.50run: 187
D1=1.50W=1.00run: 200
D1=1.00W=1.00run: 182
D1=1.50W=0.50run: 222
D1=1.50W=1.00run: 201
D1=1.00W=0.50run: 188
D1=1.50W=0.50run: 223
D1=1.00W=1.00run: 183
D1=1.50W=1.00run: 202
D1=1.50W=0.50run: 224
D1=1.00W=0.50run: 189
D1=1.00W=1.00run: 184
D1=1.50W=1.00run: 203
D1=1.50W=0.50run: 225
D1=1.00W=0.50run: 190
D1=1.50W=1.00run: 204
D1=1.00W=1.00run: 185
D1=1.50W=0.50run: 226
D1=1.50W=1.00run: 205
D1=1.00W=0.50run: 191
D1=1.50W=0.50run: 227
D1=1.00W=1.00run: 186
D1=1.50W=1.00run: 206
D1=1.50W=0.50run: 228
D1=1.00W=0.50run: 192
D1=1.50W=1.00run: 207
D1=1.00W=1.00run: 187
D1=1.50W=0.50run: 229
D1=1.50W=1.00run: 208
D1=1.00W=0.50run: 193
D1=1.00W=1.00run: 188
D1=1.50W=0.50run: 230
D1=1.50W=1.00run: 209
D1=1.00W=0.50run: 194
D1=1.00W=1.00run: 189
D1=1.50W=0.50run: 231
D1=1.50W=1.00run: 210
D1=1.00W=0.50run: 195
D1=1.50W=0.50run: 232
D1=1.50W=1.00run: 211
D1=1.00W=1.00run: 190
D1=1.50W=0.50run: 233
D1=1.50W=1.00run: 212
D1=1.00W=0.50run: 196
D1=1.00W=1.00run: 191
D1=1.50W=1.00run: 213
D1=1.50W=0.50run: 234
D1=1.00W=0.50run: 197
D1=1.50W=1.00run: 214
D1=1.00W=1.00run: 192
D1=1.50W=0.50run: 235
D1=1.50W=1.00run: 215
D1=1.00W=0.50run: 198
D1=1.50W=0.50run: 236
D1=1.00W=1.00run: 193
D1=1.50W=1.00run: 216
D1=1.50W=0.50run: 237
D1=1.00W=0.50run: 199
D1=1.00W=1.00run: 194
D1=1.50W=1.00run: 217
D1=1.50W=0.50run: 238
D1=1.50W=1.00run: 218
D1=1.00W=0.50run: 200
D1=1.00W=1.00run: 195
D1=1.50W=0.50run: 239
D1=1.50W=1.00run: 219
D1=1.00W=0.50run: 201
D1=1.50W=0.50run: 240
D1=1.00W=1.00run: 196
D1=1.50W=1.00run: 220
D1=1.50W=0.50run: 241
D1=1.00W=0.50run: 202
D1=1.50W=1.00run: 221
D1=1.00W=1.00run: 197
D1=1.50W=1.00run: 222
D1=1.50W=0.50run: 242
D1=1.00W=0.50run: 203
D1=1.00W=1.00run: 198
D1=1.50W=1.00run: 223
D1=1.50W=0.50run: 243
D1=1.00W=0.50run: 204
D1=1.50W=1.00run: 224
D1=1.00W=1.00run: 199
D1=1.50W=0.50run: 244
D1=1.50W=1.00run: 225
D1=1.00W=0.50run: 205
D1=1.00W=1.00run: 200
D1=1.50W=1.00run: 226
D1=1.50W=0.50run: 245
D1=1.00W=0.50run: 206
D1=1.50W=1.00run: 227
D1=1.00W=1.00run: 201
D1=1.50W=0.50run: 246
D1=1.50W=1.00run: 228
D1=1.00W=0.50run: 207
D1=1.00W=1.00run: 202
D1=1.50W=0.50run: 247
D1=1.50W=1.00run: 229
D1=1.00W=0.50run: 208
D1=1.50W=1.00run: 230
D1=1.00W=1.00run: 203
D1=1.50W=0.50run: 248
D1=1.50W=1.00run: 231
D1=1.00W=0.50run: 209
D1=1.00W=1.00run: 204
D1=1.50W=0.50run: 249
D1=1.50W=1.00run: 232
D1=1.00W=0.50run: 210
D1=1.00W=1.00run: 205
D1=1.50W=1.00run: 233
D1=1.50W=0.50run: 250
D1=1.00W=0.50run: 211
D1=1.50W=1.00run: 234
D1=1.00W=1.00run: 206
D1=1.50W=0.50run: 251
D1=1.50W=1.00run: 235
D1=1.00W=0.50run: 212
D1=1.50W=0.50run: 252
D1=1.00W=1.00run: 207
D1=1.50W=1.00run: 236
D1=1.00W=0.50run: 213
D1=1.50W=1.00run: 237
D1=1.50W=0.50run: 253
D1=1.00W=1.00run: 208
D1=1.50W=1.00run: 238
D1=1.00W=0.50run: 214
D1=1.50W=0.50run: 254
D1=1.00W=1.00run: 209
D1=1.50W=1.00run: 239
D1=1.00W=0.50run: 215
D1=1.50W=1.00run: 240
D1=1.50W=0.50run: 255
D1=1.00W=1.00run: 210
D1=1.50W=1.00run: 241
D1=1.00W=0.50run: 216
D1=1.50W=0.50run: 256
D1=1.00W=1.00run: 211
D1=1.50W=1.00run: 242
D1=1.50W=0.50run: 257
D1=1.00W=0.50run: 217
D1=1.50W=1.00run: 243
D1=1.00W=1.00run: 212
D1=1.50W=0.50run: 258
D1=1.00W=0.50run: 218
D1=1.50W=1.00run: 244
D1=1.00W=1.00run: 213
D1=1.50W=0.50run: 259
D1=1.50W=1.00run: 245
D1=1.00W=0.50run: 219
D1=1.00W=1.00run: 214
D1=1.50W=0.50run: 260
D1=1.50W=1.00run: 246
D1=1.00W=0.50run: 220
D1=1.00W=1.00run: 215
D1=1.50W=1.00run: 247
D1=1.50W=0.50run: 261
D1=1.00W=0.50run: 221
D1=1.00W=1.00run: 216
D1=1.50W=1.00run: 248
D1=1.50W=0.50run: 262
D1=1.00W=0.50run: 222
D1=1.50W=1.00run: 249
D1=1.00W=1.00run: 217
D1=1.50W=0.50run: 263
D1=1.00W=0.50run: 223
D1=1.50W=1.00run: 250
D1=1.00W=1.00run: 218
D1=1.50W=0.50run: 264
D1=1.00W=0.50run: 224
D1=1.50W=1.00run: 251
D1=1.00W=1.00run: 219
D1=1.50W=0.50run: 265
D1=1.50W=1.00run: 252
D1=1.00W=0.50run: 225
D1=1.50W=0.50run: 266
D1=1.00W=1.00run: 220
D1=1.50W=1.00run: 253
D1=1.00W=0.50run: 226
D1=1.50W=1.00run: 254
D1=1.50W=0.50run: 267
D1=1.00W=1.00run: 221
D1=1.00W=0.50run: 227
D1=1.50W=1.00run: 255
D1=1.50W=0.50run: 268
D1=1.00W=1.00run: 222
D1=1.50W=1.00run: 256
D1=1.00W=0.50run: 228
D1=1.50W=0.50run: 269
D1=1.00W=1.00run: 223
D1=1.50W=1.00run: 257
D1=1.00W=0.50run: 229
D1=1.50W=0.50run: 270
D1=1.50W=1.00run: 258
D1=1.00W=1.00run: 224
D1=1.00W=0.50run: 230
D1=1.50W=0.50run: 271
D1=1.50W=1.00run: 259
D1=1.00W=1.00run: 225
D1=1.00W=0.50run: 231
D1=1.50W=1.00run: 260
D1=1.50W=0.50run: 272
D1=1.00W=1.00run: 226
D1=1.50W=1.00run: 261
D1=1.50W=0.50run: 273
D1=1.00W=0.50run: 232
D1=1.50W=1.00run: 262
D1=1.00W=1.00run: 227
D1=1.50W=0.50run: 274
D1=1.00W=0.50run: 233
D1=1.50W=1.00run: 263
D1=1.00W=1.00run: 228
D1=1.50W=0.50run: 275
D1=1.50W=1.00run: 264
D1=1.00W=0.50run: 234
D1=1.50W=1.00run: 265
D1=1.00W=1.00run: 229
D1=1.50W=0.50run: 276
D1=1.00W=0.50run: 235
D1=1.50W=1.00run: 266
D1=1.00W=1.00run: 230
D1=1.50W=0.50run: 277
D1=1.00W=0.50run: 236
D1=1.50W=1.00run: 267
D1=1.50W=0.50run: 278
D1=1.00W=1.00run: 231
D1=1.50W=1.00run: 268
D1=1.00W=0.50run: 237
D1=1.50W=1.00run: 269
D1=1.50W=0.50run: 279
D1=1.00W=1.00run: 232
D1=1.00W=0.50run: 238
D1=1.50W=1.00run: 270
D1=1.50W=0.50run: 280
D1=1.00W=1.00run: 233
D1=1.50W=1.00run: 271
D1=1.00W=0.50run: 239
D1=1.50W=0.50run: 281
D1=1.50W=1.00run: 272
D1=1.00W=1.00run: 234
D1=1.00W=0.50run: 240
D1=1.50W=0.50run: 282
D1=1.50W=1.00run: 273
D1=1.00W=1.00run: 235
D1=1.00W=0.50run: 241
D1=1.50W=1.00run: 274
D1=1.50W=0.50run: 283
D1=1.00W=1.00run: 236
D1=1.50W=1.00run: 275
D1=1.00W=0.50run: 242
D1=1.50W=0.50run: 284
D1=1.50W=1.00run: 276
D1=1.00W=1.00run: 237
D1=1.00W=0.50run: 243
D1=1.50W=0.50run: 285
D1=1.50W=1.00run: 277
D1=1.00W=1.00run: 238
D1=1.50W=1.00run: 278
D1=1.50W=0.50run: 286
D1=1.00W=0.50run: 244
D1=1.00W=1.00run: 239
D1=1.50W=1.00run: 279
D1=1.50W=0.50run: 287
D1=1.00W=0.50run: 245
D1=1.50W=1.00run: 280
D1=1.00W=1.00run: 240
D1=1.50W=0.50run: 288
D1=1.00W=0.50run: 246
D1=1.50W=1.00run: 281
D1=1.00W=1.00run: 241
D1=1.50W=0.50run: 289
D1=1.00W=0.50run: 247
D1=1.50W=1.00run: 282
D1=1.50W=0.50run: 290
D1=1.00W=1.00run: 242
D1=1.50W=1.00run: 283
D1=1.00W=0.50run: 248
D1=1.50W=1.00run: 284
D1=1.50W=0.50run: 291
D1=1.00W=1.00run: 243
D1=1.00W=0.50run: 249
D1=1.50W=1.00run: 285
D1=1.50W=0.50run: 292
D1=1.00W=1.00run: 244
D1=1.50W=1.00run: 286
D1=1.00W=0.50run: 250
D1=1.50W=0.50run: 293
D1=1.50W=1.00run: 287
D1=1.00W=1.00run: 245
D1=1.00W=0.50run: 251
D1=1.50W=1.00run: 288
D1=1.50W=0.50run: 294
D1=1.00W=1.00run: 246
D1=1.00W=0.50run: 252
D1=1.50W=1.00run: 289
D1=1.50W=0.50run: 295
D1=1.50W=1.00run: 290
D1=1.00W=1.00run: 247
D1=1.00W=0.50run: 253
D1=1.50W=0.50run: 296
D1=1.50W=1.00run: 291
D1=1.00W=1.00run: 248
D1=1.00W=0.50run: 254
D1=1.50W=1.00run: 292
D1=1.50W=0.50run: 297
D1=1.00W=1.00run: 249
D1=1.50W=1.00run: 293
D1=1.00W=0.50run: 255
D1=1.50W=0.50run: 298
D1=1.50W=1.00run: 294
D1=1.00W=1.00run: 250
D1=1.00W=0.50run: 256
D1=1.50W=0.50run: 299
D1=1.50W=1.00run: 295
D1=1.00W=1.00run: 251
D1=1.00W=0.50run: 257
D1=1.50W=0.50run: 300
D1=1.50W=1.00run: 296
D1=1.50W=1.00run: 297
D1=1.00W=1.00run: 252
D1=1.50W=0.50run: 301
D1=1.00W=0.50run: 258
D1=1.50W=1.00run: 298
D1=1.00W=1.00run: 253
D1=1.50W=0.50run: 302
D1=1.00W=0.50run: 259
D1=1.50W=1.00run: 299
D1=1.50W=0.50run: 303
D1=1.00W=1.00run: 254
D1=1.50W=1.00run: 300
D1=1.00W=0.50run: 260
D1=1.50W=1.00run: 301
D1=1.50W=0.50run: 304
D1=1.00W=1.00run: 255
D1=1.00W=0.50run: 261
D1=1.50W=1.00run: 302
D1=1.50W=0.50run: 305
D1=1.00W=1.00run: 256
D1=1.00W=0.50run: 262
D1=1.50W=1.00run: 303
