Requirement already satisfied: imageio in /home/users/dylan24/.local/lib/python3.9/site-packages (2.31.1)
Requirement already satisfied: numpy in /share/software/user/open/py-numpy/1.24.2_py39/lib/python3.9/site-packages (from imageio) (1.24.2)
Requirement already satisfied: pillow>=8.3.2 in /share/software/user/open/py-matplotlib/3.7.1_py39/lib/python3.9/site-packages (from imageio) (9.5.0)
Delta_1=1.00
W=0.50
run: 0
run: 1
run: 2
run: 3
run: 4
run: 5
run: 6
run: 7
run: 8
run: 9
run: 10
run: 11
run: 12
run: 13
run: 14
run: 15
run: 16
run: 17
run: 18
run: 19
run: 20
run: 21
run: 22
run: 23
run: 24
run: 25
run: 26
run: 27
run: 28
run: 29
run: 30
run: 31
run: 32
run: 33
run: 34
run: 35
run: 36
run: 37
run: 38
run: 39
run: 40
run: 41
run: 42
run: 43
run: 44
run: 45
run: 46
run: 47
run: 48
run: 49
Time per run per time step: 0.407
W=1.00
run: 0
run: 1
run: 2
run: 3
run: 4
run: 5
run: 6
run: 7
run: 8
run: 9
run: 10
run: 11
run: 12
run: 13
run: 14
run: 15
run: 16
run: 17
run: 18
run: 19
run: 20
run: 21
run: 22
run: 23
run: 24
run: 25
run: 26
run: 27
run: 28
run: 29
run: 30
run: 31
run: 32
run: 33
run: 34
run: 35
run: 36
run: 37
run: 38
run: 39
run: 40
run: 41
run: 42
run: 43
run: 44
run: 45
run: 46
run: 47
run: 48
run: 49
Time per run per time step: 0.396
Delta_1=1.50
W=0.50
run: 0
run: 1
run: 2
run: 3
run: 4
run: 5
run: 6
run: 7
run: 8
run: 9
run: 10
run: 11
run: 12
run: 13
run: 14
run: 15
run: 16
run: 17
run: 18
run: 19
run: 20
run: 21
run: 22
run: 23
run: 24
run: 25
run: 26
run: 27
run: 28
run: 29
run: 30
run: 31
run: 32
run: 33
run: 34
run: 35
run: 36
run: 37
run: 38
run: 39
run: 40
run: 41
run: 42
run: 43
run: 44
run: 45
run: 46
run: 47
run: 48
run: 49
Time per run per time step: 0.409
W=1.00
run: 0
run: 1
run: 2
run: 3
run: 4
run: 5
run: 6
run: 7
run: 8
run: 9
run: 10
run: 11
run: 12
run: 13
run: 14
run: 15
run: 16
run: 17
run: 18
run: 19
run: 20
run: 21
run: 22
run: 23
run: 24
run: 25
run: 26
run: 27
run: 28
run: 29
run: 30
run: 31
run: 32
run: 33
run: 34
run: 35
run: 36
run: 37
run: 38
run: 39
run: 40
run: 41
run: 42
run: 43
run: 44
run: 45
run: 46
run: 47
run: 48
run: 49
Time per run per time step: 0.409
