Requirement already satisfied: imageio in /home/users/dylan24/.local/lib/python3.9/site-packages (2.31.1)
Requirement already satisfied: numpy in /share/software/user/open/py-numpy/1.24.2_py39/lib/python3.9/site-packages (from imageio) (1.24.2)
Requirement already satisfied: pillow>=8.3.2 in /share/software/user/open/py-matplotlib/3.7.1_py39/lib/python3.9/site-packages (from imageio) (9.5.0)
Diagonalizing op_1 for typicality took time 0.017
L=12,Delta_1=1.00,Delta_2=0.00,g = 0.20
6.661338147750939e-16
^Checking if each right eigenvector is normalized^
460
^number of eigenvalues with |imaginary part| > 1e-10^
Time taken to get left and right eigenvectors: 3.749
[-5.45701185e+00-0.j         -4.95643929e+00+0.32472344j
 -4.95643929e+00-0.32472344j -4.62718764e+00+0.j
 -4.62718764e+00+0.j         -4.19124026e+00+0.25520682j
 -4.19124026e+00-0.25520682j -4.19124026e+00-0.25520682j
 -4.19124026e+00+0.25520682j -3.95553621e+00-0.02342988j
 -3.95553621e+00+0.02342988j -3.94489763e+00+0.j
  3.06614279e+00-0.j         -3.70246887e+00+0.17184994j
 -3.95553621e+00+0.02342988j -3.95553621e+00-0.02342988j
 -3.70246887e+00-0.17184994j -3.52541434e+00+0.47245173j
 -3.52541434e+00-0.47245173j  2.91710427e+00-0.j
 -3.61679576e+00+0.08771789j -3.61679576e+00-0.08771789j
 -3.61679576e+00-0.08771789j -3.70246887e+00+0.17184994j
 -3.70246887e+00-0.17184994j -3.44969688e+00+0.14561454j
 -3.44969688e+00-0.14561454j -3.43286806e+00+0.16138395j
 -3.43286806e+00-0.16138395j  2.91710427e+00+0.j
 -3.61679576e+00+0.08771789j  2.78972177e+00-0.j
  2.78972177e+00-0.j          2.71773309e+00+0.j
  2.60410249e+00-0.29609676j -3.30524394e+00+0.j
  2.60410249e+00+0.29609676j  2.66410430e+00+0.j
 -3.30524394e+00+0.j         -3.43286806e+00+0.16138395j
 -3.43286806e+00-0.16138395j  2.56012475e+00-0.j
  2.54669477e+00-0.1975759j   2.54669477e+00-0.1975759j
 -3.24076119e+00-0.j          2.54669477e+00+0.1975759j
  2.56234504e+00-0.09710661j  2.56234504e+00+0.09710661j
 -3.24583873e+00-0.j         -3.24583873e+00+0.j
  2.54669477e+00+0.1975759j   2.56234504e+00-0.09710661j
  2.53667980e+00-0.j          2.56234504e+00+0.09710661j
 -2.92468919e+00-0.38320694j -2.92468919e+00+0.38320694j
 -2.92468919e+00+0.38320694j -2.92468919e+00-0.38320694j
 -3.24076119e+00+0.j          2.55751979e+00+0.j
 -2.99304874e+00+0.11155514j -2.82899388e+00-0.j
 -2.99304874e+00-0.11155514j -2.87673158e+00-0.27036073j
 -2.87673158e+00+0.27036073j -2.87673158e+00+0.27036073j
 -2.87673158e+00-0.27036073j  2.55751979e+00+0.j
 -2.99304874e+00+0.11155514j -2.99304874e+00-0.11155514j
 -2.90757662e+00+0.j         -2.99530503e+00-0.j
  2.53667980e+00+0.j         -2.93672636e+00+0.05541409j
 -2.93672636e+00-0.05541409j -2.93672636e+00-0.05541409j
 -2.99530503e+00+0.j         -2.93672636e+00+0.05541409j
 -2.94925365e+00-0.j         -2.94878031e+00+0.j
 -2.94925365e+00+0.j         -2.94878031e+00+0.j
 -2.90757662e+00+0.j          2.66410430e+00+0.j
  2.44156485e+00+0.09687736j  2.44156485e+00-0.09687736j
 -2.68860901e+00-0.31206172j -2.68860901e+00-0.31206172j
 -2.68860901e+00+0.31206172j -2.68728389e+00+0.j
 -2.68860901e+00+0.31206172j -2.68076576e+00+0.j
 -2.82899388e+00+0.j          2.56012475e+00+0.j
 -2.32993738e+00-0.30327745j -2.32993738e+00+0.30327745j
  2.43826312e+00+0.j         -2.68728389e+00+0.j
 -2.56158580e+00+0.j          2.43826312e+00-0.j
 -2.58067993e+00-0.j         -2.40044574e+00-0.j
 -2.41820070e+00-0.j         -2.44508266e+00+0.j
 -2.45760966e+00+0.j          2.29776925e+00-0.j
 -2.51515314e+00-0.j          2.17020182e+00-0.21981006j
  2.31669444e+00+0.00919316j  2.31669444e+00-0.00919316j
  2.17020182e+00+0.21981006j  2.10310474e+00-0.j
  2.33144299e+00-0.j          2.09873286e+00+0.j
  2.17020182e+00+0.21981006j  2.21502081e+00-0.12384737j
  2.21502081e+00+0.12384737j  2.17020182e+00-0.21981006j
  2.31669444e+00+0.00919316j  2.31669444e+00-0.00919316j
  2.33144299e+00+0.j         -2.58418651e+00-0.j
  2.21502081e+00+0.12384737j  2.21502081e+00-0.12384737j
  2.16525886e+00+0.j          2.31851077e+00+0.j
 -2.58851902e+00-0.j         -2.58851902e+00+0.j
  2.31851077e+00+0.j         -2.48284236e+00+0.j
 -2.51620714e+00-0.j         -2.48284236e+00-0.j
 -2.51620714e+00+0.j          2.16525886e+00+0.j
 -2.58418651e+00-0.j         -2.33846361e+00-0.08792915j
 -2.33846361e+00+0.08792915j -2.10196447e+00+0.25447071j
 -2.17884676e+00-0.30749985j -2.10196447e+00-0.25447071j
 -2.25759766e+00-0.12125825j -2.17884676e+00+0.30749985j
 -2.17884676e+00-0.30749985j -2.17884676e+00+0.30749985j
 -2.30230696e+00+0.j          2.03550010e+00-0.05409371j
  1.89954049e+00+0.j          1.96196447e+00+0.j
 -2.17242249e+00+0.j          1.96375329e+00+0.j
  2.02463631e+00-0.11919762j  2.02463631e+00+0.11919762j
  1.95997814e+00-0.j         -2.17900469e+00-0.2058744j
 -2.17900469e+00-0.2058744j  -2.12086740e+00+0.j
 -2.17900469e+00+0.2058744j   2.02463631e+00-0.11919762j
  2.02463631e+00+0.11919762j  2.03550010e+00+0.05409371j
  2.03550010e+00+0.05409371j -2.17900469e+00+0.2058744j
  2.09873286e+00+0.j         -2.25759766e+00+0.12125825j
 -2.25759766e+00+0.12125825j  1.89097747e+00-0.14029124j
  2.03259619e+00+0.j          2.06533375e+00-0.j
  2.04507199e+00+0.j          2.06533375e+00+0.j
  2.04507199e+00-0.j         -2.29723376e+00-0.03694258j
  1.89097747e+00+0.14029124j -2.29723376e+00+0.03694258j
  1.89097747e+00+0.14029124j -2.21587766e+00-0.06102332j
 -2.29723376e+00-0.03694258j -2.29723376e+00+0.03694258j
 -2.21587766e+00+0.06102332j -2.21587766e+00-0.06102332j
 -2.21587766e+00+0.06102332j  1.89097747e+00-0.14029124j
  2.03259619e+00+0.j          2.03550010e+00-0.05409371j
  1.84485544e+00+0.03212386j  1.88400202e+00+0.j
  1.87428658e+00-0.j          1.84485544e+00-0.03212386j
  1.84485544e+00+0.03212386j  1.87428658e+00-0.j
  1.80314634e+00-0.j          1.84485544e+00-0.03212386j
 -1.97362882e+00-0.24415882j -1.97362882e+00+0.24415882j
 -2.45760966e+00-0.j         -2.44508266e+00-0.j
 -2.33846361e+00+0.08792915j -2.40044574e+00+0.j
 -2.33846361e+00-0.08792915j -2.10196447e+00-0.25447071j
 -2.10196447e+00+0.25447071j -2.25759766e+00-0.12125825j
  1.81513889e+00+0.j          1.81513889e+00-0.j
 -2.00744436e+00+0.j          1.80314634e+00+0.j
 -2.17242249e+00+0.j         -2.14554901e+00+0.j
 -2.06908906e+00-0.j         -2.09264134e+00+0.j
 -2.12086740e+00-0.j         -2.05593466e+00-0.j
 -2.06908906e+00-0.j         -2.09264134e+00+0.j
 -2.05593466e+00-0.j         -2.10221846e+00+0.j
 -2.10221846e+00-0.j         -2.14554901e+00-0.j
  1.72472898e+00-0.14850401j  1.72472898e+00+0.14850401j
 -2.30230696e+00+0.j          1.62135351e+00+0.25563665j
  1.62135351e+00-0.25563665j  1.62135351e+00+0.25563665j
  1.62135351e+00-0.25563665j  1.96196447e+00-0.j
  1.95997814e+00-0.j          1.96375329e+00+0.j
 -1.91820254e+00+0.0294913j  -1.91820254e+00-0.0294913j
 -1.94506240e+00+0.j         -1.89316677e+00-0.j
 -1.84588836e+00+0.j          1.70776470e+00+0.13910245j
  1.89954049e+00-0.j         -1.94042418e+00+0.j
 -1.86446961e+00+0.j         -1.85963697e+00+0.j
  1.70776470e+00-0.13910245j  1.70776470e+00+0.13910245j
  1.70776470e+00-0.13910245j  1.76918601e+00+0.j
  1.74411299e+00+0.j          1.74411299e+00-0.j
 -2.00744436e+00-0.j          1.76918601e+00-0.j
 -1.55927445e+00-0.44485297j -1.55927445e+00+0.44485297j
 -1.97362882e+00+0.24415882j -1.97362882e+00-0.24415882j
  1.32639309e+00-0.39703992j -1.69087033e+00+0.13541084j
 -1.69087033e+00-0.13541084j  1.32639309e+00+0.39703992j
 -1.73902822e+00+0.j         -1.72375170e+00+0.j
  1.55684562e+00-0.14290111j  1.55684562e+00+0.14290111j
 -1.73162028e+00+0.j          1.53121959e+00-0.26160988j
  1.53121959e+00+0.26160988j  1.53121959e+00+0.26160988j
 -1.89316677e+00+0.j          1.53121959e+00-0.26160988j
  1.57510888e+00-0.j          1.57313247e+00+0.j
  1.63357517e+00+0.03325596j  1.63357517e+00-0.03325596j
 -1.82318176e+00+0.j         -1.79794685e+00+0.j
  1.62281578e+00+0.j         -1.79794685e+00+0.j
 -1.86446961e+00-0.j          1.62281578e+00-0.j
 -1.82318176e+00-0.j          1.63357517e+00+0.03325596j
  1.63357517e+00-0.03325596j  1.44552433e+00+0.15901037j
 -1.50683488e+00-0.22806093j -1.94506240e+00+0.j
 -1.50683488e+00+0.22806093j -1.57083127e+00-0.17534912j
 -1.94042418e+00-0.j         -1.59771483e+00-0.23446456j
 -1.59771483e+00-0.23446456j -1.59771483e+00+0.23446456j
 -1.59771483e+00+0.23446456j -1.85963697e+00-0.j
 -1.69087033e+00-0.13541084j -1.69087033e+00+0.13541084j
 -1.64930379e+00-0.j         -1.61504040e+00-0.j
 -1.60909996e+00+0.j          1.44552433e+00-0.15901037j
  1.44552433e+00-0.15901037j -1.57083127e+00+0.17534912j
  1.50510382e+00+0.0503888j   1.56262801e+00-0.j
  1.50510382e+00+0.0503888j   1.50510382e+00-0.0503888j
  1.50510382e+00-0.0503888j  -1.57083127e+00+0.17534912j
  1.53899365e+00+0.j         -1.69069744e+00-0.j
  1.56262801e+00-0.j         -1.72375170e+00-0.j
  1.57510888e+00-0.j          1.53664753e+00+0.j
  1.53664753e+00-0.j         -1.73902822e+00+0.j
  1.57313247e+00-0.j         -1.69069744e+00-0.j
 -1.73162028e+00-0.j          1.44552433e+00+0.15901037j
  1.40893561e+00+0.j          1.44645110e+00-0.09121584j
  1.44645110e+00+0.09121584j  1.44645110e+00+0.09121584j
  1.44645110e+00-0.09121584j  1.49752972e+00+0.j
  1.49752972e+00+0.j         -1.21143409e+00+0.38821924j
 -1.46624389e+00-0.17386598j -1.50683488e+00-0.22806093j
 -1.57083127e+00-0.17534912j -1.23492725e+00+0.36270825j
 -1.21143409e+00-0.38821924j -1.50683488e+00+0.22806093j
 -1.21143409e+00-0.38821924j -1.23492725e+00-0.36270825j
  1.53899365e+00-0.j         -1.23492725e+00+0.36270825j
 -1.23492725e+00-0.36270825j -1.52442514e+00-0.j
 -1.46624389e+00+0.17386598j -1.46624389e+00+0.17386598j
 -1.59800550e+00-0.j         -1.58494282e+00-0.j
 -1.56007685e+00+0.07109452j -1.56007685e+00-0.07109452j
 -1.56007685e+00+0.07109452j -1.56007685e+00-0.07109452j
 -1.58494282e+00+0.j         -1.59800550e+00-0.j
 -1.61504040e+00-0.j          1.06683837e+00+0.30093647j
  1.06683837e+00-0.30093647j -1.21143409e+00+0.38821924j
  1.29698015e+00+0.18890416j  1.29698015e+00+0.18890416j
  1.29698015e+00-0.18890416j  1.29698015e+00-0.18890416j
  1.13882083e+00-0.15394351j -1.64930379e+00+0.j
 -1.46624389e+00-0.17386598j  1.32920477e+00-0.05754573j
 -1.37504733e+00+0.19738811j -1.34611264e+00+0.19545608j
 -1.34611264e+00-0.19545608j  1.44984602e+00-0.j
 -1.39850027e+00-0.19086733j -1.39850027e+00-0.19086733j
  1.28982075e+00-0.03955035j  1.28982075e+00+0.03955035j
 -1.39850027e+00+0.19086733j -1.39850027e+00+0.19086733j
  1.44984602e+00-0.j          1.31033082e+00+0.j
 -1.37504733e+00-0.19738811j  1.32920477e+00+0.05754573j
  1.38089856e+00+0.j          1.37175064e+00-0.j
  1.34452349e+00+0.j         -1.37504733e+00-0.19738811j
  1.34452349e+00-0.j          1.32920477e+00+0.05754573j
  1.37175064e+00+0.j          1.38089856e+00-0.j
  1.13882083e+00-0.15394351j  1.14394970e+00-0.j
  1.19578765e+00+0.j          1.32920477e+00-0.05754573j
  1.28982075e+00+0.03955035j  1.13882083e+00+0.15394351j
  1.13882083e+00+0.15394351j  1.28982075e+00-0.03955035j
  1.31033082e+00-0.j          1.21281223e+00+0.j
  1.29823241e+00+0.j          1.29823241e+00-0.j
  1.21281223e+00-0.j         -1.12953630e+00+0.14304115j
 -1.12953630e+00-0.14304115j  1.28105290e+00+0.j
  1.28105290e+00-0.j         -1.37504733e+00+0.19738811j
 -1.34611264e+00+0.19545608j -1.34611264e+00-0.19545608j
 -1.47662515e+00+0.j         -1.35063864e+00+0.j
 -1.44148489e+00-0.j         -1.46433396e+00-0.j
 -1.47777788e+00+0.j         -1.47777788e+00+0.j
 -1.21590678e+00-0.j         -1.47662515e+00-0.j
 -1.46433396e+00-0.j         -1.22458025e+00+0.j
 -1.26658224e+00+0.j         -1.25264783e+00+0.j
 -1.45818524e+00-0.j         -1.45818524e+00-0.j
 -1.25371867e+00+0.j         -1.42935029e+00+0.j
 -1.40628699e+00+0.j         -1.25637960e+00-0.j
 -1.38326825e+00-0.j         -1.36957844e+00+0.j
 -1.41780111e+00-0.j         -1.36957844e+00+0.j
 -1.41780111e+00+0.j         -1.25473727e+00-0.j
 -1.40628699e+00+0.j         -1.43117944e+00+0.j
 -1.43117944e+00+0.j         -1.28914005e+00-0.j
 -1.38326825e+00-0.j         -1.28914005e+00-0.j
 -1.42935029e+00+0.j         -1.25637960e+00+0.j
 -1.25473727e+00-0.j          1.06683837e+00-0.30093647j
  1.06683837e+00+0.30093647j  1.09720319e+00-0.07187763j
  1.09720319e+00+0.07187763j  1.09720319e+00+0.07187763j
  1.11725624e+00+0.j          1.11725624e+00-0.j
  1.09720319e+00-0.07187763j -1.18080013e+00+0.j
 -1.18080013e+00-0.j         -1.21590678e+00-0.j
 -1.25371867e+00-0.j         -1.22458025e+00+0.j
  1.19578765e+00-0.j          8.92017053e-01+0.19482951j
 -8.54743101e-01+0.34740818j -8.54743101e-01-0.34740818j
  1.08092554e+00-0.j          9.46886204e-01+0.18740913j
  9.46886204e-01-0.18740913j  9.46886204e-01+0.18740913j
  9.46886204e-01-0.18740913j  1.07344116e+00+0.j
  8.92017053e-01-0.19482951j  8.92017053e-01-0.19482951j
  1.10749716e+00-0.j          1.10749716e+00-0.j
 -1.44148489e+00+0.j         -1.12953630e+00+0.14304115j
 -1.12953630e+00-0.14304115j -1.14115159e+00+0.j
 -1.35063864e+00+0.j         -1.26658224e+00+0.j
 -1.12209328e+00+0.j         -1.12209328e+00+0.j
 -1.25264783e+00+0.j          5.11637116e-01+0.35492374j
  5.11637116e-01-0.35492374j  6.59929990e-01-0.3393201j
  6.59929990e-01+0.3393201j   6.59929990e-01+0.3393201j
  6.59929990e-01-0.3393201j   1.05286795e+00+0.j
  1.05569641e+00-0.j          1.07344116e+00+0.j
 -8.07082201e-01+0.30331972j -8.07082201e-01-0.30331972j
  1.03725229e+00+0.j          1.03725229e+00+0.j
 -9.49995961e-01-0.18189773j -9.49995961e-01+0.18189773j
 -9.49995961e-01+0.18189773j -9.49995961e-01-0.18189773j
 -1.04472857e+00+0.j         -1.03325514e+00+0.11193922j
 -1.03325514e+00-0.11193922j -1.06800655e+00-0.04606836j
 -1.03325514e+00-0.11193922j -1.03325514e+00+0.11193922j
 -1.14115159e+00-0.j         -1.10305918e+00+0.j
 -1.06800655e+00+0.04606836j -1.06800655e+00+0.04606836j
 -1.06800655e+00-0.04606836j  8.92017053e-01+0.19482951j
 -8.88946606e-01-0.16447205j -8.88946606e-01+0.16447205j
  7.06937914e-01+0.21155416j  7.06937914e-01-0.21155416j
 -5.97832007e-01+0.31165463j -1.07063431e+00+0.j
 -8.88442114e-01-0.16268896j  9.60875862e-01+0.06408253j
  9.36888885e-01+0.j         -6.30356703e-01+0.32019295j
 -6.30356703e-01+0.32019295j  1.05569641e+00+0.j
 -6.30356703e-01-0.32019295j -6.69740753e-01+0.29552984j
  9.66808384e-01+0.j          1.00571081e+00+0.j
  1.00571081e+00+0.j          1.05286795e+00+0.j
  9.60875862e-01-0.06408253j  9.53275915e-01+0.j
 -6.30356703e-01-0.32019295j -6.69740753e-01+0.29552984j
  9.60875862e-01-0.06408253j -6.69740753e-01-0.29552984j
  9.71675656e-01-0.j         -1.10305918e+00+0.j
  8.72461231e-01-0.10203648j  9.40833236e-01+0.06744624j
  9.40833236e-01-0.06744624j  9.40833236e-01-0.06744624j
 -6.69740753e-01-0.29552984j  9.40833236e-01+0.06744624j
  8.72461231e-01+0.10203648j  8.72461231e-01+0.10203648j
 -5.97832007e-01-0.31165463j -5.97832007e-01-0.31165463j
 -8.88442114e-01+0.16268896j  8.72461231e-01-0.10203648j
 -8.88442114e-01+0.16268896j  9.71675656e-01+0.j
  7.06937914e-01-0.21155416j  7.06937914e-01+0.21155416j
  9.60875862e-01+0.06408253j -5.97832007e-01+0.31165463j
  8.36667984e-01+0.08617711j  9.66808384e-01-0.j
  8.36667984e-01-0.08617711j  8.36667984e-01-0.08617711j
  9.53275915e-01+0.j          9.03049691e-01+0.j
  9.03049691e-01+0.j          8.36667984e-01+0.08617711j
 -8.88442114e-01-0.16268896j -8.93499883e-01-0.1277931j
 -8.93499883e-01+0.1277931j  -1.07063431e+00-0.j
 -1.02755291e+00+0.j         -1.02755291e+00-0.j
  8.77587465e-01+0.j         -1.01446189e+00-0.j
 -8.93499883e-01-0.1277931j  -8.93499883e-01+0.1277931j
 -7.91101719e-01-0.16105341j -1.01446189e+00+0.j
 -7.91101719e-01+0.16105341j -7.91101719e-01-0.16105341j
  8.77587465e-01-0.j         -9.52012087e-01+0.j
 -9.90525814e-01-0.j         -9.52012087e-01+0.j
 -9.25202575e-01+0.j         -9.25202575e-01-0.j
 -7.91101719e-01+0.16105341j -9.90525814e-01+0.j
 -9.57625288e-01-0.j         -9.57625288e-01+0.j
  6.75477900e-01-0.1785598j   7.30154386e-01+0.1412797j
  9.36888885e-01+0.j          8.07738889e-01-0.06857469j
  7.88494789e-01+0.j          6.75477900e-01+0.1785598j
 -8.86670976e-01+0.j          6.75477900e-01+0.1785598j
  7.30154386e-01-0.1412797j   7.30154386e-01-0.1412797j
  8.07738889e-01+0.06857469j  8.07738889e-01+0.06857469j
 -8.16488140e-01-0.j          4.49371902e-01+0.20153066j
  5.26573975e-01+0.2114307j  -7.29031674e-01-0.16254881j
 -7.29031674e-01+0.16254881j -7.29031674e-01-0.16254881j
  6.75477900e-01-0.1785598j   7.30154386e-01+0.1412797j
 -7.29031674e-01+0.16254881j  7.27999778e-01-0.j
  5.26573975e-01-0.2114307j   5.26573975e-01-0.2114307j
  7.82040322e-01+0.j          8.05405997e-01-0.04695691j
  8.05405997e-01+0.04695691j  8.05405997e-01+0.04695691j
  8.07738889e-01-0.06857469j  8.31591340e-01+0.j
  8.43634182e-01-0.j          8.31591340e-01+0.j
  8.43634182e-01+0.j          7.93708532e-01-0.j
  7.93708532e-01-0.j          8.05405997e-01-0.04695691j
  5.26573975e-01+0.2114307j  -8.00966569e-01-0.j
 -8.39889427e-01-0.j         -8.00333291e-01+0.j
 -6.91387811e-01-0.13128566j  7.11559063e-01-0.j
 -6.91387811e-01+0.13128566j -9.07377003e-01+0.j
 -9.07377003e-01-0.j         -6.91387811e-01-0.13128566j
 -6.91387811e-01+0.13128566j -8.97512221e-01+0.j
 -8.84608011e-01+0.j          7.61834600e-01-0.j
  7.82040322e-01-0.j          7.61834600e-01+0.j
 -8.97512221e-01+0.j         -8.84608011e-01-0.j
 -3.83121930e-01+0.2428629j   3.12591679e-01+0.23355442j
  3.12591679e-01-0.23355442j -2.68934823e-01+0.28770055j
 -2.68934823e-01+0.28770055j -2.68934823e-01-0.28770055j
  4.49371902e-01+0.20153066j -2.68934823e-01-0.28770055j
  3.78356557e-01+0.23623343j  3.78356557e-01-0.23623343j
  3.78356557e-01-0.23623343j  3.78356557e-01+0.23623343j
  4.49371902e-01-0.20153066j  4.49371902e-01-0.20153066j
 -7.36721856e-01+0.j          6.65197836e-01+0.j
 -3.83121930e-01-0.2428629j  -3.83121930e-01-0.2428629j
  7.11559063e-01+0.j         -8.47449940e-01+0.j
 -8.47449940e-01-0.j         -7.70459520e-01-0.j
 -7.69915375e-01-0.j         -8.43046217e-01+0.j
  6.80972486e-01-0.j          6.80972486e-01+0.j
 -7.10209926e-01+0.j         -8.01580604e-01-0.j
 -7.64436393e-01+0.j         -7.64436393e-01-0.j
 -8.11298377e-01-0.j         -8.11298377e-01-0.j
 -7.10209926e-01+0.j         -8.39889427e-01-0.j
 -8.01580604e-01-0.j         -8.43046217e-01-0.j
 -7.70459520e-01-0.j         -7.69915375e-01-0.j
 -4.36946660e-03+0.26635549j -4.36946660e-03-0.26635549j
  5.88940969e-01-0.j          7.27999778e-01+0.j
  6.40432430e-01+0.j         -7.06413507e-01+0.j
  1.68807263e-02+0.26158505j  1.68807263e-02-0.26158505j
  1.68807263e-02-0.26158505j  6.65197836e-01+0.j
  1.68807263e-02+0.26158505j  5.91426623e-01-0.j
 -3.83121930e-01+0.2428629j   4.31033490e-01-0.1241968j
  2.27402780e-01-0.19369791j  4.31033490e-01+0.1241968j
  6.11199841e-01-0.j          6.11199841e-01-0.j
 -4.36946660e-03-0.26635549j -4.36946660e-03+0.26635549j
 -5.44939317e-01-0.j         -7.36721856e-01-0.j
 -8.00333291e-01-0.j         -8.00966569e-01-0.j
 -3.68588568e-02-0.23973356j -3.68588568e-02+0.23973356j
 -3.68588568e-02-0.23973356j -3.68588568e-02+0.23973356j
  2.27402780e-01+0.19369791j  2.27402780e-01+0.19369791j
 -5.18768794e-01+0.13177999j -5.64722473e-01-0.j
 -5.18768794e-01-0.13177999j -5.18768794e-01+0.13177999j
 -5.18768794e-01-0.13177999j -7.06413507e-01-0.j
 -6.73965090e-01+0.j         -6.67334323e-01-0.j
 -6.73965090e-01+0.j         -6.46338489e-01-0.j
 -6.46338489e-01+0.j         -6.67334323e-01+0.j
 -6.54825414e-01-0.j         -6.54825414e-01+0.j
  2.27402780e-01-0.19369791j  6.40432430e-01-0.j
  5.91426623e-01+0.j          4.31033490e-01+0.1241968j
  4.31033490e-01-0.1241968j   5.20936999e-01+0.06357594j
  5.20936999e-01-0.06357594j  5.20936999e-01+0.06357594j
 -5.64722473e-01+0.j          5.13359361e-01-0.j
 -4.42863817e-01+0.10820381j -4.42863817e-01-0.10820381j
 -4.42863817e-01+0.10820381j -4.42863817e-01-0.10820381j
  5.22660961e-01+0.05525698j  5.22660961e-01+0.05525698j
  5.22660961e-01-0.05525698j  5.22660961e-01-0.05525698j
  5.20936999e-01-0.06357594j  4.45922313e-01-0.07660178j
  4.45922313e-01-0.07660178j  4.94220191e-01-0.j
 -5.33365971e-01-0.j         -5.27411035e-01-0.j
 -5.27411035e-01+0.j          3.33956831e-01-0.12258487j
  3.33956831e-01+0.12258487j  3.33956831e-01+0.12258487j
 -3.70764366e-01+0.13025756j -3.70764366e-01+0.13025756j
  3.33956831e-01-0.12258487j -3.70764366e-01-0.13025756j
 -3.70764366e-01-0.13025756j  5.38027308e-01-0.j
  5.38027308e-01+0.j         -5.33365971e-01-0.j
  5.19468060e-01+0.j          4.45922313e-01+0.07660178j
  5.27661134e-01-0.j          4.45922313e-01+0.07660178j
  5.27661134e-01-0.j         -4.89891666e-01-0.j
 -4.92058463e-01+0.j         -4.92058463e-01-0.j
 -4.89891666e-01-0.j          5.19468060e-01+0.j
  4.84828170e-01+0.j          4.84871711e-01+0.j
  4.84828170e-01-0.j          4.84871711e-01-0.j
 -5.44939317e-01-0.j          2.85006384e-01+0.12126257j
  2.85006384e-01-0.12126257j  2.85006384e-01-0.12126257j
 -3.32983933e-01+0.13327424j -3.32983933e-01-0.13327424j
 -3.32983933e-01-0.13327424j -3.32983933e-01+0.13327424j
  2.85006384e-01+0.12126257j  4.12604690e-01-0.0541993j
  4.12604690e-01-0.0541993j   4.12604690e-01+0.0541993j
  4.12604690e-01+0.0541993j  -1.25675045e-01+0.15731092j
 -1.25675045e-01-0.15731092j -4.30832375e-01+0.j
  5.13359361e-01+0.j          6.81551309e-02-0.11011879j
 -2.81983121e-01+0.1162291j  -2.66199254e-01+0.14788677j
 -2.66199254e-01-0.14788677j -2.66199254e-01-0.14788677j
 -2.66199254e-01+0.14788677j -4.63156439e-01-0.j
  3.34181397e-01-0.07893338j  3.34181397e-01+0.07893338j
  6.81551309e-02+0.11011879j -2.81983121e-01-0.1162291j
  6.81551309e-02+0.11011879j -2.81983121e-01-0.1162291j
  3.34181397e-01-0.07893338j  3.34181397e-01+0.07893338j
 -1.25675045e-01-0.15731092j -1.25675045e-01+0.15731092j
 -4.63156439e-01+0.j          4.51956289e-01+0.j
 -4.37109818e-01+0.j         -4.37109818e-01-0.j
  4.40037144e-01+0.j          1.13813349e-01+0.09155688j
  1.13813349e-01-0.09155688j  1.13813349e-01+0.09155688j
  1.13813349e-01-0.09155688j  6.81551309e-02-0.11011879j
 -2.81983121e-01+0.1162291j   2.81663033e-01-0.j
  4.44148232e-01+0.j          3.83497136e-01+0.j
  1.70444476e-01-0.j          1.71399620e-01+0.j
  2.32335001e-01-0.j         -4.04511926e-01+0.j
 -4.04511926e-01+0.j          4.51956289e-01+0.j
  4.44148232e-01+0.j          4.24901202e-01-0.j
  4.24901202e-01-0.j         -3.77640814e-01-0.j
  2.96522384e-01-0.j          3.87619699e-01-0.j
  3.87619699e-01-0.j         -2.77298685e-01-0.08995886j
 -1.20625833e-01-0.10241351j -2.77298685e-01+0.08995886j
 -1.20625833e-01-0.10241351j -1.20625833e-01+0.10241351j
 -1.20625833e-01+0.10241351j -2.77298685e-01-0.08995886j
 -2.77298685e-01+0.08995886j -7.99736737e-02-0.09708128j
  3.42739443e-01-0.j         -7.99736737e-02-0.09708128j
  3.42739443e-01-0.j         -3.77640814e-01+0.j
  3.28166243e-01+0.j          3.28166243e-01-0.j
 -7.34056904e-02+0.09668716j -3.60138364e-01-0.j
 -3.60138364e-01-0.j         -3.61406858e-01+0.j
 -3.61406858e-01+0.j         -7.34056904e-02-0.09668716j
 -7.34056904e-02-0.09668716j -7.99736737e-02+0.09708128j
 -7.99736737e-02+0.09708128j -7.34056904e-02+0.09668716j
  1.19475164e-01+0.06103422j  1.19475164e-01-0.06103422j
  2.92664398e-01+0.j          2.96522384e-01+0.j
 -2.32112750e-01+0.j          1.19475164e-01+0.06103422j
 -2.98919582e-01-0.j         -2.98919582e-01+0.j
  1.19475164e-01-0.06103422j  2.83014157e-01+0.j
 -1.92379617e-01-0.0729307j  -1.92379617e-01-0.0729307j
 -1.92379617e-01+0.0729307j  -1.92379617e-01+0.0729307j
  2.92664398e-01+0.j          3.66626881e-02+0.j
  2.63746187e-01+0.j          2.63746187e-01+0.j
  3.66626881e-02-0.j          2.83014157e-01-0.j
  2.31449885e-01-0.j          2.31449885e-01-0.j
  2.17894259e-01-0.j          2.01916034e-01-0.j
  2.01916034e-01-0.j          2.08750933e-01+0.j
  2.08750933e-01+0.j          2.17894259e-01-0.j
 -2.18157370e-01+0.j          6.75748790e-03+0.j
 -9.69014753e-02-0.j         -9.69014753e-02-0.j
  6.75748790e-03-0.j          9.57368068e-02-0.j
  9.57368068e-02-0.j         -8.91485463e-02-0.j
 -8.91485463e-02-0.j         -2.83472191e-01-0.j
 -1.83782213e-01+0.j          9.85890255e-02+0.j
  1.10121634e-01+0.j          1.10121634e-01-0.j
 -1.83782213e-01+0.j          9.85890255e-02+0.j
  1.22085541e-01-0.j          1.22085541e-01-0.j
 -2.84701936e-01-0.j         -2.84701936e-01-0.j
 -2.77943903e-01+0.j         -2.77943903e-01-0.j
 -2.68681449e-01-0.j         -2.68681449e-01-0.j
 -3.96164882e-02-0.j         -2.73044357e-01-0.j
 -2.73044357e-01-0.j         -1.68199381e-02+0.j
 -1.14283103e-02+0.j         -2.20977529e-01-0.j
 -2.20977529e-01+0.j         -1.14283103e-02+0.j
 -1.68199381e-02+0.j          1.13288637e-01-0.j
  1.13288637e-01-0.j         -2.58304938e-01+0.j
 -2.58304938e-01+0.j         -2.11221819e-01+0.j
 -4.30081635e-02-0.j         -3.88961039e-02-0.j
 -3.88961039e-02+0.j         -3.97569841e-02-0.j
 -3.97569841e-02+0.j         -4.30081635e-02+0.j
 -2.11221819e-01-0.j         -2.11545626e-01+0.j
 -2.11545626e-01+0.j         -2.14341613e-01+0.j
 -2.14341613e-01-0.j          4.40037144e-01+0.j
Diagonalizing op_1 for typicality took time 0.018
L=12,Delta_1=1.50,Delta_2=0.00,g = 0.00
7.771561172376096e-16
^Checking if each right eigenvector is normalized^
0
^number of eigenvalues with |imaginary part| > 1e-10^
Time taken to get left and right eigenvectors: 3.804
[-6.35485382e+00+0.j -6.12794912e+00+0.j -5.60135740e+00-0.j
 -5.34912703e+00-0.j -5.08018413e+00-0.j -5.34912703e+00-0.j
 -5.15507139e+00-0.j -5.15507139e+00-0.j -4.59010374e+00-0.j
 -4.72322159e+00-0.j -4.59010374e+00-0.j -4.72322159e+00+0.j
 -4.64170153e+00-0.j -4.47202208e+00-0.j -4.64170153e+00-0.j
 -4.47202208e+00-0.j -4.45438591e+00-0.j  3.39724947e+00+0.j
 -4.52658288e+00+0.j -4.52658288e+00+0.j -4.33983469e+00-0.j
 -4.33983469e+00-0.j  3.36908458e+00+0.j  3.39442202e+00+0.j
  3.39442202e+00+0.j  3.38801082e+00+0.j  3.38801082e+00-0.j
  3.38071470e+00+0.j  3.38071470e+00+0.j  3.37449389e+00+0.j
  3.37449389e+00-0.j  3.37046090e+00+0.j  3.37046090e+00-0.j
 -4.30215127e+00+0.j -4.19452512e+00-0.j -4.19452512e+00-0.j
 -4.31278153e+00+0.j -4.31278153e+00-0.j -3.85759098e+00-0.j
 -3.84036142e+00-0.j -3.96300079e+00-0.j -3.73345731e+00-0.j
 -4.14762566e+00+0.j -4.14762566e+00+0.j -3.69399555e+00-0.j
 -3.90518360e+00+0.j -3.90518360e+00-0.j -3.56010717e+00-0.j
 -3.78683658e+00-0.j -3.78683658e+00+0.j -3.68196226e+00-0.j
 -3.66958517e+00-0.j -3.68196226e+00+0.j -3.66958517e+00+0.j
  2.92997208e+00-0.j  2.87918245e+00-0.j  2.87918245e+00+0.j
  2.80560448e+00+0.j -3.96300079e+00+0.j  2.85314650e+00+0.j
 -3.73345731e+00-0.j -3.69399555e+00-0.j  2.80560448e+00-0.j
  2.72134956e+00-0.j  2.84088949e+00+0.j  2.72134956e+00-0.j
  2.60494875e+00+0.j  2.80950123e+00-0.j  2.84088949e+00+0.j
  2.62959078e+00+0.j  2.76085912e+00-0.j  2.80950123e+00+0.j
  2.62959078e+00+0.j  2.76085912e+00+0.j -3.62172220e+00+0.j
  2.53502672e+00+0.j  2.46950509e+00+0.j -3.62172220e+00-0.j
 -3.59623065e+00+0.j -3.59623065e+00+0.j -3.38090634e+00+0.j
 -3.29964520e+00+0.j -3.44649448e+00-0.j  2.57451366e+00-0.j
  2.69079036e+00+0.j  2.69079036e+00+0.j  2.53078885e+00+0.j
 -3.50405612e+00-0.j  2.53078885e+00+0.j -3.50405612e+00-0.j
 -3.38090634e+00-0.j -3.45041669e+00+0.j -3.45041669e+00+0.j
  2.32512373e+00-0.j -3.29964520e+00+0.j  2.42849180e+00-0.j
 -3.32576438e+00+0.j -3.23561794e+00-0.j -3.19132595e+00+0.j
 -3.21808330e+00+0.j -3.21490505e+00-0.j -3.18482905e+00+0.j
 -3.18482905e+00-0.j  2.42849180e+00+0.j  2.35892335e+00+0.j
  2.43378492e+00+0.j -3.32576438e+00+0.j -3.09411891e+00-0.j
 -3.19132595e+00+0.j  2.43378492e+00+0.j -2.98309802e+00-0.j
 -2.75866773e+00-0.j -3.07996902e+00-0.j -3.09411891e+00+0.j
 -2.82687736e+00+0.j -2.86570103e+00-0.j -3.02591538e+00-0.j
 -3.01429206e+00+0.j -2.99087248e+00-0.j -3.00561179e+00+0.j
 -2.83846579e+00-0.j -2.88819914e+00-0.j -2.88171241e+00-0.j
 -2.87222472e+00-0.j -2.96555110e+00-0.j -3.14629167e+00-0.j
 -2.96555110e+00+0.j -3.14629167e+00+0.j -2.99087248e+00-0.j
  2.35892335e+00+0.j -2.83846579e+00+0.j -2.88819914e+00-0.j
 -2.88171241e+00+0.j -2.87222472e+00+0.j -3.01429206e+00+0.j
  2.57451366e+00+0.j  2.46950509e+00-0.j -3.23561794e+00-0.j
 -3.21808330e+00+0.j -3.21490505e+00+0.j  2.46964212e+00+0.j
  2.44654744e+00+0.j  2.43872402e+00+0.j  2.44654744e+00+0.j
  2.46964212e+00-0.j  2.43872402e+00-0.j  2.32512373e+00+0.j
  2.32207735e+00+0.j  2.31577309e+00+0.j -2.98309802e+00+0.j
  2.17054807e+00+0.j  2.17368818e+00+0.j  2.38409329e+00+0.j
  2.38409329e+00+0.j  2.26737442e+00-0.j -2.60817359e+00-0.j
  2.22557588e+00-0.j -3.00561179e+00+0.j  2.22146458e+00+0.j
  2.22146458e+00-0.j  2.26737442e+00+0.j -2.58140896e+00+0.j
 -2.71435577e+00+0.j  2.22557588e+00+0.j -2.68141510e+00+0.j
  2.25960301e+00+0.j -2.68141510e+00-0.j -2.47007653e+00+0.j
 -2.75866773e+00+0.j -2.67743311e+00+0.j -2.70249343e+00-0.j
 -2.40996751e+00-0.j  2.11474716e+00+0.j  2.11474716e+00-0.j
 -2.43279862e+00+0.j -2.71031910e+00+0.j -2.80851879e+00-0.j
  2.28105824e+00-0.j -2.52685549e+00+0.j -2.49417072e+00-0.j
 -2.75238383e+00-0.j  2.09436126e+00-0.j  2.09436126e+00-0.j
 -2.80851879e+00+0.j -2.43509006e+00+0.j -2.72442814e+00+0.j
 -2.43509006e+00-0.j -2.72442814e+00+0.j -2.52685549e+00+0.j
  2.28105824e+00-0.j -2.49417072e+00-0.j -2.75238383e+00-0.j
 -2.71031910e+00+0.j  2.31577309e+00-0.j -2.67743311e+00-0.j
 -2.70249343e+00-0.j  2.25960301e+00-0.j  1.99089816e+00-0.j
  2.17054807e+00+0.j  2.09048742e+00+0.j -2.47007653e+00-0.j
 -2.48019506e+00+0.j -2.45242717e+00-0.j  1.91210180e+00-0.j
  1.98122177e+00-0.j  2.00475896e+00+0.j -2.48019506e+00+0.j
 -2.43279862e+00-0.j  1.77319419e+00-0.j  1.80216617e+00-0.j
  1.79823426e+00-0.j  2.00475896e+00-0.j -2.27255481e+00+0.j
  1.94424685e+00+0.j  1.81742268e+00-0.j -2.37243383e+00+0.j
 -2.41283869e+00+0.j -2.30053595e+00+0.j -2.40996751e+00-0.j
  1.84154526e+00-0.j  1.84997512e+00+0.j  2.18588149e+00-0.j
  2.18588149e+00+0.j -2.37243383e+00-0.j -2.35103176e+00-0.j
 -2.35103176e+00-0.j  2.12139202e+00+0.j  2.17334398e+00-0.j
 -2.41075204e+00-0.j -2.41075204e+00-0.j  1.87947482e+00-0.j
  1.95148149e+00-0.j  2.05846975e+00-0.j  2.10709866e+00+0.j
 -2.37932126e+00+0.j  2.17334398e+00-0.j  1.95148149e+00+0.j
 -2.35938334e+00-0.j -2.35245717e+00-0.j -2.35245717e+00+0.j
  2.05846975e+00-0.j -2.35938334e+00+0.j  2.10709866e+00+0.j
 -2.37932126e+00+0.j  1.87947482e+00-0.j  2.12139202e+00-0.j
  1.69606869e+00+0.j  1.98122177e+00-0.j  1.84154526e+00-0.j
 -2.45242717e+00+0.j  1.76066404e+00-0.j  1.94424685e+00+0.j
  1.73277855e+00-0.j  1.84997512e+00-0.j  1.96761870e+00+0.j
  1.96761870e+00+0.j  1.76066404e+00-0.j  1.73277855e+00+0.j
  1.70492435e+00-0.j -1.94905496e+00-0.j -1.94947035e+00+0.j
 -1.95866637e+00-0.j -1.98030826e+00-0.j -2.30720973e+00+0.j
  1.87648345e+00+0.j  1.87648345e+00-0.j  1.70492435e+00-0.j
  1.93453502e+00-0.j -2.24296921e+00-0.j -2.06225934e+00+0.j
 -2.24296921e+00-0.j -2.16788569e+00+0.j -2.27255481e+00-0.j
 -2.26587365e+00+0.j  1.93453502e+00-0.j -2.30053595e+00+0.j
 -2.08105307e+00+0.j -2.06225934e+00-0.j -2.08105307e+00+0.j
 -2.21034665e+00-0.j -2.16788569e+00-0.j -2.16482741e+00+0.j
  1.95765861e+00-0.j  1.95765861e+00-0.j -2.12682204e+00+0.j
 -2.12861264e+00-0.j -2.09174613e+00-0.j -2.09174613e+00-0.j
 -2.29356258e+00-0.j -2.29356258e+00+0.j -2.11527939e+00-0.j
 -2.11614016e+00-0.j -2.11527939e+00+0.j -2.11614016e+00+0.j
 -2.09672697e+00-0.j -2.21034665e+00-0.j -2.18193311e+00-0.j
 -2.18225222e+00+0.j -2.18225222e+00-0.j -2.18193311e+00+0.j
  2.09048742e+00+0.j  1.63656211e+00-0.j  1.80216617e+00+0.j
  1.77319419e+00-0.j  1.57615684e+00-0.j  1.57615684e+00-0.j
  1.63656211e+00+0.j -2.41283869e+00-0.j -1.91381260e+00+0.j
 -1.91381260e+00-0.j -1.94905496e+00+0.j -2.12682204e+00+0.j
 -2.09672697e+00+0.j  1.83367957e+00-0.j  1.81750140e+00+0.j
  1.67363073e+00-0.j  1.36734682e+00-0.j  1.51624575e+00+0.j
  1.45744119e+00+0.j -2.26587365e+00+0.j -1.98030826e+00+0.j
 -1.81854781e+00-0.j -1.94100233e+00-0.j -1.93999526e+00-0.j
 -1.65353947e+00+0.j -1.59811398e+00+0.j -1.87987880e+00+0.j
 -1.55466190e+00-0.j -1.54795249e+00-0.j -1.57022834e+00+0.j
  1.71080417e+00-0.j  1.71080417e+00-0.j  1.52201530e+00+0.j
  1.45780362e+00-0.j -2.12861264e+00+0.j  1.45157735e+00-0.j
  1.44012670e+00-0.j -1.72072929e+00+0.j  1.35181693e+00+0.j
  1.61554621e+00-0.j  1.61554621e+00-0.j -1.80005320e+00+0.j
  1.57293450e+00-0.j  1.57293450e+00-0.j  1.45780362e+00-0.j
 -1.80005320e+00-0.j  1.35181693e+00+0.j  1.45157735e+00-0.j
  1.44012670e+00-0.j  1.83367957e+00+0.j  1.81750140e+00+0.j
  1.26218635e+00+0.j  1.51624575e+00-0.j  1.42179502e+00+0.j
  1.43048099e+00+0.j  1.40649079e+00-0.j  1.31279908e+00+0.j
  1.52201530e+00-0.j  1.31279908e+00+0.j -1.93999526e+00-0.j
 -1.94100233e+00+0.j -1.87567913e+00+0.j -1.55682271e+00+0.j
 -1.40684378e+00+0.j -1.45240342e+00-0.j -1.45741865e+00+0.j
 -1.44212960e+00-0.j -1.44199251e+00-0.j -1.87567913e+00-0.j
 -1.81854781e+00+0.j -1.66036454e+00+0.j -1.84967125e+00-0.j
 -1.62017755e+00+0.j -1.62017755e+00+0.j -1.66712004e+00+0.j
 -1.66712004e+00-0.j -1.64068891e+00-0.j -1.40159094e+00+0.j
 -1.66036454e+00-0.j -1.72072929e+00-0.j -1.75575448e+00-0.j
 -1.84967125e+00+0.j -1.76347341e+00+0.j -1.40161091e+00-0.j
 -1.70000924e+00+0.j -1.75048162e+00-0.j -1.70501877e+00+0.j
 -1.70501877e+00+0.j -1.73931031e+00-0.j -1.73931031e+00+0.j
 -1.40161091e+00-0.j -1.58044361e+00+0.j -1.46508369e+00+0.j
 -1.57712747e+00+0.j -1.81469245e+00-0.j -1.57712747e+00+0.j
 -1.70000924e+00-0.j -1.57466410e+00-0.j -1.81469245e+00+0.j
 -1.80177075e+00-0.j -1.78094809e+00-0.j -1.78094809e+00-0.j
 -1.80177075e+00-0.j -1.46508369e+00+0.j -1.73355240e+00-0.j
 -1.73355240e+00+0.j  1.36734682e+00-0.j  1.33008476e+00-0.j
  1.26218635e+00+0.j -1.33282931e+00+0.j -1.55466190e+00+0.j
 -1.64068891e+00-0.j  1.21385482e+00+0.j  1.20929476e+00+0.j
  1.28959608e+00-0.j  1.33008476e+00-0.j  1.40649079e+00-0.j
  1.43048099e+00+0.j  1.42179502e+00+0.j -1.34225583e+00-0.j
 -1.87987880e+00-0.j -1.49245238e+00-0.j -1.49354963e+00+0.j
 -1.54795249e+00-0.j -1.55961009e+00-0.j -1.57022834e+00-0.j
  1.16307092e+00-0.j  1.19155975e+00+0.j  1.16360905e+00-0.j
  1.19497895e+00-0.j  1.25225303e+00-0.j  1.25102897e+00-0.j
  1.20929476e+00+0.j  1.21385482e+00-0.j  1.19497895e+00-0.j
 -1.27708765e+00+0.j -1.26622949e+00-0.j -1.42367207e+00+0.j
 -1.33282931e+00-0.j -1.55682271e+00-0.j -1.34225583e+00+0.j
  1.08578527e+00+0.j  1.28959608e+00+0.j  1.13651525e+00-0.j
  1.13651525e+00-0.j  1.25225303e+00-0.j  1.16360905e+00+0.j
  1.16307092e+00+0.j -1.75048162e+00-0.j -1.25222171e+00+0.j
 -1.37974869e+00-0.j -1.27708765e+00+0.j -1.35127084e+00-0.j
 -1.45741865e+00+0.j -1.45240342e+00+0.j -1.34474283e+00+0.j
 -1.40684378e+00+0.j -1.44212960e+00+0.j -1.38782264e+00+0.j
 -1.38782264e+00+0.j  1.20204843e+00+0.j  1.08578527e+00+0.j
  1.19861462e+00+0.j  1.19155975e+00+0.j  1.00410730e+00+0.j
  1.01581510e+00+0.j  1.01581510e+00+0.j  1.00410730e+00+0.j
 -1.76347341e+00+0.j -1.75575448e+00+0.j -1.20463117e+00+0.j
 -1.18196942e+00+0.j -1.17189373e+00+0.j -1.30824984e+00+0.j
 -1.27207238e+00+0.j -1.44199251e+00+0.j -1.34474283e+00+0.j
 -1.35127084e+00+0.j  8.49874734e-01+0.j  8.91486453e-01+0.j
 -1.58044361e+00+0.j  1.10227325e+00+0.j  1.11925186e+00+0.j
 -1.49354963e+00+0.j  1.11792276e+00+0.j -1.49245238e+00+0.j
  1.15931706e+00+0.j  1.20204843e+00+0.j  1.14459933e+00+0.j
  1.17567062e+00+0.j  1.14459933e+00+0.j  1.19861462e+00+0.j
 -1.24533929e+00+0.j -1.25222171e+00+0.j -1.20686313e+00+0.j
 -1.17189373e+00+0.j  1.18174951e+00+0.j -1.26622949e+00+0.j
 -1.22311614e+00+0.j  1.18387308e+00+0.j  1.18174951e+00+0.j
  1.17567062e+00+0.j -1.23942398e+00+0.j  1.18387308e+00+0.j
 -1.21999695e+00+0.j -1.27128983e+00+0.j -1.27207238e+00+0.j
 -1.27128983e+00+0.j -1.23942398e+00+0.j -1.21999695e+00+0.j
 -1.57466410e+00+0.j -1.42367207e+00+0.j -1.37974869e+00+0.j
 -1.19760876e+00+0.j  8.68245141e-01+0.j  8.94898450e-01+0.j
 -1.20463117e+00+0.j  8.61201241e-01+0.j  8.61201241e-01+0.j
  1.08860105e+00+0.j  1.09733436e+00+0.j  9.48409075e-01+0.j
  9.39193338e-01+0.j  9.39193338e-01+0.j  9.51344694e-01+0.j
  9.48409075e-01+0.j  9.51344694e-01+0.j -1.20686313e+00+0.j
  1.10227325e+00+0.j  1.11925186e+00+0.j  1.09385112e+00+0.j
  1.09385112e+00+0.j  1.15931706e+00+0.j -1.55961009e+00+0.j
 -1.08446556e+00+0.j -1.10627309e+00+0.j  7.89830462e-01+0.j
  7.89830462e-01+0.j -1.08041597e+00+0.j  1.01319724e+00+0.j
  7.19390383e-01+0.j  7.19390383e-01+0.j -1.07543792e+00+0.j
  8.94898450e-01+0.j  9.16141022e-01+0.j -1.16046239e+00+0.j
  9.16141022e-01+0.j -1.16046239e+00+0.j  1.01319724e+00+0.j
 -1.08041597e+00+0.j -1.07543792e+00+0.j  1.11792276e+00+0.j
  8.68245141e-01+0.j  1.08860105e+00+0.j  1.09733436e+00+0.j
  7.02232225e-01+0.j  7.02232225e-01+0.j  9.25883641e-01+0.j
  9.80792863e-01+0.j  9.80792863e-01+0.j  9.24021976e-01+0.j
 -9.13573044e-01+0.j -9.40422802e-01+0.j -1.04719943e+00+0.j
  9.66460175e-01+0.j -1.08446556e+00+0.j -9.54116966e-01+0.j
  9.57437170e-01+0.j -9.93529621e-01+0.j -1.10769071e+00+0.j
 -1.10769071e+00+0.j  9.66460175e-01+0.j  9.57437170e-01+0.j
 -1.04719943e+00+0.j -9.93357369e-01+0.j -9.13573044e-01+0.j
 -9.40422802e-01+0.j -9.54116966e-01+0.j -9.83441185e-01+0.j
 -9.95925276e-01+0.j -1.04421799e+00+0.j -8.89724192e-01+0.j
 -8.89724192e-01+0.j -1.04421799e+00+0.j -1.02354013e+00+0.j
 -1.03899451e+00+0.j -1.02354013e+00+0.j -1.02977746e+00+0.j
 -1.03899451e+00+0.j -1.02977746e+00+0.j -9.83441185e-01+0.j
 -9.95925276e-01+0.j -9.93357369e-01+0.j  6.59809217e-01+0.j
  8.06644293e-01+0.j  9.12225818e-01+0.j -1.24533929e+00+0.j
 -8.26064648e-01+0.j  8.39526533e-01+0.j -8.53923996e-01+0.j
  8.39526533e-01+0.j -1.10627309e+00+0.j -9.38431352e-01+0.j
 -9.39274204e-01+0.j  6.31015073e-01+0.j  6.58933380e-01+0.j
  7.56491699e-01+0.j  7.56491699e-01+0.j  6.58933380e-01+0.j
  7.39750426e-01+0.j -7.35358417e-01+0.j -8.03049955e-01+0.j
  7.39750426e-01+0.j -1.00093600e+00+0.j -8.53923996e-01+0.j
 -8.51888505e-01+0.j  6.40351919e-01+0.j  9.16852675e-01+0.j
  9.10810240e-01+0.j  9.16740286e-01+0.j  9.10810240e-01+0.j
 -7.98915559e-01+0.j  9.12225818e-01+0.j  6.40351919e-01+0.j
 -9.33715405e-01+0.j  9.16852675e-01+0.j -8.51888505e-01+0.j
 -7.98915559e-01+0.j  9.16740286e-01+0.j  8.06644293e-01+0.j
  9.24021976e-01+0.j  6.13482189e-01+0.j  6.31015073e-01+0.j
  5.70936471e-01+0.j  6.41592604e-01+0.j  6.04956141e-01+0.j
  6.04956141e-01+0.j  6.41592604e-01+0.j -5.88534464e-01+0.j
 -6.65806446e-01+0.j -5.92771711e-01+0.j -1.00093600e+00+0.j
  5.85895051e-01+0.j  5.73260815e-01+0.j -8.26714218e-01+0.j
 -8.03049955e-01+0.j -9.74288542e-01+0.j -9.74288542e-01+0.j
 -6.38903284e-01+0.j -8.71067542e-01+0.j -9.33715405e-01+0.j
  5.85895051e-01+0.j -7.84761589e-01+0.j  5.73260815e-01+0.j
 -6.87586141e-01+0.j -8.23062698e-01+0.j -7.21441584e-01+0.j
 -6.87586141e-01+0.j -8.71067542e-01+0.j -6.99758036e-01+0.j
 -7.16796571e-01+0.j -7.34310395e-01+0.j -8.38434817e-01+0.j
 -7.16796571e-01+0.j -8.38434817e-01+0.j -7.34310395e-01+0.j
 -7.34503207e-01+0.j -7.34503207e-01+0.j -8.23062698e-01+0.j
 -6.99758036e-01+0.j -7.21441584e-01+0.j -7.84761589e-01+0.j
  5.28854378e-01+0.j  5.52735569e-01+0.j  5.56187882e-01+0.j
 -6.04228655e-01+0.j -6.16125629e-01+0.j -6.19370491e-01+0.j
 -6.43542845e-01+0.j  5.61529382e-01+0.j  5.61529382e-01+0.j
 -6.38903284e-01+0.j  2.81247419e-01+0.j -4.87882299e-01+0.j
  4.56834839e-01+0.j  3.58405569e-01+0.j  3.85607120e-01+0.j
 -7.30422447e-01+0.j -7.25451724e-01+0.j  4.24175703e-01+0.j
  5.75872945e-01+0.j  4.26945960e-01+0.j -6.70313502e-01+0.j
  6.13482189e-01+0.j -6.40550215e-01+0.j  6.35288405e-01+0.j
  6.35288405e-01+0.j -5.88534464e-01+0.j  5.28854378e-01+0.j
  5.52735569e-01+0.j  5.56187882e-01+0.j  4.61079956e-01+0.j
 -5.16714741e-01+0.j -5.92771711e-01+0.j -6.04228655e-01+0.j
  5.18921198e-01+0.j  5.10934063e-01+0.j  5.18921198e-01+0.j
  5.10934063e-01+0.j  6.14126008e-01+0.j  6.14126008e-01+0.j
 -5.16714741e-01+0.j  4.61079956e-01+0.j -7.30422447e-01+0.j
 -6.19370491e-01+0.j -6.16125629e-01+0.j -6.43542845e-01+0.j
 -7.25451724e-01+0.j  3.58405569e-01+0.j  3.85607120e-01+0.j
 -6.70313502e-01+0.j  4.26945960e-01+0.j  4.24175703e-01+0.j
  4.71247020e-01+0.j -4.39791399e-01+0.j -4.58304105e-01+0.j
 -4.58304105e-01+0.j -4.39791399e-01+0.j  4.87251823e-01+0.j
  4.87251823e-01+0.j -6.30950013e-01+0.j -6.30950013e-01+0.j
 -5.30141681e-01+0.j  4.99224173e-01+0.j  3.24632912e-01+0.j
 -4.49492823e-01+0.j  5.66699968e-01+0.j  5.66699968e-01+0.j
 -5.30141681e-01+0.j -4.67686016e-01+0.j -4.67686016e-01+0.j
  3.24632912e-01+0.j  4.97281844e-01+0.j -4.49492823e-01+0.j
  4.99224173e-01+0.j  4.95910190e-01+0.j  4.95910190e-01+0.j
  4.97281844e-01+0.j -9.39274204e-01+0.j -9.38431352e-01+0.j
  5.75872945e-01+0.j -2.61874928e-01+0.j -4.87882299e-01+0.j
  2.22298086e-01+0.j -3.35385499e-01+0.j -3.25177785e-01+0.j
  2.81247419e-01+0.j  3.17183999e-01+0.j -3.89973526e-01+0.j
  2.59349273e-01+0.j  2.74009342e-01+0.j -3.90302910e-01+0.j
  2.59349273e-01+0.j  2.74009342e-01+0.j -3.89973526e-01+0.j
 -5.06411875e-01+0.j -5.06411875e-01+0.j  4.92513815e-01+0.j
  3.90389133e-01+0.j  4.19822435e-01+0.j  4.26820242e-01+0.j
 -2.88756133e-01+0.j  1.21433279e-01+0.j -5.01019263e-01+0.j
 -3.25177785e-01+0.j  3.28763079e-01+0.j  2.22298086e-01+0.j
 -3.35385499e-01+0.j -5.01019263e-01+0.j  1.66632691e-01+0.j
  1.66632691e-01+0.j -2.88756133e-01+0.j -2.35966492e-01+0.j
 -2.71132010e-01+0.j -1.88842288e-02+0.j -2.71132010e-01+0.j
 -3.43476691e-01+0.j  1.65136169e-01+0.j  1.65136169e-01+0.j
 -4.36147136e-01+0.j  3.38155685e-02+0.j  1.38587728e-01+0.j
 -4.36147136e-01+0.j  3.38155685e-02+0.j  1.38587728e-01+0.j
  1.30637524e-01+0.j  1.30637524e-01+0.j  2.44554960e-01+0.j
  1.16394916e-01+0.j  1.16394916e-01+0.j  2.14616532e-02+0.j
 -2.52064997e-01+0.j -4.11595798e-01+0.j  2.14616532e-02+0.j
  2.64501535e-01+0.j  2.71413403e-01+0.j -2.52064997e-01+0.j
 -2.46416336e-01+0.j -4.98457810e-01+0.j -4.98457810e-01+0.j
 -2.46416336e-01+0.j  2.71413403e-01+0.j  3.17218306e-01+0.j
  2.95672508e-01+0.j -4.11564621e-01+0.j -4.11564621e-01+0.j
  2.95672508e-01+0.j  3.17218306e-01+0.j -3.73914060e-01+0.j
 -2.34418221e-02+0.j -2.34418221e-02+0.j -3.73914060e-01+0.j
  2.64501535e-01+0.j  9.39307568e-02+0.j  3.28763079e-01+0.j
  2.44554960e-01+0.j -6.40550215e-01+0.j  4.26820242e-01+0.j
  3.90389133e-01+0.j  4.19822435e-01+0.j -9.66710927e-02+0.j
 -6.08913426e-02+0.j -3.73684149e-02+0.j -2.94638548e-01+0.j
 -3.23937026e-01+0.j -2.35966492e-01+0.j -2.20063771e-01+0.j
 -3.38360145e-01+0.j -3.43476691e-01+0.j -2.20063771e-01+0.j
 -4.11595798e-01+0.j -3.38360145e-01+0.j -3.23937026e-01+0.j
  2.24266401e-01+0.j -2.94638548e-01+0.j  2.03519168e-01+0.j
 -2.04343994e-01+0.j -1.79772470e-01+0.j  2.04164336e-01+0.j
  2.04164336e-01+0.j -1.65510721e-01+0.j -1.65510721e-01+0.j
 -6.08913426e-02+0.j -3.73684149e-02+0.j -1.79772470e-01+0.j
  1.76774381e-01+0.j  1.76774381e-01+0.j -1.47517570e-01+0.j
  1.60081098e-01+0.j  1.60081098e-01+0.j -5.35206735e-02+0.j
 -1.47517570e-01+0.j -5.35206735e-02+0.j -5.13875247e-02+0.j
 -5.13875247e-02+0.j  9.21652443e-02+0.j  9.21652443e-02+0.j
  5.69546061e-02+0.j  5.69546061e-02+0.j  3.35975110e-03+0.j
  3.35975110e-03+0.j  1.74000435e-02+0.j  1.74000435e-02+0.j
  2.24266401e-01+0.j  2.03519168e-01+0.j  1.27635313e-01+0.j
  1.31950994e-01+0.j  1.31950994e-01+0.j  1.02583741e-01+0.j
  1.02583741e-01+0.j  1.27635313e-01+0.j -2.24751791e-01+0.j
 -2.24751791e-01+0.j -2.04343994e-01+0.j -1.51692337e-01+0.j
 -5.32347870e-02+0.j -8.45528203e-02+0.j -1.62680777e-01+0.j
 -1.98296578e-01+0.j -1.98296578e-01+0.j -1.45294668e-01+0.j
 -1.45294668e-01+0.j -7.29181905e-02+0.j -7.29181905e-02+0.j
 -6.37090427e-02+0.j -6.37090427e-02+0.j -1.62680777e-01+0.j
 -4.83808107e-02+0.j -4.83808107e-02+0.j -8.45528203e-02+0.j
 -1.84659632e-01+0.j -1.84659632e-01+0.j -1.81953509e-01+0.j
 -3.85068674e-02+0.j -1.81953509e-01+0.j -1.36326621e-01+0.j
 -1.36326621e-01+0.j -3.88768540e-02+0.j -3.88768540e-02+0.j
 -2.09739500e-01+0.j -2.09739500e-01+0.j -2.12665355e-01+0.j
 -2.12665355e-01+0.j -3.85068674e-02+0.j -1.07511095e-01+0.j
 -1.07511095e-01+0.j -1.44891682e-01+0.j -1.44891682e-01+0.j
 -1.56376495e-01+0.j -1.56376495e-01+0.j -1.33087983e-01+0.j
Diagonalizing op_1 for typicality took time 0.017
L=12,Delta_1=1.00,Delta_2=0.00,g = 0.00
6.661338147750939e-16
^Checking if each right eigenvector is normalized^
0
^number of eigenvalues with |imaginary part| > 1e-10^
Time taken to get left and right eigenvectors: 3.863
[-5.38739092e+00+0.j -4.77738933e+00+0.j -5.03154340e+00+0.j
 -4.56937441e+00+0.j -4.56937441e+00+0.j -4.07052933e+00+0.j
 -4.29768855e+00+0.j -4.29768855e+00-0.j -4.00060043e+00+0.j
 -3.87417933e+00-0.j -3.66079428e+00-0.j -3.63740643e+00-0.j
 -3.53894242e+00-0.j -3.87417933e+00+0.j -3.94433424e+00-0.j
 -3.94433424e+00+0.j -3.53894242e+00-0.j -3.79144675e+00-0.j
 -3.79144675e+00-0.j -4.00060043e+00+0.j -3.66079428e+00-0.j
  3.00000000e+00+0.j -3.63740643e+00+0.j -3.59595048e+00-0.j
 -3.54568181e+00-0.j  2.86602540e+00+0.j -3.34020749e+00+0.j
 -3.49491343e+00+0.j  2.86602540e+00-0.j -3.45772682e+00+0.j
  2.76225903e+00-0.j -3.22946384e+00+0.j -3.45772682e+00-0.j
  2.76225903e+00-0.j  2.68250707e+00+0.j -3.49491343e+00-0.j
 -3.09065038e+00+0.j -3.19424870e+00+0.j  2.64039418e+00+0.j
 -3.16989851e+00+0.j  2.62657335e+00-0.j  2.62029780e+00-0.j
  2.68741992e+00+0.j -3.13487192e+00-0.j -3.16989851e+00+0.j
 -3.13487192e+00+0.j  2.68741992e+00+0.j -3.19891534e+00-0.j
 -3.19424870e+00-0.j  2.64039418e+00-0.j -3.09065038e+00+0.j
 -3.16979309e+00-0.j -3.16979309e+00+0.j  2.62029780e+00+0.j
 -3.00971691e+00-0.j -3.19891534e+00-0.j  2.58656364e+00+0.j
 -2.84712873e+00-0.j -2.94886752e+00-0.j  2.52736758e+00-0.j
  2.31882621e+00-0.j  2.29318621e+00-0.j -2.94886752e+00-0.j
 -2.94108815e+00+0.j -2.91466453e+00-0.j -2.91466453e+00+0.j
  2.39838754e+00+0.j  2.37825503e+00-0.j  2.39838754e+00-0.j
  2.13325112e+00-0.j  2.49777538e+00-0.j  2.37825503e+00-0.j
  2.52736758e+00+0.j  2.33329319e+00-0.j -2.44390815e+00-0.j
 -2.48625041e+00-0.j -2.56909035e+00-0.j  2.25054560e+00+0.j
 -2.94108815e+00+0.j  2.25054560e+00-0.j -2.71984943e+00+0.j
  2.53469905e+00-0.j  2.53469905e+00-0.j -2.78022032e+00+0.j
 -2.78340871e+00+0.j -2.75966061e+00+0.j -2.75966061e+00+0.j
 -2.78022032e+00-0.j -2.56116436e+00-0.j -2.55191069e+00+0.j
 -2.77599977e+00+0.j -2.77599977e+00-0.j  2.20926608e+00-0.j
 -2.77806028e+00-0.j  2.20926608e+00+0.j  2.49093713e+00-0.j
  2.50275431e+00+0.j  2.50000000e+00-0.j  2.50000000e+00+0.j
  2.50275431e+00-0.j -2.76759908e+00-0.j -2.49829594e+00-0.j
  2.49093713e+00+0.j -2.76820479e+00+0.j -2.49829594e+00+0.j
 -2.76820479e+00-0.j -2.55191069e+00+0.j -2.56116436e+00-0.j
 -3.00971691e+00-0.j  2.29318621e+00+0.j  2.27522627e+00+0.j
 -2.65173992e+00+0.j -2.71984943e+00-0.j -2.78340871e+00-0.j
 -2.40183823e+00+0.j -2.40230987e+00-0.j -2.35205032e+00-0.j
 -2.57353726e+00-0.j -2.56703128e+00-0.j -2.56909035e+00+0.j
 -2.29039402e+00+0.j -2.51112099e+00+0.j -2.13955915e+00+0.j
 -2.44390815e+00-0.j -2.76759908e+00+0.j -2.15385309e+00-0.j
 -2.20365301e+00+0.j -2.48510123e+00+0.j -2.16460752e+00+0.j
 -2.48625041e+00+0.j  2.05058795e+00+0.j -2.36180152e+00+0.j
 -2.35996331e+00+0.j  1.88814407e+00-0.j  2.10174551e+00+0.j
  2.22379366e+00+0.j  2.13325112e+00+0.j  2.18786824e+00+0.j
  2.10174551e+00-0.j  2.18786824e+00-0.j  2.01605337e+00+0.j
  2.22379366e+00+0.j  2.06698612e+00+0.j  2.01605337e+00-0.j
 -2.26906765e+00+0.j -2.26906765e+00-0.j  1.92831313e+00+0.j
 -2.19200959e+00-0.j  2.16275942e+00+0.j  2.00000000e+00+0.j
  1.95524437e+00-0.j  1.96527953e+00+0.j  1.96597924e+00+0.j
  2.00000000e+00+0.j  2.00000000e+00-0.j  2.08008246e+00-0.j
  2.08008246e+00-0.j  2.16275942e+00+0.j  1.96597924e+00-0.j
 -2.19200959e+00+0.j  1.95524437e+00-0.j  1.92831313e+00-0.j
  1.96527953e+00-0.j -2.77806028e+00-0.j -2.40230987e+00+0.j
  2.27522627e+00+0.j -2.30119067e+00-0.j -2.29039402e+00-0.j
 -1.94090953e+00-0.j -2.03646144e+00-0.j  1.83083003e+00-0.j
 -2.03168147e+00-0.j  1.72400257e+00-0.j -2.00929505e+00+0.j
  1.74929678e+00+0.j  1.75196470e+00+0.j  1.74115467e+00+0.j
  2.05058795e+00-0.j  1.91284801e+00+0.j  1.90585496e+00+0.j
 -2.21300559e+00-0.j  1.98836146e+00+0.j -2.18738007e+00+0.j
 -2.14112548e+00+0.j  1.99926407e+00-0.j  2.06698612e+00+0.j
 -2.07767466e+00-0.j -2.07256796e+00+0.j  1.76233517e+00+0.j
 -2.07256796e+00-0.j  1.76233517e+00+0.j -2.07767466e+00+0.j
 -2.00723251e+00+0.j -2.21361989e+00-0.j -2.21361989e+00+0.j
 -2.00723251e+00+0.j  1.99926407e+00-0.j -2.56703128e+00+0.j
 -2.51112099e+00+0.j -2.48510123e+00-0.j -1.82734011e+00-0.j
 -1.84411313e+00-0.j -1.89524980e+00-0.j -1.88215693e+00-0.j
 -2.30119067e+00-0.j -1.94090953e+00+0.j -2.16460752e+00-0.j
 -2.13955915e+00+0.j -2.04567427e+00-0.j -2.06007081e+00-0.j
 -2.05705117e+00+0.j  1.66721648e+00+0.j  1.59260521e+00-0.j
  1.63116280e+00+0.j  1.61303153e+00+0.j  1.60889615e+00+0.j
  1.61030219e+00+0.j  1.84556276e+00+0.j  1.79026521e+00-0.j
  1.78491898e+00+0.j  1.98836146e+00+0.j  1.77261808e+00+0.j
  1.72400257e+00-0.j  1.75196470e+00-0.j -1.87896951e+00+0.j
  1.74929678e+00-0.j -1.87896951e+00-0.j  1.74115467e+00-0.j
 -2.14112548e+00+0.j -2.21300559e+00-0.j -2.36180152e+00+0.j
 -1.72388217e+00-0.j  1.91284801e+00+0.j  1.53571573e+00-0.j
  1.53778145e+00-0.j  1.54204878e+00-0.j -1.84411313e+00+0.j
 -1.82734011e+00-0.j -2.03646144e+00+0.j -2.03168147e+00-0.j
 -2.00929505e+00-0.j  1.60889615e+00+0.j  1.58661037e+00-0.j
  1.79026521e+00+0.j  1.78491898e+00-0.j  1.58661037e+00-0.j
 -1.99936430e+00+0.j  1.58778344e+00-0.j -1.94053368e+00+0.j
  1.77261808e+00+0.j -2.02603081e+00-0.j -2.01283310e+00-0.j
 -2.02603081e+00-0.j -2.05705117e+00-0.j -1.94053368e+00-0.j
 -2.01283310e+00+0.j  1.59260521e+00+0.j  1.58778344e+00-0.j
 -1.99936430e+00-0.j  1.90585496e+00+0.j  1.84556276e+00-0.j
 -2.18738007e+00-0.j  1.43932899e+00-0.j -1.61392995e+00-0.j
 -1.63205581e+00-0.j  1.66721648e+00+0.j -1.70490337e+00+0.j
 -1.64573198e+00-0.j -1.70490337e+00+0.j -1.64573198e+00-0.j
 -1.88215693e+00+0.j -1.84914379e+00-0.j  1.57576458e+00+0.j
  1.53778145e+00-0.j  1.54204878e+00+0.j  1.53571573e+00-0.j
  1.66138395e+00+0.j -1.86088530e+00-0.j -1.85701609e+00-0.j
 -1.85701609e+00+0.j  1.66138395e+00-0.j  1.62603206e+00-0.j
  1.62603206e+00-0.j -1.86088530e+00+0.j -2.06007081e+00+0.j
 -2.04567427e+00+0.j -1.57074656e+00-0.j -1.72388217e+00-0.j
 -1.72010768e+00-0.j -1.50000000e+00+0.j  1.31458510e+00+0.j
  1.37849823e+00+0.j  1.41018918e+00+0.j  1.61030219e+00-0.j
  1.55719868e+00-0.j -1.63205581e+00+0.j -1.56431527e+00+0.j
 -1.56431527e+00-0.j  1.41018918e+00-0.j -1.71737512e+00+0.j
  1.35739412e+00+0.j -1.50635780e+00+0.j  1.50000000e+00-0.j
  1.49577603e+00+0.j -1.67765479e+00+0.j -1.67765479e+00+0.j
  1.35739412e+00-0.j  1.53236785e+00-0.j -1.50635780e+00+0.j
  1.57576458e+00-0.j -1.71737512e+00+0.j  1.50000000e+00-0.j
  1.49577603e+00+0.j  1.53236785e+00-0.j  1.33393404e+00-0.j
  1.31458510e+00-0.j -1.84914379e+00-0.j  1.38518506e+00-0.j
  1.40636866e+00-0.j  1.43666677e+00-0.j  1.24445980e+00-0.j
  1.45240663e+00-0.j -1.61245894e+00+0.j -1.61067600e+00+0.j
 -1.60787369e+00-0.j  1.45119707e+00-0.j -1.58865303e+00-0.j
  1.45274475e+00+0.j -1.46706635e+00-0.j -1.58410315e+00-0.j
  1.24445980e+00+0.j  1.25558549e+00-0.j -1.50000000e+00-0.j
 -1.47642184e+00+0.j -1.58410315e+00+0.j -1.48581477e+00-0.j
 -1.48497893e+00+0.j  1.25558549e+00+0.j -1.55060169e+00+0.j
 -1.47032368e+00+0.j -1.47032368e+00-0.j -1.51512761e+00-0.j
 -1.55060169e+00+0.j -1.51512761e+00-0.j -1.50620292e+00+0.j
 -1.50620292e+00-0.j -1.44967815e+00-0.j -1.44967815e+00-0.j
  1.45274475e+00-0.j  1.38518506e+00+0.j  1.43666677e+00+0.j
  1.20862498e+00+0.j  1.35490964e+00-0.j  1.40636866e+00+0.j
  1.45240663e+00+0.j  1.25270911e+00+0.j  1.35490964e+00-0.j
  1.09433283e+00+0.j  1.22180110e+00+0.j  1.21287695e+00+0.j
 -1.60787369e+00-0.j -1.61067600e+00+0.j -1.61245894e+00-0.j
  1.22180110e+00-0.j  1.21287695e+00-0.j  1.28190840e+00+0.j
  1.19569664e+00-0.j  1.13397460e+00+0.j  1.28190840e+00-0.j
  1.13397460e+00-0.j  1.10999908e+00-0.j -1.23508621e+00+0.j
  1.19569664e+00-0.j  1.10999908e+00+0.j -1.29109647e+00-0.j
 -1.30453973e+00+0.j -1.32470378e+00+0.j -1.46564981e+00-0.j
 -1.41176176e+00+0.j -1.37259839e+00-0.j -1.34704070e+00+0.j
 -1.41622272e+00-0.j -1.43624145e+00-0.j -1.41622272e+00-0.j
 -1.47642184e+00+0.j -1.48497893e+00+0.j -1.32123090e+00+0.j
 -1.43244079e+00+0.j -1.43478610e+00+0.j -1.48581477e+00-0.j
 -1.37259839e+00+0.j -1.32123090e+00+0.j -1.43624145e+00+0.j
 -1.34704070e+00-0.j -1.43244079e+00-0.j -1.43478610e+00-0.j
  1.45119707e+00+0.j  1.04052835e+00+0.j  1.17658497e+00-0.j
  1.20862498e+00-0.j  1.18821832e+00-0.j  1.08400300e+00-0.j
  1.17658497e+00+0.j  1.08400300e+00-0.j -1.11006247e+00+0.j
 -1.11808068e+00+0.j -1.17198885e+00+0.j -1.43118016e+00+0.j
 -1.18951680e+00+0.j -1.43118016e+00-0.j -1.32470378e+00+0.j
 -1.18951680e+00+0.j -1.23724980e+00+0.j -1.21683124e+00-0.j
 -1.23724980e+00+0.j -1.15053943e+00+0.j -1.30453973e+00-0.j
 -1.14847507e+00+0.j -1.29109647e+00-0.j -1.14847507e+00-0.j
 -1.26915356e+00-0.j -1.26915356e+00+0.j -1.27937368e+00+0.j
 -1.27937368e+00-0.j -1.28077641e+00-0.j -1.28077641e+00+0.j
 -1.15053943e+00+0.j -1.33402734e+00+0.j -1.25358188e+00+0.j
 -1.25347623e+00+0.j -1.25347623e+00-0.j -1.25358188e+00-0.j
 -1.33402734e+00-0.j -1.30958331e+00+0.j -1.28310330e+00+0.j
 -1.30958331e+00-0.j -1.28310330e+00+0.j  9.95803513e-01-0.j
  1.04052835e+00-0.j  1.18821832e+00-0.j -1.08564224e+00+0.j
 -1.17198885e+00+0.j -1.18305337e+00-0.j -1.19388956e+00+0.j
 -1.23508621e+00-0.j -1.11006247e+00+0.j  1.25270911e+00-0.j
  9.39890013e-01+0.j  1.10425378e+00+0.j  1.00000000e+00-0.j
  9.95803513e-01+0.j  9.39890013e-01+0.j -1.05047321e+00+0.j
 -1.46564981e+00-0.j -1.41176176e+00+0.j -1.08564224e+00+0.j
 -1.14255722e+00-0.j -1.11329818e+00+0.j -1.12518003e+00-0.j
 -1.21683124e+00+0.j -1.12518003e+00+0.j -1.19388956e+00-0.j
 -1.18305337e+00+0.j  8.68772991e-01+0.j  1.08021585e+00-0.j
 -1.00188058e+00+0.j  1.03385036e+00-0.j  9.31119167e-01+0.j
 -1.02072163e+00-0.j -1.02072163e+00-0.j  9.11128804e-01+0.j
  1.09638581e+00-0.j  1.09638581e+00+0.j  9.18620748e-01+0.j
  9.23346548e-01-0.j  9.18620748e-01-0.j  9.23346548e-01-0.j
 -1.00188058e+00+0.j  1.09216256e+00-0.j  9.11128804e-01+0.j
  1.09216256e+00-0.j  9.31036871e-01-0.j  1.05159010e+00-0.j
  1.05159010e+00-0.j  1.04614172e+00+0.j  1.04614172e+00-0.j
  1.00000000e+00-0.j  9.31036871e-01-0.j  1.00000000e+00-0.j
  1.00000000e+00+0.j -8.55017266e-01-0.j -1.05047321e+00-0.j
 -9.18985947e-01-0.j -9.16336244e-01-0.j -9.62444583e-01+0.j
 -1.07968503e+00+0.j  7.80776406e-01-0.j  1.10425378e+00-0.j
  7.37390302e-01-0.j  7.73110664e-01+0.j -9.57464219e-01-0.j
  1.08021585e+00+0.j  8.67890821e-01+0.j  8.67890821e-01+0.j
  7.92147352e-01+0.j  7.92147352e-01-0.j -9.57464219e-01-0.j
  1.03385036e+00-0.j  9.31119167e-01+0.j  9.76164949e-01+0.j
  9.84892071e-01+0.j  1.00655193e+00+0.j  1.00672089e+00+0.j
  1.00672089e+00-0.j  9.76164949e-01+0.j  9.84892071e-01+0.j
  1.00655193e+00+0.j  7.15370323e-01-0.j  8.68772991e-01+0.j
  7.73110664e-01+0.j  8.82483124e-01+0.j -1.11329818e+00-0.j
  9.13894953e-01-0.j  8.82483124e-01-0.j  9.13894953e-01+0.j
 -7.73151386e-01+0.j -1.07968503e+00-0.j -7.88693957e-01+0.j
 -1.02719415e+00-0.j -1.02719415e+00-0.j -1.02006050e+00-0.j
 -9.93080438e-01-0.j -7.68016746e-01+0.j -7.68016746e-01-0.j
 -9.62444583e-01-0.j -7.96479540e-01+0.j -8.14594032e-01+0.j
 -9.08791020e-01-0.j -8.74207918e-01+0.j -9.93080438e-01-0.j
 -1.02006050e+00-0.j -8.81141256e-01-0.j -8.94747084e-01-0.j
 -9.03327749e-01+0.j -8.92465648e-01+0.j -9.08791020e-01-0.j
 -9.75623945e-01-0.j -9.16859896e-01+0.j -9.75623945e-01+0.j
 -8.81141256e-01-0.j -8.09771142e-01-0.j -9.39030711e-01-0.j
 -8.81552634e-01+0.j -9.39030711e-01-0.j -8.81552634e-01-0.j
 -8.09771142e-01+0.j -9.12871577e-01-0.j -9.12871577e-01-0.j
  6.92513526e-01+0.j  7.80776406e-01-0.j  8.56080001e-01-0.j
  7.03624697e-01+0.j  7.03624697e-01-0.j -1.14255722e+00+0.j
 -8.55017266e-01+0.j  8.37112795e-01-0.j  8.37112795e-01+0.j
 -8.14594032e-01+0.j  6.32517167e-01+0.j  7.37390302e-01+0.j
 -6.49738189e-01-0.j -7.13756254e-01+0.j  6.83201124e-01+0.j
  6.92513526e-01+0.j  6.83201124e-01+0.j  7.85491529e-01-0.j
 -7.97104367e-01+0.j  7.71390112e-01-0.j -8.19703780e-01+0.j
  8.56080001e-01-0.j -7.17986650e-01-0.j -7.17986650e-01+0.j
  8.25363989e-01-0.j  8.18666470e-01-0.j  8.18666470e-01+0.j
  8.25363989e-01+0.j  7.66464198e-01-0.j  7.66464198e-01-0.j
 -9.03327749e-01-0.j -8.94747084e-01-0.j -6.00693256e-01+0.j
 -7.96479540e-01+0.j -8.25187397e-01+0.j  7.31113978e-01+0.j
  5.76326398e-01-0.j  6.39980018e-01+0.j  7.85491529e-01-0.j
 -8.29406383e-01+0.j -7.47752052e-01-0.j  7.04584896e-01-0.j
  6.16933893e-01-0.j  6.17658136e-01-0.j  7.71390112e-01-0.j
  6.34881641e-01-0.j  6.34881641e-01-0.j  6.17658136e-01-0.j
  6.16933893e-01-0.j  6.94882019e-01+0.j -6.66017387e-01-0.j
  5.87412257e-01+0.j -6.77945173e-01+0.j -6.60965636e-01+0.j
 -6.84318254e-01-0.j -6.84851036e-01+0.j -6.44452235e-01-0.j
 -6.44452235e-01+0.j -6.84318254e-01-0.j -6.84851036e-01-0.j
  5.87412257e-01-0.j -6.60965636e-01-0.j -6.77945173e-01+0.j
  6.94882019e-01-0.j -6.66017387e-01-0.j -5.29462944e-01+0.j
 -5.46456963e-01+0.j -5.60256957e-01+0.j  7.31113978e-01-0.j
  6.33702518e-01-0.j  5.05118696e-01+0.j  5.05118696e-01+0.j
  6.39980018e-01-0.j -7.13756254e-01+0.j -5.72170659e-01+0.j
 -8.29406383e-01+0.j  7.04584896e-01+0.j  5.55706249e-01-0.j
 -6.52020068e-01+0.j  5.76326398e-01-0.j -7.47752052e-01+0.j
  5.49780106e-01-0.j -8.25187397e-01-0.j -7.75430361e-01-0.j
 -7.75430361e-01+0.j -8.18882610e-01+0.j -8.04712994e-01-0.j
 -8.04712994e-01+0.j  5.52929400e-01+0.j  5.55159216e-01+0.j
  6.81209868e-01+0.j  6.81209868e-01+0.j  6.55400643e-01-0.j
  6.55400643e-01+0.j -5.90956360e-01-0.j -5.90956360e-01+0.j
  5.37781341e-01-0.j  5.37781341e-01-0.j -8.18882610e-01-0.j
 -5.72170659e-01+0.j  5.52929400e-01+0.j  5.55159216e-01-0.j
  4.46573458e-01-0.j  6.06243533e-01-0.j -5.51749157e-01-0.j
 -5.54220588e-01-0.j  6.37963100e-01+0.j -8.19703780e-01+0.j
 -5.55837901e-01-0.j -5.55837901e-01-0.j  5.49780106e-01-0.j
  1.00000000e+00+0.j -8.92465648e-01-0.j -6.00693256e-01+0.j
 -5.32315366e-01+0.j  5.74004148e-01+0.j -5.68360421e-01+0.j
  4.56567313e-01+0.j  4.89584360e-01+0.j  5.50551464e-01-0.j
 -6.24208244e-01+0.j -6.25317201e-01+0.j  4.89601263e-01+0.j
  4.89601263e-01-0.j -5.51749157e-01-0.j  4.56567313e-01+0.j
 -5.11997051e-01-0.j -5.29462944e-01-0.j -4.33625472e-01-0.j
 -5.46456963e-01-0.j -4.23453107e-01+0.j  3.31968157e-01+0.j
 -5.60256957e-01+0.j -4.33739046e-01+0.j -4.33739046e-01+0.j
 -6.49565101e-01+0.j -6.49565101e-01+0.j -4.23453107e-01+0.j
  6.06243533e-01-0.j  2.68560082e-01-0.j  2.68560082e-01-0.j
 -6.25317201e-01-0.j -6.24208244e-01+0.j  3.92206620e-01-0.j
  5.74004148e-01+0.j -6.06497908e-01+0.j  4.88570974e-01+0.j
  4.25925070e-01+0.j  4.25925070e-01-0.j  4.46573458e-01+0.j
  5.20825333e-01-0.j  5.20825333e-01-0.j -5.94463118e-01-0.j
 -6.06497908e-01-0.j  4.09349048e-01-0.j  4.09349048e-01+0.j
  5.38315418e-01-0.j  4.17477047e-01-0.j  4.89584360e-01+0.j
  5.38315418e-01+0.j  4.38895630e-01+0.j  4.38895630e-01+0.j
  4.17477047e-01+0.j  4.19478895e-01-0.j  4.19478895e-01-0.j
 -5.94463118e-01-0.j  6.37963100e-01+0.j -3.16607480e-01-0.j
 -3.09721468e-01+0.j -5.54220588e-01-0.j -4.33625472e-01-0.j
 -3.45474284e-01-0.j  3.92206620e-01-0.j  3.76737366e-01-0.j
 -3.61976095e-01-0.j -5.09148789e-01-0.j -4.90411442e-01+0.j
 -4.90411442e-01+0.j -3.69467618e-01-0.j  3.77000337e-01+0.j
  3.77000337e-01-0.j -5.09148789e-01-0.j -3.38163206e-01+0.j
 -3.75069620e-01+0.j -3.75069620e-01-0.j -3.38163206e-01+0.j
 -3.45474284e-01+0.j -3.61976095e-01-0.j -3.69467618e-01-0.j
  6.33702518e-01+0.j  3.01245643e-01+0.j  4.90516346e-01-0.j
 -2.91550064e-01-0.j -5.68360421e-01-0.j -5.32315366e-01-0.j
 -4.43351072e-01-0.j -4.43351072e-01+0.j -6.52020068e-01-0.j
  1.37056869e-01-0.j  2.21515111e-01-0.j  1.21761264e-01+0.j
  3.66935500e-01-0.j  4.31676632e-01-0.j  4.11114671e-01-0.j
  1.21064685e-01-0.j  1.53443794e-01+0.j  1.53443794e-01+0.j
  2.19048431e-01+0.j  2.19048431e-01+0.j -2.91550064e-01-0.j
  1.21064685e-01-0.j -2.84321577e-01+0.j -2.84321577e-01+0.j
  4.38896598e-01-0.j  4.38896598e-01+0.j -3.16607480e-01-0.j
 -1.47465759e-01+0.j  1.82303956e-01-0.j  1.66846187e-01-0.j
  2.21515111e-01-0.j  1.73297004e-01+0.j  4.11114671e-01-0.j
  3.66935500e-01+0.j -2.67165953e-01+0.j -2.64492175e-01-0.j
  2.88840115e-01+0.j  2.03584456e-01-0.j -2.67165953e-01-0.j
 -2.64492175e-01-0.j  2.03584456e-01+0.j  2.88840115e-01+0.j
  3.34571820e-01+0.j  3.34571820e-01+0.j  3.66882181e-01+0.j
  3.66882181e-01+0.j  1.73297004e-01+0.j -3.94890459e-01+0.j
  3.95093754e-01-0.j  1.21761264e-01-0.j  3.95093754e-01+0.j
 -3.88359547e-01-0.j -3.94890459e-01+0.j  1.66846187e-01+0.j
  1.81649952e-01+0.j  3.78103272e-01+0.j -3.88359547e-01+0.j
 -2.29310337e-01-0.j -2.29310337e-01+0.j -1.28657983e-01+0.j
  3.74565435e-01-0.j  3.74565435e-01-0.j -2.95099960e-01+0.j
 -1.26368760e-01+0.j -2.95099960e-01+0.j -1.26368760e-01+0.j
  1.81649952e-01-0.j -1.28657983e-01+0.j -2.03577046e-01+0.j
 -2.03577046e-01-0.j  3.78103272e-01-0.j -3.65921113e-01-0.j
  2.38366971e-02-0.j -1.54454477e-01+0.j  2.38366971e-02+0.j
 -1.54454477e-01-0.j -1.53814893e-01+0.j -1.53814893e-01-0.j
  4.12080012e-02-0.j  4.12080012e-02-0.j  3.33405979e-02-0.j
  3.33405979e-02+0.j  1.59884979e-02+0.j  4.30769688e-02-0.j
 -3.68227143e-01+0.j -3.68227143e-01+0.j  4.30769688e-02+0.j
  2.33104080e-03+0.j  2.33104080e-03-0.j -3.65921113e-01+0.j
  3.66871212e-01-0.j -1.62395200e-02+0.j -1.62395200e-02+0.j
 -1.46624731e-02+0.j -1.66011867e-01-0.j -1.66011867e-01+0.j
 -1.46624731e-02-0.j -1.87770519e-01+0.j -4.73486677e-02+0.j
 -1.87770519e-01-0.j  3.66871212e-01+0.j -4.73486677e-02-0.j
 -0.00000000e+00-0.j -0.00000000e+00+0.j  4.90516346e-01+0.j
  2.56610491e-01-0.j -1.63198658e-01+0.j  2.40572347e-01-0.j
  2.48807292e-01-0.j  2.48807292e-01-0.j -1.14372590e-01+0.j
  2.40572347e-01-0.j  8.86573279e-02-0.j  8.86573279e-02+0.j
  0.00000000e+00+0.j  2.56610491e-01-0.j -2.58667452e-01+0.j
 -2.58667452e-01+0.j -2.51428091e-01-0.j -2.51428091e-01+0.j
  2.08282888e-01+0.j  2.08282888e-01+0.j  2.01048179e-01-0.j
 -2.35722045e-01-0.j  2.01048179e-01+0.j  1.65414852e-01+0.j
  1.65414852e-01+0.j  1.86133136e-01+0.j  1.86133136e-01+0.j
  1.84129723e-01-0.j  1.84129723e-01+0.j -2.35722045e-01-0.j
 -2.35372456e-01+0.j -1.14372590e-01+0.j -2.35372456e-01-0.j
  1.78353965e-01+0.j  1.78353965e-01+0.j -1.40816275e-01-0.j
  4.61332079e-02+0.j  4.65718535e-02-0.j  4.65718535e-02+0.j
 -1.40816275e-01+0.j -4.44351260e-02-0.j -3.98953564e-02-0.j
 -3.98953564e-02-0.j -3.81876354e-02-0.j -3.81876354e-02-0.j
  4.61332079e-02+0.j -4.44351260e-02-0.j -4.73313512e-02-0.j
 -4.73313512e-02-0.j -1.96417374e-01-0.j  3.10103110e-02-0.j
 -1.96417374e-01-0.j -1.98133165e-01+0.j -1.98133165e-01-0.j
  3.10103110e-02-0.j -1.61938843e-01+0.j -1.61938843e-01+0.j
 -1.90653078e-01+0.j -1.90653078e-01+0.j -9.78284880e-03+0.j
  3.43272394e-02+0.j -1.14943662e-02+0.j -1.14943662e-02+0.j
 -1.83223238e-01+0.j  3.43272394e-02+0.j -1.80864259e-01+0.j
 -1.80864259e-01+0.j -1.82542836e-01+0.j -1.82542836e-01+0.j
 -9.78284880e-03+0.j -1.83223238e-01+0.j  4.31676632e-01+0.j
Diagonalizing op_1 for typicality took time 0.018
L=12,Delta_1=1.50,Delta_2=0.00,g = 0.20
8.881784197001252e-16
^Checking if each right eigenvector is normalized^
162
^number of eigenvalues with |imaginary part| > 1e-10^
Time taken to get left and right eigenvectors: 3.977
[-6.41193553e+00-0.j         -5.90634031e+00-0.17372479j
 -5.90634031e+00+0.17372479j -5.39779157e+00-0.j
 -5.39779157e+00+0.j         -4.97208203e+00+0.15107984j
 -4.97208203e+00-0.15107984j -4.76821715e+00-0.j
 -4.97208203e+00+0.15107984j -4.97208203e+00-0.15107984j
 -4.66190795e+00+0.j         -4.56050323e+00-0.j
 -4.63670990e+00-0.j         -4.66190795e+00+0.j
 -4.63670990e+00-0.j         -4.38809885e+00+0.08821516j
 -4.41184606e+00-0.j         -4.38809885e+00-0.08821516j
  3.40850426e+00-0.j          3.35750399e+00-0.j
 -4.38809885e+00-0.08821516j -4.38809885e+00+0.08821516j
 -4.41184606e+00+0.j         -4.17685513e+00-0.j
 -4.27185450e+00+0.02389614j -4.13111031e+00-0.j
 -4.27185450e+00-0.02389614j  3.36051831e+00+0.j
  3.36881162e+00-0.j          3.38055718e+00-0.j
  3.40390450e+00+0.j          3.40390450e+00+0.j
 -4.27185450e+00+0.02389614j -4.09825629e+00+0.j
  3.39329540e+00+0.j          3.39329540e+00-0.j
 -4.01175949e+00-0.j         -4.27185450e+00-0.02389614j
  3.38055718e+00+0.j          3.36881162e+00-0.j
  3.36051831e+00-0.j         -4.13111031e+00+0.j
  2.95698834e+00+0.j         -3.88204263e+00+0.j
  2.89193739e+00+0.j          2.82143520e+00+0.j
  2.81854125e+00-0.j         -3.88204263e+00+0.j
  2.80288323e+00-0.j          2.80988859e+00-0.j
 -3.81782140e+00-0.j         -3.72558259e+00-0.j
 -3.81782140e+00-0.j         -3.78508760e+00-0.j
 -3.71364901e+00-0.j         -3.78508760e+00+0.j
 -3.69858070e+00+0.j         -3.71364901e+00-0.j
 -3.65194494e+00-0.j         -3.69858070e+00-0.j
 -3.65194494e+00-0.j         -3.72558259e+00+0.j
  2.89193739e+00+0.j         -3.54148815e+00-0.j
 -3.44111664e+00+0.j         -3.44652847e+00+0.j
 -3.55469763e+00+0.j         -3.55469763e+00-0.j
 -3.18817094e+00+0.j         -3.31685591e+00-0.j
 -3.28521410e+00+0.j         -3.26643377e+00-0.j
 -3.41815889e+00+0.j         -3.54148815e+00+0.j
 -3.50893996e+00+0.j         -3.41038147e+00-0.j
 -3.26982211e+00-0.j         -3.50893996e+00+0.j
 -3.26982211e+00+0.j         -3.41038147e+00+0.j
 -3.35690877e+00+0.j         -3.35690877e+00-0.j
 -3.34272769e+00-0.j         -3.34272769e+00-0.j
 -3.41815889e+00+0.j         -3.26643377e+00+0.j
  2.82143520e+00-0.j          2.80288323e+00+0.j
  2.80988859e+00-0.j         -3.44111664e+00-0.j
  2.77537458e+00+0.j          2.77537458e+00-0.j
  2.71354868e+00+0.j          2.70338975e+00+0.j
  2.70338975e+00-0.j          2.61606268e+00+0.j
  2.71354868e+00-0.j         -3.28521410e+00+0.j
  2.60301159e+00+0.j         -3.08358097e+00-0.j
  2.44580155e+00-0.08750019j  2.44580155e+00+0.08750019j
  2.51084375e+00-0.j          2.59054016e+00-0.j
  2.59054016e+00-0.j         -3.18817094e+00+0.j
 -3.12738427e+00-0.j          2.60301159e+00-0.j
 -3.06914711e+00+0.j         -3.12738427e+00+0.j
 -2.63844721e+00-0.11786367j -2.63844721e+00+0.11786367j
 -3.04376596e+00+0.j         -3.06914711e+00-0.j
 -2.77533756e+00+0.j         -2.78736778e+00-0.j
 -2.74607688e+00-0.j         -2.86889095e+00-0.j
 -3.04376596e+00+0.j         -3.01964340e+00+0.j
 -2.93123119e+00-0.j         -2.91759592e+00+0.j
 -3.01964340e+00+0.j         -2.66174161e+00+0.j
 -2.90098117e+00+0.j          2.48330037e+00-0.j
  2.48330037e+00-0.j         -2.91097642e+00+0.j
  2.49138921e+00-0.j          2.49138921e+00+0.j
  2.45332629e+00-0.j         -2.89465011e+00+0.j
  2.45332629e+00-0.j         -2.94618621e+00-0.j
  2.38919933e+00-0.j          2.41725795e+00-0.j
  2.42051679e+00-0.j          2.43621377e+00+0.j
 -2.94528561e+00-0.j          2.43621377e+00-0.j
 -2.70632396e+00-0.j         -2.94528561e+00+0.j
 -2.70632396e+00-0.j         -2.90815784e+00+0.j
 -2.90815784e+00-0.j          2.41725795e+00-0.j
 -2.94618621e+00+0.j          2.38919933e+00-0.j
  2.42051679e+00+0.j         -2.89465011e+00-0.j
  2.51084375e+00+0.j          2.30068562e+00-0.06033018j
  2.30068562e+00+0.06033018j  2.32839386e+00+0.j
  2.19574817e+00-0.02499957j  2.19574817e+00+0.02499957j
  2.20333517e+00-0.j          2.16973886e+00-0.j
  2.31135465e+00-0.j          2.29156568e+00-0.j
  2.29156568e+00+0.j          2.23442156e+00-0.j
  2.31135465e+00+0.j          2.25110277e+00+0.j
  2.25110277e+00-0.j          2.23442156e+00+0.j
 -2.90098117e+00-0.j         -2.91097642e+00-0.j
 -2.36876655e+00-0.18376745j -2.77533756e+00-0.j
 -2.42221750e+00-0.j         -2.42502260e+00-0.j
 -2.63844721e+00-0.11786367j -2.46348038e+00+0.j
 -2.45693337e+00+0.j         -2.63844721e+00+0.11786367j
 -2.74607688e+00+0.j         -2.62147157e+00-0.09140485j
 -2.62147157e+00-0.09140485j -2.65836422e+00+0.j
 -2.62147157e+00+0.09140485j -2.62147157e+00+0.09140485j
 -2.54448877e+00-0.j         -2.54170840e+00+0.j
 -2.61884470e+00-0.j         -2.66174161e+00+0.j
 -2.61745637e+00+0.j         -2.61397220e+00+0.j
 -2.50429303e+00+0.j         -2.56286494e+00-0.j
 -2.55835358e+00-0.j         -2.55835358e+00-0.j
 -2.56286494e+00-0.j         -2.61397220e+00+0.j
 -2.61745637e+00-0.j         -2.50429303e+00-0.j
 -2.54170840e+00+0.j         -2.61884470e+00+0.j
  2.30068562e+00-0.06033018j  2.30068562e+00+0.06033018j
  2.32839386e+00-0.j          2.06306134e+00-0.j
  2.06412411e+00-0.j          2.19574817e+00+0.02499957j
  2.19574817e+00-0.02499957j  2.12925976e+00-0.j
  2.13670344e+00+0.j          2.14398305e+00+0.j
  2.16973886e+00-0.j          2.12799282e+00+0.j
  2.10200104e+00+0.j          2.10200104e+00-0.j
  2.12799282e+00+0.j          2.13670344e+00+0.j
  2.14398305e+00-0.j         -2.36876655e+00+0.18376745j
 -2.26660031e+00+0.j         -2.25410986e+00-0.j
 -2.25493364e+00-0.j         -2.38977783e+00-0.10169385j
 -2.38977783e+00+0.10169385j -2.38977783e+00-0.10169385j
 -2.38977783e+00+0.10169385j -2.54448877e+00+0.j
 -2.30650335e+00-0.j         -2.40033412e+00-0.j
 -2.32409248e+00-0.j         -2.40033412e+00-0.j
 -2.32409248e+00+0.j         -2.46348038e+00-0.j
 -2.30650335e+00-0.j         -2.42221750e+00+0.j
 -2.45693337e+00+0.j         -2.42502260e+00-0.j
  2.20333517e+00+0.j          1.99896280e+00+0.j
  2.02053967e+00+0.j          1.94067932e+00-0.j
  1.92311090e+00-0.j          2.03327839e+00+0.j
  2.06306134e+00+0.j          1.98301289e+00+0.j
  2.03327839e+00+0.j          1.98301289e+00+0.j
  2.03497650e+00-0.j          2.03497650e+00-0.j
 -2.21834505e+00+0.j         -2.16310977e+00+0.j
 -2.26660031e+00+0.j         -2.15319349e+00+0.j
 -2.09881666e+00-0.j         -2.18855995e+00+0.j
 -2.20133439e+00+0.j         -2.22606658e+00+0.j
 -2.07160467e+00+0.j         -2.22606658e+00-0.j
 -2.07160467e+00-0.j         -2.25410986e+00-0.j
 -2.15319349e+00-0.j         -2.16310977e+00-0.j
 -2.09881666e+00+0.j         -2.25493364e+00+0.j
 -2.18855995e+00+0.j         -2.20133439e+00+0.j
 -1.90334997e+00-0.15706146j  2.02053967e+00-0.j
 -1.95466786e+00-0.09994429j -1.95466786e+00+0.09994429j
  1.99896280e+00+0.j         -1.89900639e+00-0.14327121j
 -2.04991960e+00+0.j         -2.03863932e+00+0.0605874j
 -2.03863932e+00-0.0605874j  -2.03863932e+00-0.0605874j
 -2.03863932e+00+0.0605874j  -1.90968439e+00-0.j
 -1.89900639e+00+0.14327121j  1.69100940e+00-0.j
  1.70165688e+00+0.j          1.63036697e+00-0.j
  1.72101255e+00-0.j          1.74141356e+00-0.j
 -1.90334997e+00+0.15706146j -1.90334997e+00+0.15706146j
  1.77906277e+00-0.j          1.77887794e+00-0.j
  1.71130307e+00-0.j          1.92311090e+00-0.j
  1.91425888e+00-0.j          1.91425888e+00-0.j
 -2.04755599e+00+0.j          1.90206209e+00-0.j
  1.88095500e+00+0.j          1.88095500e+00-0.j
  1.75063950e+00+0.j         -2.04755599e+00-0.j
  1.75631622e+00-0.j          1.90206209e+00-0.j
  1.85094114e+00+0.j          1.86753622e+00+0.j
  1.85057427e+00-0.j          1.85094114e+00-0.j
  1.85057427e+00+0.j         -2.03499024e+00-0.j
  1.80695059e+00-0.j          1.86753622e+00+0.j
  1.80695059e+00-0.j          1.77568055e+00-0.j
  1.77568055e+00-0.j         -2.03499024e+00+0.j
  1.75631622e+00+0.j          1.52735095e+00+0.j
  1.55886602e+00+0.j          1.54720479e+00-0.j
  1.75063950e+00-0.j          1.71238926e+00-0.j
  1.59256400e+00-0.j          1.59256400e+00-0.j
  1.71238926e+00+0.j         -1.90334997e+00-0.15706146j
 -1.95466786e+00-0.09994429j -1.95466786e+00+0.09994429j
 -1.91137787e+00+0.j         -1.97605903e+00-0.j
 -1.97605903e+00+0.j         -1.89900639e+00-0.14327121j
 -1.89900639e+00+0.14327121j -1.95099322e+00-0.j
 -1.95099322e+00-0.j         -1.60231463e+00-0.j
 -1.80425917e+00-0.j         -1.89913711e+00+0.j
 -1.87158620e+00+0.02666158j -1.87158620e+00-0.02666158j
 -1.87158620e+00-0.02666158j -1.87158620e+00+0.02666158j
 -1.61505970e+00+0.j         -1.62561309e+00-0.j
 -1.63557385e+00-0.j         -1.64714566e+00-0.j
 -1.89913711e+00+0.j         -1.73260252e+00-0.j
 -1.69098261e+00-0.j         -1.75555717e+00+0.j
 -1.76028296e+00+0.j         -1.69452220e+00-0.08862597j
 -1.69452220e+00-0.08862597j -1.69452220e+00+0.08862597j
 -1.69452220e+00+0.08862597j -1.70405805e+00-0.j
 -1.84079777e+00+0.j         -1.78595848e+00-0.07580395j
 -1.78595848e+00+0.07580395j -1.78595848e+00-0.07580395j
 -1.78595848e+00+0.07580395j -1.84079777e+00+0.j
 -1.71811053e+00-0.0858761j  -1.75892961e+00+0.j
 -1.71811053e+00+0.0858761j  -1.71811053e+00-0.0858761j
 -1.71811053e+00+0.0858761j  -1.70569218e+00+0.j
 -1.70569218e+00-0.j         -1.75892961e+00+0.j
  1.51302189e+00+0.02919988j  1.77906277e+00-0.j
  1.77887794e+00-0.j          1.70165688e+00-0.j
  1.51302189e+00-0.02919988j  1.51302189e+00-0.02919988j
  1.51302189e+00+0.02919988j -1.58768154e+00+0.j
 -1.58768154e+00+0.j         -1.60231463e+00+0.j
 -1.62561309e+00+0.j         -1.61505970e+00+0.j
  1.63036697e+00+0.j          1.54720479e+00+0.j
  1.55886602e+00-0.j          1.45351798e+00+0.j
  1.42716451e+00-0.j          1.43117379e+00+0.j
  1.43047599e+00-0.j          1.47825810e+00-0.j
  1.47825810e+00+0.j         -1.50068890e+00+0.j
 -1.50423796e+00+0.j         -1.91137787e+00-0.j
  1.43914470e+00-0.03298095j  1.43914470e+00+0.03298095j
  1.43914470e+00-0.03298095j  1.43914470e+00+0.03298095j
 -1.80425917e+00+0.j         -1.54306974e+00-0.j
 -1.54306974e+00-0.j          1.45351798e+00-0.j
  1.43047599e+00+0.j         -1.44473853e+00-0.1371503j
 -1.44473853e+00+0.1371503j  -1.75555717e+00-0.j
 -1.43307432e+00+0.j         -1.43807070e+00+0.j
 -1.44362823e+00+0.j         -1.46912083e+00+0.j
 -1.64714566e+00-0.j         -1.47471228e+00+0.j
 -1.46948423e+00-0.j         -1.48918608e+00+0.j
 -1.48918608e+00+0.j         -1.50423796e+00+0.j
 -1.50068890e+00+0.j         -1.46948423e+00+0.j
 -1.47471228e+00-0.j          1.29978896e+00+0.j
  1.35141909e+00+0.j          1.43117379e+00+0.j
  1.32799442e+00-0.j          1.42716451e+00+0.j
  1.32799442e+00-0.j          1.35141909e+00-0.j
  1.29978896e+00-0.j         -1.76028296e+00+0.j
 -1.73260252e+00-0.j         -1.70405805e+00-0.j
 -1.63557385e+00+0.j         -1.33438835e+00+0.j
 -1.38092105e+00-0.j         -1.35550089e+00-0.j
 -1.41506321e+00+0.j         -1.42737125e+00+0.j
 -1.35241535e+00-0.j         -1.35241535e+00+0.j
 -1.43307432e+00-0.j         -1.44362823e+00-0.j
 -1.43807070e+00-0.j         -1.41506321e+00-0.j
 -1.42737125e+00+0.j         -1.46912083e+00+0.j
  1.08003647e+00+0.13892553j  1.08003647e+00-0.13892553j
  1.28691668e+00+0.j          1.28691668e+00-0.j
  1.23805725e+00-0.02602669j  1.26309476e+00+0.j
  1.23805725e+00+0.02602669j  1.23805725e+00-0.02602669j
  1.23805725e+00+0.02602669j  1.26309476e+00-0.j
 -1.17478740e+00-0.10149965j  1.25003774e+00+0.j
  1.25003774e+00+0.j         -1.15852238e+00-0.117237j
  1.17704827e+00-0.j         -1.24958133e+00+0.j
  1.20176715e+00+0.j         -1.24602102e+00-0.j
 -1.38092105e+00+0.j         -1.28884701e+00+0.j
 -1.35550089e+00-0.j          1.22646176e+00-0.j
  1.20774830e+00-0.j          1.22646176e+00-0.j
  1.21180372e+00+0.j         -1.28750577e+00+0.j
  1.19490403e+00+0.j          1.19490403e+00+0.j
 -1.32878652e+00-0.j         -1.32878652e+00+0.j
 -1.32420592e+00-0.j         -1.32866841e+00+0.j
 -1.32420592e+00-0.j         -1.32866841e+00+0.j
  1.21180372e+00-0.j         -1.30187158e+00-0.j
 -1.30187158e+00+0.j          1.20774830e+00+0.j
 -1.11776356e+00-0.08346024j -1.11776356e+00+0.08346024j
 -1.15852238e+00-0.117237j   -1.15852238e+00+0.117237j
 -1.15852238e+00+0.117237j   -1.17478740e+00+0.10149965j
 -1.17478740e+00+0.10149965j -1.28750577e+00-0.j
 -1.18621322e+00-0.j         -1.18155813e+00-0.j
 -1.23195385e+00-0.j         -1.23195385e+00+0.j
 -1.15271724e+00+0.j          1.20176715e+00+0.j
  1.06779206e+00+0.j          1.11404820e+00+0.j
  1.11404820e+00+0.j          1.17604942e+00-0.j
  1.16572266e+00+0.j          1.16572266e+00+0.j
  1.15470189e+00+0.j          1.15470189e+00-0.j
  1.06779206e+00+0.j         -1.24274894e+00+0.j
  1.13394326e+00+0.j         -1.24274894e+00-0.j
  1.17704827e+00+0.j          1.17604942e+00-0.j
  1.13394326e+00-0.j          1.09487728e+00+0.j
  1.09487728e+00-0.j          1.08188104e+00-0.j
  1.08188104e+00+0.j          1.13819797e+00+0.j
  1.13819797e+00+0.j          1.17835024e+00-0.j
  1.17835024e+00+0.j         -1.19118204e+00-0.j
 -1.19118204e+00+0.j          1.14103988e+00-0.j
  1.08575864e+00-0.j          1.14103988e+00-0.j
 -1.17762937e+00+0.j         -1.12113019e+00-0.j
 -1.13233018e+00+0.j         -1.11752270e+00+0.05802399j
 -1.11752270e+00-0.05802399j -1.11752270e+00-0.05802399j
 -1.13233018e+00-0.j         -1.12113019e+00-0.j
 -1.11752270e+00+0.05802399j  1.08579144e+00-0.j
  1.08579144e+00-0.j         -1.17762937e+00-0.j
 -1.14268055e+00-0.j          1.08575864e+00-0.j
 -1.14268055e+00+0.j          1.03780133e+00-0.j
  1.03780133e+00+0.j         -1.17478740e+00-0.10149965j
 -1.07257283e+00-0.j         -1.28884701e+00-0.j
 -1.24958133e+00+0.j         -1.24602102e+00-0.j
 -1.18621322e+00+0.j          9.55350779e-01+0.j
 -1.02501097e+00+0.j         -1.07257283e+00-0.j
  9.36848181e-01-0.03133363j  9.36848181e-01+0.03133363j
  9.82827090e-01-0.j          9.77741899e-01-0.j
  9.79206101e-01+0.j          9.82827090e-01+0.j
  9.79206101e-01-0.j         -1.02501097e+00-0.j
 -1.01631325e+00-0.j          9.36848181e-01-0.03133363j
  9.36848181e-01+0.03133363j -1.01631325e+00-0.j
 -7.86908785e-01-0.06826241j -7.77389197e-01-0.j
 -8.99888463e-01+0.j         -8.85974674e-01-0.06791069j
 -8.87626904e-01+0.j         -7.86908785e-01+0.06826241j
 -7.86908785e-01+0.06826241j -8.85974674e-01-0.06791069j
 -1.00212442e+00-0.j         -1.00212442e+00-0.j
 -8.85974674e-01+0.06791069j -9.90204241e-01+0.j
 -8.85974674e-01+0.06791069j -9.90204241e-01+0.j
 -9.86780576e-01+0.j         -8.89604052e-01+0.j
 -9.20441162e-01-0.j         -9.73472770e-01-0.j
 -9.86780576e-01-0.j         -9.83037315e-01+0.j
  7.50784903e-01-0.06528142j -9.65300775e-01-0.j
  7.50784903e-01+0.06528142j  7.50784903e-01+0.06528142j
  9.77741899e-01+0.j          7.50784903e-01-0.06528142j
  7.64842354e-01+0.j         -9.65300775e-01+0.j
  9.57523026e-01+0.j         -9.83037315e-01-0.j
  9.57523026e-01+0.j         -9.47308186e-01-0.j
  8.17900534e-01-0.j          8.48690998e-01-0.j
  9.37743810e-01-0.j          8.87164454e-01+0.j
  8.87164454e-01+0.j          9.03535654e-01+0.j
  9.03535654e-01-0.j          9.37743810e-01+0.j
  7.85560079e-01+0.j          8.64474593e-01+0.j
  8.64474593e-01-0.j          7.79132709e-01-0.j
  9.18628346e-01+0.j          8.53998037e-01-0.j
  8.53998037e-01+0.j          9.18628346e-01+0.j
  8.37004343e-01+0.j          8.37004343e-01+0.j
  7.79132709e-01-0.j          9.13267464e-01-0.j
  9.13267464e-01-0.j          7.85560079e-01-0.j
 -9.47308186e-01+0.j         -9.26874640e-01+0.j
  9.31887726e-01-0.j          8.14480176e-01-0.j
  9.31887726e-01-0.j          8.14480176e-01-0.j
 -9.09703975e-01+0.j         -9.09703975e-01+0.j
  8.17317144e-01-0.j          9.31007443e-01+0.j
  8.17317144e-01+0.j          9.31007443e-01-0.j
 -9.26874640e-01+0.j          7.07731901e-01-0.j
 -7.02145749e-01+0.10044707j -7.02145749e-01-0.10044707j
 -7.86908785e-01-0.06826241j -8.58972698e-01-0.j
 -8.45088808e-01-0.j         -8.46999060e-01+0.j
 -8.78831186e-01+0.j         -8.89604052e-01+0.j
  6.83295427e-01-0.j          6.78642358e-01+0.j
  7.07731901e-01-0.j          6.78642358e-01-0.j
 -7.02145749e-01-0.10044707j -7.02145749e-01+0.10044707j
 -7.18084081e-01+0.j         -7.41726864e-01-0.j
 -9.20441162e-01+0.j         -7.79603019e-01-0.j
 -8.14519872e-01+0.j         -8.14519872e-01+0.j
 -7.79603019e-01+0.j         -8.45088808e-01+0.j
 -8.78831186e-01+0.j         -8.46999060e-01+0.j
 -8.58972698e-01-0.j          8.48690998e-01+0.j
  7.64842354e-01-0.j          6.11147565e-01-0.j
  5.94654545e-01-0.j          6.56338713e-01-0.j
  6.56338713e-01-0.j          6.83295427e-01+0.j
  6.32826907e-01-0.j          6.31755602e-01-0.j
 -6.09403494e-01-0.j         -9.73472770e-01-0.j
  6.27368530e-01-0.j         -6.99670453e-01+0.j
 -7.05598468e-01-0.j         -7.32109818e-01+0.j
 -7.41726864e-01+0.j         -7.05598468e-01+0.j
 -7.32109818e-01+0.j          6.27368530e-01+0.j
 -6.94947657e-01-0.j         -6.94947657e-01-0.j
  5.72562121e-01-0.j          6.10891043e-01-0.j
 -6.91684290e-01-0.j          5.91807695e-01+0.j
  5.91807695e-01+0.j          6.31755602e-01+0.j
  6.32826907e-01-0.j          5.12069022e-01+0.j
  5.55938701e-01+0.j          6.10891043e-01-0.j
  5.76277850e-01-0.j          5.76277850e-01-0.j
 -7.18084081e-01+0.j         -6.73264992e-01-0.j
 -6.59310635e-01+0.j         -5.58347964e-01-0.j
 -5.58347964e-01-0.j         -6.86477887e-01-0.j
 -6.84362670e-01-0.j         -5.99876602e-01-0.j
 -6.51991494e-01+0.j         -6.62067016e-01+0.j
 -6.20314879e-01-0.j         -6.20314879e-01+0.j
 -6.62067016e-01+0.j         -6.79647332e-01+0.j
 -6.79647332e-01-0.j         -5.99876602e-01-0.j
 -6.51991494e-01-0.j          4.75140213e-01+0.05007322j
  4.75140213e-01-0.05007322j  4.75140213e-01+0.05007322j
  4.75140213e-01-0.05007322j -4.95361888e-01-0.j
 -4.80050469e-01-0.j          5.72562121e-01-0.j
 -5.15838823e-01+0.j         -5.15838823e-01-0.j
  5.55938701e-01-0.j          5.02917813e-01+0.j
  5.51730096e-01-0.j          5.51730096e-01+0.j
 -6.99670453e-01-0.j          5.02917813e-01+0.j
  5.37004403e-01+0.j          5.37004403e-01+0.j
 -6.91684290e-01+0.j         -6.59310635e-01+0.j
  5.42148057e-01-0.j         -4.87023069e-01+0.j
  4.90898335e-01+0.j          5.38420814e-01-0.j
  4.90898335e-01+0.j          5.38420814e-01-0.j
  5.42148057e-01-0.j         -6.84362670e-01+0.j
 -6.86477887e-01+0.j         -4.87023069e-01+0.j
 -6.73264992e-01-0.j         -4.39434262e-01+0.05089258j
 -4.39434262e-01-0.05089258j -4.39434262e-01+0.05089258j
 -4.39434262e-01-0.05089258j -4.95361888e-01+0.j
 -4.32301040e-01-0.j         -4.32301040e-01-0.j
 -4.80050469e-01-0.j         -4.80666520e-01-0.j
 -4.51817899e-01-0.j         -4.51817899e-01-0.j
 -4.80666520e-01-0.j          4.03024212e-01+0.j
  3.90918447e-01-0.j          4.18180638e-01+0.j
  4.81171180e-01+0.j          4.69832773e-01+0.j
  4.81171180e-01+0.j          4.69832773e-01+0.j
  3.37661349e-01-0.j          3.68844361e-01-0.j
  3.68844361e-01-0.j          3.37661349e-01+0.j
  3.90918447e-01+0.j          4.18180638e-01-0.j
  4.62134855e-01-0.j          4.63733347e-01-0.j
  3.59650197e-01+0.j          4.36338646e-01-0.j
  4.38602879e-01-0.j          3.48364052e-01+0.j
  3.48364052e-01+0.j          4.36338646e-01-0.j
  4.38602879e-01-0.j          3.59650197e-01+0.j
  4.63733347e-01+0.j          4.31144492e-01+0.j
  4.31144492e-01+0.j          4.62134855e-01+0.j
 -3.61599979e-01+0.j         -3.88241352e-01+0.j
 -3.70125778e-01-0.j          2.95708970e-01+0.j
  2.73972950e-01-0.j          2.73972950e-01+0.j
 -3.82958324e-01+0.j         -3.87808846e-01+0.j
 -3.82958324e-01+0.j         -3.87808846e-01+0.j
 -3.88241352e-01-0.j         -3.70125778e-01-0.j
  3.11909304e-02-0.0652445j   3.11909304e-02+0.0652445j
 -3.12237218e-01-0.j         -1.63481577e-01-0.06335101j
 -1.63481577e-01+0.06335101j -1.63481577e-01+0.06335101j
 -3.17705552e-01+0.03060033j -2.64063518e-01-0.04964229j
 -2.64063518e-01-0.04964229j -2.64063518e-01+0.04964229j
 -2.64063518e-01+0.04964229j -3.17705552e-01-0.03060033j
 -1.63481577e-01-0.06335101j -3.17705552e-01-0.03060033j
 -3.17705552e-01+0.03060033j -3.01022147e-01-0.0383608j
 -3.01022147e-01+0.0383608j  -3.01022147e-01+0.0383608j
 -3.01022147e-01-0.0383608j   2.95708970e-01-0.j
  2.90981327e-01+0.j          2.89359575e-01+0.j
  2.89359575e-01+0.j          2.54078130e-01+0.j
  2.90981327e-01+0.j          2.54078130e-01-0.j
 -2.97387415e-01-0.03541549j  1.78276625e-01+0.03841045j
  1.78276625e-01+0.03841045j  1.78276625e-01-0.03841045j
  1.78276625e-01-0.03841045j -2.97387415e-01-0.03541549j
  2.51073639e-01-0.j         -2.97387415e-01+0.03541549j
 -2.97387415e-01+0.03541549j  1.22910906e-01+0.j
  2.92517370e-01+0.j          2.92517370e-01+0.j
  2.51073639e-01-0.j          1.83796145e-01+0.j
  2.18774176e-01+0.j          2.18774176e-01+0.j
  2.28251380e-01+0.j          2.28251380e-01-0.j
  1.58887966e-01+0.j          1.70045477e-01-0.j
  1.13953030e-01-0.j         -3.06771352e-01-0.j
 -3.06771352e-01+0.j          1.13953030e-01+0.j
  5.08913570e-02-0.01318863j  5.08913570e-02-0.01318863j
  5.08913570e-02+0.01318863j -2.95994252e-01-0.j
 -2.95994252e-01-0.j          5.08913570e-02+0.01318863j
  1.18753432e-01+0.j          1.18753432e-01+0.j
  1.63670492e-01+0.0175287j   1.96543757e-01+0.j
  1.63670492e-01-0.0175287j   1.63670492e-01-0.0175287j
  1.96543757e-01-0.j          1.63670492e-01+0.0175287j
  1.81388386e-01+0.j          1.81388386e-01+0.j
 -3.61599979e-01+0.j         -2.64041595e-01-0.j
  1.40017509e-02-0.j          1.70045477e-01-0.j
 -2.09762631e-01-0.j         -6.56032050e-02+0.j
 -2.64041595e-01-0.j         -2.48539232e-01+0.j
  1.58887966e-01+0.j         -1.94771352e-01-0.j
 -1.78493629e-01+0.j          2.09001389e-01-0.j
  2.09001389e-01-0.j         -1.39898247e-01-0.j
 -1.39898247e-01+0.j          1.95156765e-01+0.j
 -1.87418806e-01+0.j          3.22051476e-02-0.j
  3.22051476e-02-0.j          1.95156765e-01+0.j
 -1.87418806e-01-0.j         -1.69764267e-01-0.j
 -1.69764267e-01-0.j         -2.35900949e-01-0.j
 -2.35900949e-01-0.j         -2.14188487e-01-0.j
 -2.14188487e-01-0.j         -2.48539232e-01+0.j
 -1.94771352e-01-0.j         -2.45259473e-01+0.j
 -2.45259473e-01-0.j         -2.42326464e-01-0.j
 -2.44692494e-01+0.j         -2.44692494e-01-0.j
 -2.42326464e-01+0.j         -2.01293630e-01-0.j
 -2.01293630e-01-0.j         -1.78493629e-01+0.j
 -1.20532637e-01+0.j         -1.20532637e-01-0.j
 -1.09799777e-01+0.j         -7.31574087e-02-0.j
 -1.14873462e-01-0.j         -1.09799777e-01-0.j
 -1.14873462e-01-0.j         -1.13866819e-01+0.j
 -1.13866819e-01-0.j          2.03317091e-02-0.j
 -7.31574087e-02+0.j          2.07695328e-02-0.j
  2.07695328e-02-0.j          2.03317091e-02+0.j
 -5.47437699e-02-0.j         -5.47437699e-02+0.j
 -1.94844409e-02-0.j         -1.94844409e-02+0.j
 -3.12768554e-02+0.j         -3.12768554e-02-0.j
 -2.02476461e-02+0.j         -2.02476461e-02-0.j
 -5.70966800e-04-0.j         -2.33123700e-04-0.j
 -2.33123700e-04+0.j          5.79305100e-04+0.j
  5.79305100e-04+0.j         -5.70966800e-04+0.j
 -4.82635846e-02+0.j         -4.82635846e-02-0.j
 -4.63158641e-02+0.j         -4.22082402e-02+0.j
 -4.22082402e-02-0.j         -4.63158641e-02+0.j
 -3.85778684e-02+0.j         -3.85778684e-02+0.j
 -4.09936436e-02+0.j         -4.09936436e-02-0.j
