Requirement already satisfied: imageio in /home/users/dylan24/.local/lib/python3.9/site-packages (2.31.1)
Requirement already satisfied: numpy in /share/software/user/open/py-numpy/1.24.2_py39/lib/python3.9/site-packages (from imageio) (1.24.2)
Requirement already satisfied: pillow>=8.3.2 in /share/software/user/open/py-matplotlib/3.7.1_py39/lib/python3.9/site-packages (from imageio) (9.5.0)
L=10,Delta_1=1.50,Delta_2=0.00,g = 0.20
Time taken to get left and right eigenvectors: 0.157
run: 0
run: 1
run: 2
run: 3
run: 4
run: 5
run: 6
run: 7
run: 8
run: 9
run: 10
run: 11
run: 12
run: 13
run: 14
run: 15
run: 16
run: 17
run: 18
run: 19
run: 20
run: 21
run: 22
run: 23
run: 24
run: 25
run: 26
run: 27
run: 28
run: 29
run: 30
run: 31
run: 32
run: 33
run: 34
run: 35
run: 36
run: 37
run: 38
run: 39
run: 40
run: 41
run: 42
run: 43
run: 44
run: 45
run: 46
run: 47
run: 48
run: 49
run: 50
run: 51
run: 52
run: 53
run: 54
run: 55
run: 56
run: 57
run: 58
run: 59
run: 60
run: 61
run: 62
run: 63
run: 64
run: 65
run: 66
run: 67
run: 68
run: 69
run: 70
run: 71
run: 72
run: 73
run: 74
run: 75
run: 76
run: 77
run: 78
run: 79
run: 80
run: 81
run: 82
run: 83
run: 84
run: 85
run: 86
run: 87
run: 88
run: 89
run: 90
run: 91
run: 92
run: 93
run: 94
run: 95
run: 96
run: 97
run: 98
run: 99
run: 100
run: 101
run: 102
run: 103
run: 104
run: 105
run: 106
run: 107
run: 108
run: 109
run: 110
run: 111
run: 112
run: 113
run: 114
run: 115
run: 116
run: 117
run: 118
run: 119
run: 120
run: 121
run: 122
run: 123
run: 124
run: 125
run: 126
run: 127
run: 128
run: 129
run: 130
run: 131
run: 132
run: 133
run: 134
run: 135
run: 136
run: 137
run: 138
run: 139
run: 140
run: 141
run: 142
run: 143
run: 144
run: 145
run: 146
run: 147
run: 148
run: 149
run: 150
run: 151
run: 152
run: 153
run: 154
run: 155
run: 156
run: 157
run: 158
run: 159
run: 160
run: 161
run: 162
run: 163
run: 164
run: 165
run: 166
run: 167
run: 168
run: 169
run: 170
run: 171
run: 172
run: 173
run: 174
run: 175
run: 176
run: 177
run: 178
run: 179
run: 180
run: 181
run: 182
run: 183
run: 184
run: 185
run: 186
run: 187
run: 188
run: 189
run: 190
run: 191
run: 192
run: 193
run: 194
run: 195
run: 196
run: 197
run: 198
run: 199
Typicality time per run per time step: 0.040
L=12,Delta_1=1.50,Delta_2=0.00,g = 0.20
Time taken to get left and right eigenvectors: 3.042
run: 0
run: 1
run: 2
run: 3
run: 4
run: 5
run: 6
run: 7
run: 8
run: 9
run: 10
run: 11
run: 12
run: 13
run: 14
run: 15
run: 16
run: 17
run: 18
run: 19
run: 20
run: 21
run: 22
run: 23
run: 24
run: 25
run: 26
run: 27
run: 28
run: 29
run: 30
run: 31
run: 32
run: 33
run: 34
run: 35
run: 36
run: 37
run: 38
run: 39
run: 40
run: 41
run: 42
run: 43
run: 44
run: 45
run: 46
run: 47
run: 48
run: 49
run: 50
run: 51
run: 52
run: 53
run: 54
run: 55
run: 56
run: 57
run: 58
run: 59
run: 60
run: 61
run: 62
run: 63
run: 64
run: 65
run: 66
run: 67
run: 68
run: 69
run: 70
run: 71
run: 72
run: 73
run: 74
run: 75
run: 76
run: 77
run: 78
run: 79
run: 80
run: 81
run: 82
run: 83
run: 84
run: 85
run: 86
run: 87
run: 88
run: 89
run: 90
run: 91
run: 92
run: 93
run: 94
run: 95
run: 96
run: 97
run: 98
run: 99
run: 100
run: 101
run: 102
run: 103
run: 104
run: 105
run: 106
run: 107
run: 108
run: 109
run: 110
run: 111
run: 112
run: 113
run: 114
run: 115
run: 116
run: 117
run: 118
run: 119
run: 120
run: 121
run: 122
run: 123
run: 124
run: 125
run: 126
run: 127
run: 128
run: 129
run: 130
run: 131
run: 132
run: 133
run: 134
run: 135
run: 136
run: 137
run: 138
run: 139
run: 140
run: 141
run: 142
run: 143
run: 144
run: 145
run: 146
run: 147
run: 148
run: 149
run: 150
run: 151
run: 152
run: 153
run: 154
run: 155
run: 156
run: 157
run: 158
run: 159
run: 160
run: 161
run: 162
run: 163
run: 164
run: 165
run: 166
run: 167
run: 168
run: 169
run: 170
run: 171
run: 172
run: 173
run: 174
run: 175
run: 176
run: 177
run: 178
run: 179
run: 180
run: 181
run: 182
run: 183
run: 184
run: 185
run: 186
run: 187
run: 188
run: 189
run: 190
run: 191
run: 192
run: 193
run: 194
run: 195
run: 196
run: 197
run: 198
run: 199
Typicality time per run per time step: 0.059
L=14,Delta_1=1.50,Delta_2=0.00,g = 0.20
Time taken to get left and right eigenvectors: 119.623
run: 0
run: 1
run: 2
run: 3
run: 4
run: 5
run: 6
run: 7
run: 8
run: 9
run: 10
run: 11
run: 12
run: 13
run: 14
run: 15
run: 16
run: 17
run: 18
run: 19
run: 20
run: 21
run: 22
run: 23
run: 24
run: 25
run: 26
run: 27
run: 28
run: 29
run: 30
run: 31
run: 32
run: 33
run: 34
run: 35
run: 36
run: 37
run: 38
run: 39
run: 40
run: 41
run: 42
run: 43
run: 44
run: 45
run: 46
run: 47
run: 48
run: 49
run: 50
run: 51
run: 52
run: 53
run: 54
run: 55
run: 56
run: 57
run: 58
run: 59
run: 60
run: 61
run: 62
run: 63
run: 64
run: 65
run: 66
run: 67
run: 68
run: 69
run: 70
run: 71
run: 72
run: 73
run: 74
run: 75
run: 76
run: 77
run: 78
run: 79
run: 80
run: 81
run: 82
run: 83
run: 84
run: 85
run: 86
run: 87
run: 88
run: 89
run: 90
run: 91
run: 92
run: 93
run: 94
run: 95
run: 96
run: 97
run: 98
run: 99
run: 100
run: 101
run: 102
run: 103
run: 104
run: 105
run: 106
run: 107
run: 108
run: 109
run: 110
run: 111
run: 112
run: 113
run: 114
run: 115
run: 116
run: 117
run: 118
run: 119
run: 120
run: 121
run: 122
run: 123
run: 124
run: 125
run: 126
run: 127
run: 128
run: 129
run: 130
run: 131
run: 132
run: 133
run: 134
run: 135
run: 136
run: 137
run: 138
run: 139
run: 140
run: 141
run: 142
run: 143
run: 144
run: 145
run: 146
run: 147
run: 148
run: 149
run: 150
run: 151
run: 152
run: 153
run: 154
run: 155
run: 156
run: 157
run: 158
run: 159
run: 160
run: 161
run: 162
run: 163
run: 164
run: 165
run: 166
run: 167
run: 168
run: 169
run: 170
run: 171
run: 172
run: 173
run: 174
run: 175
run: 176
run: 177
run: 178
run: 179
run: 180
run: 181
run: 182
run: 183
run: 184
run: 185
run: 186
run: 187
run: 188
run: 189
run: 190
run: 191
run: 192
run: 193
run: 194
run: 195
run: 196
run: 197
run: 198
run: 199
Typicality time per run per time step: 0.344
L=10,Delta_1=1.50,Delta_2=0.00,g = 0.00
Time taken to get left and right eigenvectors: 0.156
run: 0
run: 1
run: 2
run: 3
run: 4
run: 5
run: 6
run: 7
run: 8
run: 9
run: 10
run: 11
run: 12
run: 13
run: 14
run: 15
run: 16
run: 17
run: 18
run: 19
run: 20
run: 21
run: 22
run: 23
run: 24
run: 25
run: 26
run: 27
run: 28
run: 29
run: 30
run: 31
run: 32
run: 33
run: 34
run: 35
run: 36
run: 37
run: 38
run: 39
run: 40
run: 41
run: 42
run: 43
run: 44
run: 45
run: 46
run: 47
run: 48
run: 49
run: 50
run: 51
run: 52
run: 53
run: 54
run: 55
run: 56
run: 57
run: 58
run: 59
run: 60
run: 61
run: 62
run: 63
run: 64
run: 65
run: 66
run: 67
run: 68
run: 69
run: 70
run: 71
run: 72
run: 73
run: 74
run: 75
run: 76
run: 77
run: 78
run: 79
run: 80
run: 81
run: 82
run: 83
run: 84
run: 85
run: 86
run: 87
run: 88
run: 89
run: 90
run: 91
run: 92
run: 93
run: 94
run: 95
run: 96
run: 97
run: 98
run: 99
run: 100
run: 101
run: 102
run: 103
run: 104
run: 105
run: 106
run: 107
run: 108
run: 109
run: 110
run: 111
run: 112
run: 113
run: 114
run: 115
run: 116
run: 117
run: 118
run: 119
run: 120
run: 121
run: 122
run: 123
run: 124
run: 125
run: 126
run: 127
run: 128
run: 129
run: 130
run: 131
run: 132
run: 133
run: 134
run: 135
run: 136
run: 137
run: 138
run: 139
run: 140
run: 141
run: 142
run: 143
run: 144
run: 145
run: 146
run: 147
run: 148
run: 149
run: 150
run: 151
run: 152
run: 153
run: 154
run: 155
run: 156
run: 157
run: 158
run: 159
run: 160
run: 161
run: 162
run: 163
run: 164
run: 165
run: 166
run: 167
run: 168
run: 169
run: 170
run: 171
run: 172
run: 173
run: 174
run: 175
run: 176
run: 177
run: 178
run: 179
run: 180
run: 181
run: 182
run: 183
run: 184
run: 185
run: 186
run: 187
run: 188
run: 189
run: 190
run: 191
run: 192
run: 193
run: 194
run: 195
run: 196
run: 197
run: 198
run: 199
Typicality time per run per time step: 0.049
L=12,Delta_1=1.50,Delta_2=0.00,g = 0.00
Time taken to get left and right eigenvectors: 2.907
run: 0
run: 1
run: 2
run: 3
run: 4
run: 5
run: 6
run: 7
run: 8
run: 9
run: 10
run: 11
run: 12
run: 13
run: 14
run: 15
run: 16
run: 17
run: 18
run: 19
run: 20
run: 21
run: 22
run: 23
run: 24
run: 25
run: 26
run: 27
run: 28
run: 29
run: 30
run: 31
run: 32
run: 33
run: 34
run: 35
run: 36
run: 37
run: 38
run: 39
run: 40
run: 41
run: 42
run: 43
run: 44
run: 45
run: 46
run: 47
run: 48
run: 49
run: 50
run: 51
run: 52
run: 53
run: 54
run: 55
run: 56
run: 57
run: 58
run: 59
run: 60
run: 61
run: 62
run: 63
run: 64
run: 65
run: 66
run: 67
run: 68
run: 69
run: 70
run: 71
run: 72
run: 73
run: 74
run: 75
run: 76
run: 77
run: 78
run: 79
run: 80
run: 81
run: 82
run: 83
run: 84
run: 85
run: 86
run: 87
run: 88
run: 89
run: 90
run: 91
run: 92
run: 93
run: 94
run: 95
run: 96
run: 97
run: 98
run: 99
run: 100
run: 101
run: 102
run: 103
run: 104
run: 105
run: 106
run: 107
run: 108
run: 109
run: 110
run: 111
run: 112
run: 113
run: 114
run: 115
run: 116
run: 117
run: 118
run: 119
run: 120
run: 121
run: 122
run: 123
run: 124
run: 125
run: 126
run: 127
run: 128
run: 129
run: 130
run: 131
run: 132
run: 133
run: 134
run: 135
run: 136
run: 137
run: 138
run: 139
run: 140
run: 141
run: 142
run: 143
run: 144
run: 145
run: 146
run: 147
run: 148
run: 149
run: 150
run: 151
run: 152
run: 153
run: 154
run: 155
run: 156
run: 157
run: 158
run: 159
run: 160
run: 161
run: 162
run: 163
run: 164
run: 165
run: 166
run: 167
run: 168
run: 169
run: 170
run: 171
run: 172
run: 173
run: 174
run: 175
run: 176
run: 177
run: 178
run: 179
run: 180
run: 181
run: 182
run: 183
run: 184
run: 185
run: 186
run: 187
run: 188
run: 189
run: 190
run: 191
run: 192
run: 193
run: 194
run: 195
run: 196
run: 197
run: 198
run: 199
Typicality time per run per time step: 0.070
L=14,Delta_1=1.50,Delta_2=0.00,g = 0.00
Time taken to get left and right eigenvectors: 120.779
run: 0
run: 1
run: 2
run: 3
run: 4
run: 5
run: 6
run: 7
run: 8
run: 9
run: 10
run: 11
run: 12
run: 13
run: 14
run: 15
run: 16
run: 17
run: 18
run: 19
run: 20
run: 21
run: 22
run: 23
run: 24
run: 25
run: 26
run: 27
run: 28
run: 29
run: 30
run: 31
run: 32
run: 33
run: 34
run: 35
run: 36
run: 37
run: 38
run: 39
run: 40
run: 41
run: 42
run: 43
run: 44
run: 45
run: 46
run: 47
run: 48
run: 49
run: 50
run: 51
run: 52
run: 53
run: 54
run: 55
run: 56
run: 57
run: 58
run: 59
run: 60
run: 61
run: 62
run: 63
run: 64
run: 65
run: 66
run: 67
run: 68
run: 69
run: 70
run: 71
run: 72
run: 73
run: 74
run: 75
run: 76
run: 77
run: 78
run: 79
run: 80
run: 81
run: 82
run: 83
run: 84
run: 85
run: 86
run: 87
run: 88
run: 89
run: 90
run: 91
run: 92
run: 93
run: 94
run: 95
run: 96
run: 97
run: 98
run: 99
run: 100
run: 101
run: 102
run: 103
run: 104
run: 105
run: 106
run: 107
run: 108
run: 109
run: 110
run: 111
run: 112
run: 113
run: 114
run: 115
run: 116
run: 117
run: 118
run: 119
run: 120
run: 121
run: 122
run: 123
run: 124
run: 125
run: 126
run: 127
run: 128
run: 129
run: 130
run: 131
run: 132
run: 133
run: 134
run: 135
run: 136
run: 137
run: 138
run: 139
run: 140
run: 141
run: 142
run: 143
run: 144
run: 145
run: 146
run: 147
run: 148
run: 149
run: 150
run: 151
run: 152
run: 153
run: 154
run: 155
run: 156
run: 157
run: 158
run: 159
run: 160
run: 161
run: 162
run: 163
run: 164
run: 165
run: 166
run: 167
run: 168
run: 169
run: 170
run: 171
run: 172
run: 173
run: 174
run: 175
run: 176
run: 177
run: 178
run: 179
run: 180
run: 181
run: 182
run: 183
run: 184
run: 185
run: 186
run: 187
run: 188
run: 189
run: 190
run: 191
run: 192
run: 193
run: 194
run: 195
run: 196
run: 197
run: 198
run: 199
Typicality time per run per time step: 0.369
